{"\\\\ckik-pdc\\Diakok\\2021_B\\detari.viktoria\\Vizsgaremek_Lilla_Viki\\Backend\\app.js": {"path":"\\\\ckik-pdc\\Diakok\\2021_B\\detari.viktoria\\Vizsgaremek_Lilla_Viki\\Backend\\app.js","statementMap":{"0":{"start":{"line":1,"column":16},"end":{"line":1,"column":34}},"1":{"start":{"line":2,"column":13},"end":{"line":2,"column":28}},"2":{"start":{"line":3,"column":21},"end":{"line":3,"column":45}},"3":{"start":{"line":4,"column":13},"end":{"line":4,"column":28}},"4":{"start":{"line":5,"column":18},"end":{"line":5,"column":47}},"5":{"start":{"line":6,"column":21},"end":{"line":6,"column":45}},"6":{"start":{"line":7,"column":11},"end":{"line":7,"column":33}},"7":{"start":{"line":9,"column":12},"end":{"line":9,"column":21}},"8":{"start":{"line":11,"column":23},"end":{"line":72,"column":1}},"9":{"start":{"line":74,"column":20},"end":{"line":74,"column":48}},"10":{"start":{"line":75,"column":0},"end":{"line":75,"column":68}},"11":{"start":{"line":78,"column":0},"end":{"line":87,"column":4}},"12":{"start":{"line":80,"column":4},"end":{"line":84,"column":5}},"13":{"start":{"line":81,"column":6},"end":{"line":81,"column":27}},"14":{"start":{"line":83,"column":6},"end":{"line":83,"column":49}},"15":{"start":{"line":88,"column":0},"end":{"line":88,"column":24}},"16":{"start":{"line":89,"column":0},"end":{"line":89,"column":48}},"17":{"start":{"line":90,"column":0},"end":{"line":90,"column":24}},"18":{"start":{"line":93,"column":0},"end":{"line":93,"column":85}},"19":{"start":{"line":94,"column":0},"end":{"line":94,"column":84}},"20":{"start":{"line":98,"column":19},"end":{"line":98,"column":53}},"21":{"start":{"line":99,"column":22},"end":{"line":99,"column":59}},"22":{"start":{"line":100,"column":21},"end":{"line":100,"column":57}},"23":{"start":{"line":101,"column":25},"end":{"line":101,"column":65}},"24":{"start":{"line":102,"column":24},"end":{"line":102,"column":63}},"25":{"start":{"line":103,"column":25},"end":{"line":103,"column":65}},"26":{"start":{"line":104,"column":24},"end":{"line":104,"column":63}},"27":{"start":{"line":105,"column":22},"end":{"line":105,"column":59}},"28":{"start":{"line":106,"column":21},"end":{"line":106,"column":57}},"29":{"start":{"line":107,"column":21},"end":{"line":107,"column":57}},"30":{"start":{"line":108,"column":19},"end":{"line":108,"column":47}},"31":{"start":{"line":109,"column":27},"end":{"line":109,"column":69}},"32":{"start":{"line":110,"column":20},"end":{"line":110,"column":55}},"33":{"start":{"line":113,"column":0},"end":{"line":113,"column":30}},"34":{"start":{"line":114,"column":0},"end":{"line":114,"column":33}},"35":{"start":{"line":115,"column":0},"end":{"line":115,"column":36}},"36":{"start":{"line":116,"column":0},"end":{"line":116,"column":35}},"37":{"start":{"line":117,"column":0},"end":{"line":117,"column":43}},"38":{"start":{"line":118,"column":0},"end":{"line":118,"column":40}},"39":{"start":{"line":119,"column":0},"end":{"line":119,"column":41}},"40":{"start":{"line":120,"column":0},"end":{"line":120,"column":39}},"41":{"start":{"line":121,"column":0},"end":{"line":121,"column":37}},"42":{"start":{"line":122,"column":0},"end":{"line":122,"column":33}},"43":{"start":{"line":123,"column":0},"end":{"line":123,"column":29}},"44":{"start":{"line":124,"column":0},"end":{"line":124,"column":46}},"45":{"start":{"line":125,"column":0},"end":{"line":125,"column":33}},"46":{"start":{"line":126,"column":0},"end":{"line":126,"column":33}},"47":{"start":{"line":128,"column":0},"end":{"line":130,"column":3}},"48":{"start":{"line":129,"column":2},"end":{"line":129,"column":95}},"49":{"start":{"line":132,"column":0},"end":{"line":134,"column":3}},"50":{"start":{"line":133,"column":2},"end":{"line":133,"column":89}},"51":{"start":{"line":136,"column":21},"end":{"line":136,"column":62}},"52":{"start":{"line":137,"column":0},"end":{"line":137,"column":22}},"53":{"start":{"line":139,"column":0},"end":{"line":139,"column":21}}},"fnMap":{"0":{"name":"(anonymous_0)","decl":{"start":{"line":79,"column":10},"end":{"line":79,"column":11}},"loc":{"start":{"line":79,"column":32},"end":{"line":85,"column":3}},"line":79},"1":{"name":"(anonymous_1)","decl":{"start":{"line":128,"column":13},"end":{"line":128,"column":14}},"loc":{"start":{"line":128,"column":27},"end":{"line":130,"column":1}},"line":128},"2":{"name":"(anonymous_2)","decl":{"start":{"line":132,"column":8},"end":{"line":132,"column":9}},"loc":{"start":{"line":132,"column":28},"end":{"line":134,"column":1}},"line":132}},"branchMap":{"0":{"loc":{"start":{"line":80,"column":4},"end":{"line":84,"column":5}},"type":"if","locations":[{"start":{"line":80,"column":4},"end":{"line":84,"column":5}},{"start":{"line":82,"column":11},"end":{"line":84,"column":5}}],"line":80},"1":{"loc":{"start":{"line":80,"column":8},"end":{"line":80,"column":99}},"type":"binary-expr","locations":[{"start":{"line":80,"column":8},"end":{"line":80,"column":15}},{"start":{"line":80,"column":19},"end":{"line":80,"column":57}},{"start":{"line":80,"column":61},"end":{"line":80,"column":99}}],"line":80}},"s":{"0":12,"1":12,"2":12,"3":12,"4":12,"5":12,"6":12,"7":12,"8":12,"9":12,"10":12,"11":12,"12":66,"13":66,"14":0,"15":12,"16":12,"17":12,"18":12,"19":12,"20":12,"21":12,"22":12,"23":12,"24":12,"25":12,"26":12,"27":12,"28":12,"29":12,"30":12,"31":12,"32":12,"33":12,"34":12,"35":12,"36":12,"37":12,"38":12,"39":12,"40":12,"41":12,"42":12,"43":12,"44":12,"45":12,"46":12,"47":12,"48":0,"49":12,"50":0,"51":12,"52":12,"53":12},"f":{"0":66,"1":0,"2":0},"b":{"0":[66,0],"1":[66,0,0]},"_coverageSchema":"1a1c01bbd47fc00a2c39e90264f33305004495a9","hash":"20d5f7b76f768a5f6b375bfc1709aff213d5b7e9"}
,"\\\\ckik-pdc\\Diakok\\2021_B\\detari.viktoria\\Vizsgaremek_Lilla_Viki\\Backend\\api\\controllers\\ajandekController.js": {"path":"\\\\ckik-pdc\\Diakok\\2021_B\\detari.viktoria\\Vizsgaremek_Lilla_Viki\\Backend\\api\\controllers\\ajandekController.js","statementMap":{"0":{"start":{"line":1,"column":23},"end":{"line":1,"column":60}},"1":{"start":{"line":2,"column":11},"end":{"line":2,"column":37}},"2":{"start":{"line":4,"column":0},"end":{"line":12,"column":2}},"3":{"start":{"line":5,"column":2},"end":{"line":11,"column":3}},"4":{"start":{"line":6,"column":22},"end":{"line":6,"column":51}},"5":{"start":{"line":7,"column":4},"end":{"line":7,"column":24}},"6":{"start":{"line":9,"column":4},"end":{"line":9,"column":59}},"7":{"start":{"line":10,"column":4},"end":{"line":10,"column":51}},"8":{"start":{"line":14,"column":0},"end":{"line":26,"column":2}},"9":{"start":{"line":15,"column":17},"end":{"line":15,"column":27}},"10":{"start":{"line":16,"column":2},"end":{"line":25,"column":3}},"11":{"start":{"line":17,"column":20},"end":{"line":17,"column":52}},"12":{"start":{"line":18,"column":4},"end":{"line":18,"column":22}},"13":{"start":{"line":20,"column":4},"end":{"line":22,"column":5}},"14":{"start":{"line":21,"column":6},"end":{"line":21,"column":62}},"15":{"start":{"line":23,"column":4},"end":{"line":23,"column":57}},"16":{"start":{"line":24,"column":4},"end":{"line":24,"column":51}},"17":{"start":{"line":28,"column":0},"end":{"line":36,"column":2}},"18":{"start":{"line":29,"column":2},"end":{"line":35,"column":3}},"19":{"start":{"line":30,"column":20},"end":{"line":30,"column":57}},"20":{"start":{"line":31,"column":4},"end":{"line":31,"column":34}},"21":{"start":{"line":33,"column":4},"end":{"line":33,"column":60}},"22":{"start":{"line":34,"column":4},"end":{"line":34,"column":51}},"23":{"start":{"line":38,"column":0},"end":{"line":50,"column":2}},"24":{"start":{"line":39,"column":17},"end":{"line":39,"column":27}},"25":{"start":{"line":40,"column":2},"end":{"line":49,"column":3}},"26":{"start":{"line":41,"column":4},"end":{"line":41,"column":46}},"27":{"start":{"line":42,"column":4},"end":{"line":42,"column":47}},"28":{"start":{"line":44,"column":4},"end":{"line":46,"column":5}},"29":{"start":{"line":45,"column":6},"end":{"line":45,"column":62}},"30":{"start":{"line":47,"column":4},"end":{"line":47,"column":59}},"31":{"start":{"line":48,"column":4},"end":{"line":48,"column":51}},"32":{"start":{"line":52,"column":0},"end":{"line":64,"column":2}},"33":{"start":{"line":53,"column":17},"end":{"line":53,"column":27}},"34":{"start":{"line":54,"column":2},"end":{"line":63,"column":3}},"35":{"start":{"line":55,"column":4},"end":{"line":55,"column":36}},"36":{"start":{"line":56,"column":4},"end":{"line":56,"column":45}},"37":{"start":{"line":58,"column":4},"end":{"line":60,"column":5}},"38":{"start":{"line":59,"column":6},"end":{"line":59,"column":62}},"39":{"start":{"line":61,"column":4},"end":{"line":61,"column":56}},"40":{"start":{"line":62,"column":4},"end":{"line":62,"column":51}},"41":{"start":{"line":67,"column":0},"end":{"line":87,"column":2}},"42":{"start":{"line":68,"column":25},"end":{"line":68,"column":35}},"43":{"start":{"line":69,"column":2},"end":{"line":86,"column":3}},"44":{"start":{"line":70,"column":23},"end":{"line":70,"column":53}},"45":{"start":{"line":71,"column":22},"end":{"line":81,"column":6}},"46":{"start":{"line":82,"column":4},"end":{"line":82,"column":24}},"47":{"start":{"line":84,"column":4},"end":{"line":84,"column":75}},"48":{"start":{"line":85,"column":4},"end":{"line":85,"column":51}},"49":{"start":{"line":90,"column":0},"end":{"line":110,"column":2}},"50":{"start":{"line":91,"column":24},"end":{"line":91,"column":34}},"51":{"start":{"line":92,"column":2},"end":{"line":109,"column":3}},"52":{"start":{"line":93,"column":23},"end":{"line":93,"column":52}},"53":{"start":{"line":94,"column":22},"end":{"line":104,"column":6}},"54":{"start":{"line":105,"column":4},"end":{"line":105,"column":24}},"55":{"start":{"line":107,"column":4},"end":{"line":107,"column":74}},"56":{"start":{"line":108,"column":4},"end":{"line":108,"column":51}},"57":{"start":{"line":113,"column":0},"end":{"line":133,"column":2}},"58":{"start":{"line":114,"column":28},"end":{"line":114,"column":38}},"59":{"start":{"line":115,"column":2},"end":{"line":132,"column":3}},"60":{"start":{"line":116,"column":23},"end":{"line":116,"column":56}},"61":{"start":{"line":117,"column":22},"end":{"line":127,"column":6}},"62":{"start":{"line":128,"column":4},"end":{"line":128,"column":24}},"63":{"start":{"line":130,"column":4},"end":{"line":130,"column":78}},"64":{"start":{"line":131,"column":4},"end":{"line":131,"column":51}}},"fnMap":{"0":{"name":"(anonymous_0)","decl":{"start":{"line":4,"column":23},"end":{"line":4,"column":24}},"loc":{"start":{"line":4,"column":43},"end":{"line":12,"column":1}},"line":4},"1":{"name":"(anonymous_1)","decl":{"start":{"line":14,"column":25},"end":{"line":14,"column":26}},"loc":{"start":{"line":14,"column":45},"end":{"line":26,"column":1}},"line":14},"2":{"name":"(anonymous_2)","decl":{"start":{"line":28,"column":24},"end":{"line":28,"column":25}},"loc":{"start":{"line":28,"column":44},"end":{"line":36,"column":1}},"line":28},"3":{"name":"(anonymous_3)","decl":{"start":{"line":38,"column":24},"end":{"line":38,"column":25}},"loc":{"start":{"line":38,"column":44},"end":{"line":50,"column":1}},"line":38},"4":{"name":"(anonymous_4)","decl":{"start":{"line":52,"column":24},"end":{"line":52,"column":25}},"loc":{"start":{"line":52,"column":44},"end":{"line":64,"column":1}},"line":52},"5":{"name":"(anonymous_5)","decl":{"start":{"line":67,"column":32},"end":{"line":67,"column":33}},"loc":{"start":{"line":67,"column":52},"end":{"line":87,"column":1}},"line":67},"6":{"name":"(anonymous_6)","decl":{"start":{"line":90,"column":31},"end":{"line":90,"column":32}},"loc":{"start":{"line":90,"column":51},"end":{"line":110,"column":1}},"line":90},"7":{"name":"(anonymous_7)","decl":{"start":{"line":113,"column":35},"end":{"line":113,"column":36}},"loc":{"start":{"line":113,"column":55},"end":{"line":133,"column":1}},"line":113}},"branchMap":{"0":{"loc":{"start":{"line":20,"column":4},"end":{"line":22,"column":5}},"type":"if","locations":[{"start":{"line":20,"column":4},"end":{"line":22,"column":5}},{"start":{},"end":{}}],"line":20},"1":{"loc":{"start":{"line":44,"column":4},"end":{"line":46,"column":5}},"type":"if","locations":[{"start":{"line":44,"column":4},"end":{"line":46,"column":5}},{"start":{},"end":{}}],"line":44},"2":{"loc":{"start":{"line":58,"column":4},"end":{"line":60,"column":5}},"type":"if","locations":[{"start":{"line":58,"column":4},"end":{"line":60,"column":5}},{"start":{},"end":{}}],"line":58}},"s":{"0":12,"1":12,"2":12,"3":1,"4":1,"5":1,"6":0,"7":0,"8":12,"9":2,"10":2,"11":2,"12":1,"13":1,"14":1,"15":0,"16":0,"17":12,"18":1,"19":1,"20":1,"21":0,"22":0,"23":12,"24":2,"25":2,"26":2,"27":1,"28":1,"29":1,"30":0,"31":0,"32":12,"33":2,"34":2,"35":2,"36":1,"37":1,"38":1,"39":0,"40":0,"41":12,"42":1,"43":1,"44":1,"45":1,"46":1,"47":0,"48":0,"49":12,"50":1,"51":1,"52":1,"53":1,"54":1,"55":0,"56":0,"57":12,"58":1,"59":1,"60":1,"61":1,"62":1,"63":0,"64":0},"f":{"0":1,"1":2,"2":1,"3":2,"4":2,"5":1,"6":1,"7":1},"b":{"0":[1,0],"1":[1,0],"2":[1,0]},"_coverageSchema":"1a1c01bbd47fc00a2c39e90264f33305004495a9","hash":"2da9d11904f2e47b0a45fcfd802f0d08c0a11cdd"}
,"\\\\ckik-pdc\\Diakok\\2021_B\\detari.viktoria\\Vizsgaremek_Lilla_Viki\\Backend\\api\\controllers\\alkalomController.js": {"path":"\\\\ckik-pdc\\Diakok\\2021_B\\detari.viktoria\\Vizsgaremek_Lilla_Viki\\Backend\\api\\controllers\\alkalomController.js","statementMap":{"0":{"start":{"line":1,"column":11},"end":{"line":1,"column":37}},"1":{"start":{"line":3,"column":0},"end":{"line":11,"column":2}},"2":{"start":{"line":4,"column":2},"end":{"line":10,"column":3}},"3":{"start":{"line":5,"column":21},"end":{"line":5,"column":47}},"4":{"start":{"line":6,"column":4},"end":{"line":6,"column":23}},"5":{"start":{"line":8,"column":4},"end":{"line":8,"column":58}},"6":{"start":{"line":9,"column":4},"end":{"line":9,"column":51}},"7":{"start":{"line":13,"column":0},"end":{"line":20,"column":2}},"8":{"start":{"line":14,"column":2},"end":{"line":19,"column":3}},"9":{"start":{"line":15,"column":22},"end":{"line":15,"column":55}},"10":{"start":{"line":16,"column":4},"end":{"line":16,"column":36}},"11":{"start":{"line":18,"column":4},"end":{"line":18,"column":51}},"12":{"start":{"line":22,"column":0},"end":{"line":29,"column":2}},"13":{"start":{"line":23,"column":2},"end":{"line":28,"column":3}},"14":{"start":{"line":24,"column":4},"end":{"line":24,"column":63}},"15":{"start":{"line":25,"column":4},"end":{"line":25,"column":45}},"16":{"start":{"line":27,"column":4},"end":{"line":27,"column":51}}},"fnMap":{"0":{"name":"(anonymous_0)","decl":{"start":{"line":3,"column":22},"end":{"line":3,"column":23}},"loc":{"start":{"line":3,"column":42},"end":{"line":11,"column":1}},"line":3},"1":{"name":"(anonymous_1)","decl":{"start":{"line":13,"column":24},"end":{"line":13,"column":25}},"loc":{"start":{"line":13,"column":44},"end":{"line":20,"column":1}},"line":13},"2":{"name":"(anonymous_2)","decl":{"start":{"line":22,"column":24},"end":{"line":22,"column":25}},"loc":{"start":{"line":22,"column":44},"end":{"line":29,"column":1}},"line":22}},"branchMap":{},"s":{"0":12,"1":12,"2":1,"3":1,"4":1,"5":0,"6":0,"7":12,"8":1,"9":1,"10":1,"11":0,"12":12,"13":1,"14":1,"15":1,"16":0},"f":{"0":1,"1":1,"2":1},"b":{},"_coverageSchema":"1a1c01bbd47fc00a2c39e90264f33305004495a9","hash":"11117e90ad4b5662a83754300ade262fdc0c020b"}
,"\\\\ckik-pdc\\Diakok\\2021_B\\detari.viktoria\\Vizsgaremek_Lilla_Viki\\Backend\\api\\controllers\\celcsoportController.js": {"path":"\\\\ckik-pdc\\Diakok\\2021_B\\detari.viktoria\\Vizsgaremek_Lilla_Viki\\Backend\\api\\controllers\\celcsoportController.js","statementMap":{"0":{"start":{"line":1,"column":11},"end":{"line":1,"column":37}},"1":{"start":{"line":3,"column":0},"end":{"line":11,"column":2}},"2":{"start":{"line":4,"column":2},"end":{"line":10,"column":3}},"3":{"start":{"line":5,"column":25},"end":{"line":5,"column":54}},"4":{"start":{"line":6,"column":4},"end":{"line":6,"column":27}},"5":{"start":{"line":8,"column":4},"end":{"line":8,"column":61}},"6":{"start":{"line":9,"column":4},"end":{"line":9,"column":51}},"7":{"start":{"line":13,"column":0},"end":{"line":20,"column":2}},"8":{"start":{"line":14,"column":2},"end":{"line":19,"column":3}},"9":{"start":{"line":15,"column":25},"end":{"line":15,"column":61}},"10":{"start":{"line":16,"column":4},"end":{"line":16,"column":39}},"11":{"start":{"line":18,"column":4},"end":{"line":18,"column":51}},"12":{"start":{"line":22,"column":0},"end":{"line":29,"column":2}},"13":{"start":{"line":23,"column":2},"end":{"line":28,"column":3}},"14":{"start":{"line":24,"column":4},"end":{"line":24,"column":66}},"15":{"start":{"line":25,"column":4},"end":{"line":25,"column":48}},"16":{"start":{"line":27,"column":4},"end":{"line":27,"column":51}}},"fnMap":{"0":{"name":"(anonymous_0)","decl":{"start":{"line":3,"column":26},"end":{"line":3,"column":27}},"loc":{"start":{"line":3,"column":46},"end":{"line":11,"column":1}},"line":3},"1":{"name":"(anonymous_1)","decl":{"start":{"line":13,"column":27},"end":{"line":13,"column":28}},"loc":{"start":{"line":13,"column":47},"end":{"line":20,"column":1}},"line":13},"2":{"name":"(anonymous_2)","decl":{"start":{"line":22,"column":27},"end":{"line":22,"column":28}},"loc":{"start":{"line":22,"column":47},"end":{"line":29,"column":1}},"line":22}},"branchMap":{},"s":{"0":12,"1":12,"2":1,"3":1,"4":1,"5":0,"6":0,"7":12,"8":1,"9":1,"10":1,"11":0,"12":12,"13":1,"14":1,"15":1,"16":0},"f":{"0":1,"1":1,"2":1},"b":{},"_coverageSchema":"1a1c01bbd47fc00a2c39e90264f33305004495a9","hash":"6384066762cabb2e2c10a910f05bd60866809117"}
,"\\\\ckik-pdc\\Diakok\\2021_B\\detari.viktoria\\Vizsgaremek_Lilla_Viki\\Backend\\api\\controllers\\chatController.js": {"path":"\\\\ckik-pdc\\Diakok\\2021_B\\detari.viktoria\\Vizsgaremek_Lilla_Viki\\Backend\\api\\controllers\\chatController.js","statementMap":{"0":{"start":{"line":1,"column":11},"end":{"line":1,"column":37}},"1":{"start":{"line":4,"column":0},"end":{"line":23,"column":2}},"2":{"start":{"line":5,"column":2},"end":{"line":22,"column":3}},"3":{"start":{"line":6,"column":50},"end":{"line":6,"column":58}},"4":{"start":{"line":8,"column":4},"end":{"line":10,"column":5}},"5":{"start":{"line":9,"column":6},"end":{"line":9,"column":111}},"6":{"start":{"line":12,"column":24},"end":{"line":16,"column":6}},"7":{"start":{"line":18,"column":4},"end":{"line":18,"column":38}},"8":{"start":{"line":20,"column":4},"end":{"line":20,"column":55}},"9":{"start":{"line":21,"column":4},"end":{"line":21,"column":51}},"10":{"start":{"line":26,"column":0},"end":{"line":50,"column":2}},"11":{"start":{"line":27,"column":2},"end":{"line":49,"column":3}},"12":{"start":{"line":28,"column":33},"end":{"line":28,"column":43}},"13":{"start":{"line":30,"column":4},"end":{"line":32,"column":5}},"14":{"start":{"line":31,"column":6},"end":{"line":31,"column":82}},"15":{"start":{"line":34,"column":21},"end":{"line":43,"column":6}},"16":{"start":{"line":45,"column":4},"end":{"line":45,"column":23}},"17":{"start":{"line":47,"column":4},"end":{"line":47,"column":67}},"18":{"start":{"line":48,"column":4},"end":{"line":48,"column":51}},"19":{"start":{"line":53,"column":0},"end":{"line":67,"column":2}},"20":{"start":{"line":54,"column":2},"end":{"line":66,"column":3}},"21":{"start":{"line":55,"column":23},"end":{"line":55,"column":33}},"22":{"start":{"line":56,"column":18},"end":{"line":61,"column":6}},"23":{"start":{"line":62,"column":4},"end":{"line":62,"column":37}},"24":{"start":{"line":64,"column":4},"end":{"line":64,"column":69}},"25":{"start":{"line":65,"column":4},"end":{"line":65,"column":51}},"26":{"start":{"line":70,"column":0},"end":{"line":88,"column":2}},"27":{"start":{"line":71,"column":2},"end":{"line":87,"column":3}},"28":{"start":{"line":72,"column":37},"end":{"line":72,"column":45}},"29":{"start":{"line":73,"column":4},"end":{"line":82,"column":6}},"30":{"start":{"line":83,"column":4},"end":{"line":83,"column":59}},"31":{"start":{"line":85,"column":4},"end":{"line":85,"column":70}},"32":{"start":{"line":86,"column":4},"end":{"line":86,"column":51}},"33":{"start":{"line":91,"column":0},"end":{"line":108,"column":2}},"34":{"start":{"line":92,"column":2},"end":{"line":107,"column":3}},"35":{"start":{"line":93,"column":23},"end":{"line":93,"column":33}},"36":{"start":{"line":94,"column":20},"end":{"line":101,"column":6}},"37":{"start":{"line":102,"column":16},"end":{"line":102,"column":56}},"38":{"start":{"line":102,"column":33},"end":{"line":102,"column":55}},"39":{"start":{"line":103,"column":4},"end":{"line":103,"column":18}},"40":{"start":{"line":105,"column":4},"end":{"line":105,"column":68}},"41":{"start":{"line":106,"column":4},"end":{"line":106,"column":51}}},"fnMap":{"0":{"name":"(anonymous_0)","decl":{"start":{"line":4,"column":22},"end":{"line":4,"column":23}},"loc":{"start":{"line":4,"column":42},"end":{"line":23,"column":1}},"line":4},"1":{"name":"(anonymous_1)","decl":{"start":{"line":26,"column":21},"end":{"line":26,"column":22}},"loc":{"start":{"line":26,"column":41},"end":{"line":50,"column":1}},"line":26},"2":{"name":"(anonymous_2)","decl":{"start":{"line":53,"column":25},"end":{"line":53,"column":26}},"loc":{"start":{"line":53,"column":45},"end":{"line":67,"column":1}},"line":53},"3":{"name":"(anonymous_3)","decl":{"start":{"line":70,"column":21},"end":{"line":70,"column":22}},"loc":{"start":{"line":70,"column":41},"end":{"line":88,"column":1}},"line":70},"4":{"name":"(anonymous_4)","decl":{"start":{"line":91,"column":27},"end":{"line":91,"column":28}},"loc":{"start":{"line":91,"column":47},"end":{"line":108,"column":1}},"line":91},"5":{"name":"(anonymous_5)","decl":{"start":{"line":102,"column":28},"end":{"line":102,"column":29}},"loc":{"start":{"line":102,"column":33},"end":{"line":102,"column":55}},"line":102}},"branchMap":{"0":{"loc":{"start":{"line":8,"column":4},"end":{"line":10,"column":5}},"type":"if","locations":[{"start":{"line":8,"column":4},"end":{"line":10,"column":5}},{"start":{},"end":{}}],"line":8},"1":{"loc":{"start":{"line":8,"column":8},"end":{"line":8,"column":67}},"type":"binary-expr","locations":[{"start":{"line":8,"column":8},"end":{"line":8,"column":21}},{"start":{"line":8,"column":25},"end":{"line":8,"column":36}},{"start":{"line":8,"column":40},"end":{"line":8,"column":48}},{"start":{"line":8,"column":52},"end":{"line":8,"column":67}}],"line":8},"2":{"loc":{"start":{"line":30,"column":4},"end":{"line":32,"column":5}},"type":"if","locations":[{"start":{"line":30,"column":4},"end":{"line":32,"column":5}},{"start":{},"end":{}}],"line":30},"3":{"loc":{"start":{"line":30,"column":8},"end":{"line":30,"column":28}},"type":"binary-expr","locations":[{"start":{"line":30,"column":8},"end":{"line":30,"column":16}},{"start":{"line":30,"column":20},"end":{"line":30,"column":28}}],"line":30}},"s":{"0":12,"1":12,"2":2,"3":2,"4":2,"5":1,"6":1,"7":1,"8":0,"9":0,"10":12,"11":1,"12":1,"13":1,"14":0,"15":1,"16":1,"17":0,"18":0,"19":12,"20":1,"21":1,"22":1,"23":1,"24":0,"25":0,"26":12,"27":1,"28":1,"29":1,"30":1,"31":0,"32":0,"33":12,"34":1,"35":1,"36":1,"37":1,"38":1,"39":1,"40":0,"41":0},"f":{"0":2,"1":1,"2":1,"3":1,"4":1,"5":1},"b":{"0":[1,1],"1":[2,1,1,1],"2":[0,1],"3":[1,1]},"_coverageSchema":"1a1c01bbd47fc00a2c39e90264f33305004495a9","hash":"8dc116ce6a9822ef8e8f00df0f81e29dc83284f3"}
,"\\\\ckik-pdc\\Diakok\\2021_B\\detari.viktoria\\Vizsgaremek_Lilla_Viki\\Backend\\api\\controllers\\elozmenyekController.js": {"path":"\\\\ckik-pdc\\Diakok\\2021_B\\detari.viktoria\\Vizsgaremek_Lilla_Viki\\Backend\\api\\controllers\\elozmenyekController.js","statementMap":{"0":{"start":{"line":1,"column":11},"end":{"line":1,"column":37}},"1":{"start":{"line":5,"column":0},"end":{"line":49,"column":2}},"2":{"start":{"line":7,"column":21},"end":{"line":7,"column":31}},"3":{"start":{"line":9,"column":2},"end":{"line":47,"column":3}},"4":{"start":{"line":11,"column":24},"end":{"line":27,"column":6}},"5":{"start":{"line":31,"column":4},"end":{"line":35,"column":5}},"6":{"start":{"line":33,"column":6},"end":{"line":33,"column":76}},"7":{"start":{"line":39,"column":4},"end":{"line":39,"column":37}},"8":{"start":{"line":43,"column":4},"end":{"line":43,"column":38}},"9":{"start":{"line":45,"column":4},"end":{"line":45,"column":67}},"10":{"start":{"line":53,"column":0},"end":{"line":71,"column":2}},"11":{"start":{"line":54,"column":21},"end":{"line":54,"column":31}},"12":{"start":{"line":55,"column":25},"end":{"line":55,"column":33}},"13":{"start":{"line":57,"column":2},"end":{"line":70,"column":3}},"14":{"start":{"line":58,"column":24},"end":{"line":58,"column":61}},"15":{"start":{"line":59,"column":20},"end":{"line":59,"column":57}},"16":{"start":{"line":61,"column":4},"end":{"line":62,"column":89}},"17":{"start":{"line":62,"column":6},"end":{"line":62,"column":89}},"18":{"start":{"line":64,"column":4},"end":{"line":64,"column":88}},"19":{"start":{"line":66,"column":4},"end":{"line":66,"column":48}},"20":{"start":{"line":68,"column":4},"end":{"line":68,"column":58}},"21":{"start":{"line":69,"column":4},"end":{"line":69,"column":67}}},"fnMap":{"0":{"name":"(anonymous_0)","decl":{"start":{"line":5,"column":24},"end":{"line":5,"column":25}},"loc":{"start":{"line":5,"column":44},"end":{"line":49,"column":1}},"line":5},"1":{"name":"(anonymous_1)","decl":{"start":{"line":53,"column":22},"end":{"line":53,"column":23}},"loc":{"start":{"line":53,"column":42},"end":{"line":71,"column":1}},"line":53}},"branchMap":{"0":{"loc":{"start":{"line":31,"column":4},"end":{"line":35,"column":5}},"type":"if","locations":[{"start":{"line":31,"column":4},"end":{"line":35,"column":5}},{"start":{},"end":{}}],"line":31},"1":{"loc":{"start":{"line":61,"column":4},"end":{"line":62,"column":89}},"type":"if","locations":[{"start":{"line":61,"column":4},"end":{"line":62,"column":89}},{"start":{},"end":{}}],"line":61},"2":{"loc":{"start":{"line":61,"column":8},"end":{"line":61,"column":32}},"type":"binary-expr","locations":[{"start":{"line":61,"column":8},"end":{"line":61,"column":20}},{"start":{"line":61,"column":24},"end":{"line":61,"column":32}}],"line":61}},"s":{"0":12,"1":12,"2":2,"3":2,"4":2,"5":2,"6":1,"7":1,"8":0,"9":0,"10":12,"11":1,"12":1,"13":1,"14":1,"15":1,"16":1,"17":0,"18":1,"19":1,"20":0,"21":0},"f":{"0":2,"1":1},"b":{"0":[1,1],"1":[0,1],"2":[1,1]},"_coverageSchema":"1a1c01bbd47fc00a2c39e90264f33305004495a9","hash":"707bfdcf1027abad17831071c37e97727e4ce4b3"}
,"\\\\ckik-pdc\\Diakok\\2021_B\\detari.viktoria\\Vizsgaremek_Lilla_Viki\\Backend\\api\\controllers\\inviteController.js": {"path":"\\\\ckik-pdc\\Diakok\\2021_B\\detari.viktoria\\Vizsgaremek_Lilla_Viki\\Backend\\api\\controllers\\inviteController.js","statementMap":{"0":{"start":{"line":1,"column":22},"end":{"line":1,"column":58}},"1":{"start":{"line":2,"column":11},"end":{"line":2,"column":37}},"2":{"start":{"line":3,"column":13},"end":{"line":3,"column":28}},"3":{"start":{"line":4,"column":11},"end":{"line":4,"column":24}},"4":{"start":{"line":8,"column":0},"end":{"line":70,"column":2}},"5":{"start":{"line":9,"column":2},"end":{"line":69,"column":3}},"6":{"start":{"line":10,"column":30},"end":{"line":10,"column":38}},"7":{"start":{"line":12,"column":4},"end":{"line":14,"column":5}},"8":{"start":{"line":13,"column":6},"end":{"line":13,"column":87}},"9":{"start":{"line":16,"column":18},"end":{"line":16,"column":55}},"10":{"start":{"line":18,"column":4},"end":{"line":22,"column":5}},"11":{"start":{"line":20,"column":6},"end":{"line":20,"column":73}},"12":{"start":{"line":25,"column":24},"end":{"line":25,"column":75}},"13":{"start":{"line":26,"column":23},"end":{"line":26,"column":66}},"14":{"start":{"line":28,"column":20},"end":{"line":28,"column":51}},"15":{"start":{"line":29,"column":17},"end":{"line":35,"column":5}},"16":{"start":{"line":38,"column":27},"end":{"line":38,"column":70}},"17":{"start":{"line":39,"column":24},"end":{"line":39,"column":26}},"18":{"start":{"line":40,"column":4},"end":{"line":48,"column":5}},"19":{"start":{"line":41,"column":6},"end":{"line":45,"column":9}},"20":{"start":{"line":47,"column":6},"end":{"line":47,"column":106}},"21":{"start":{"line":50,"column":20},"end":{"line":50,"column":70}},"22":{"start":{"line":52,"column":4},"end":{"line":65,"column":5}},"23":{"start":{"line":54,"column":6},"end":{"line":59,"column":9}},"24":{"start":{"line":61,"column":6},"end":{"line":61,"column":71}},"25":{"start":{"line":64,"column":6},"end":{"line":64,"column":144}},"26":{"start":{"line":68,"column":4},"end":{"line":68,"column":16}},"27":{"start":{"line":73,"column":0},"end":{"line":149,"column":2}},"28":{"start":{"line":74,"column":2},"end":{"line":148,"column":3}},"29":{"start":{"line":75,"column":23},"end":{"line":75,"column":33}},"30":{"start":{"line":77,"column":4},"end":{"line":79,"column":5}},"31":{"start":{"line":78,"column":6},"end":{"line":78,"column":84}},"32":{"start":{"line":81,"column":24},"end":{"line":81,"column":26}},"33":{"start":{"line":84,"column":21},"end":{"line":89,"column":6}},"34":{"start":{"line":92,"column":4},"end":{"line":124,"column":5}},"35":{"start":{"line":93,"column":31},"end":{"line":99,"column":8}},"36":{"start":{"line":101,"column":6},"end":{"line":123,"column":7}},"37":{"start":{"line":102,"column":8},"end":{"line":108,"column":11}},"38":{"start":{"line":109,"column":8},"end":{"line":114,"column":9}},"39":{"start":{"line":110,"column":10},"end":{"line":113,"column":13}},"40":{"start":{"line":116,"column":8},"end":{"line":122,"column":11}},"41":{"start":{"line":127,"column":15},"end":{"line":127,"column":52}},"42":{"start":{"line":128,"column":4},"end":{"line":141,"column":5}},"43":{"start":{"line":129,"column":23},"end":{"line":131,"column":8}},"44":{"start":{"line":132,"column":6},"end":{"line":140,"column":7}},"45":{"start":{"line":133,"column":8},"end":{"line":139,"column":11}},"46":{"start":{"line":143,"column":4},"end":{"line":143,"column":38}},"47":{"start":{"line":146,"column":4},"end":{"line":146,"column":66}},"48":{"start":{"line":147,"column":4},"end":{"line":147,"column":16}}},"fnMap":{"0":{"name":"(anonymous_0)","decl":{"start":{"line":8,"column":21},"end":{"line":8,"column":22}},"loc":{"start":{"line":8,"column":47},"end":{"line":70,"column":1}},"line":8},"1":{"name":"(anonymous_1)","decl":{"start":{"line":73,"column":28},"end":{"line":73,"column":29}},"loc":{"start":{"line":73,"column":54},"end":{"line":149,"column":1}},"line":73}},"branchMap":{"0":{"loc":{"start":{"line":12,"column":4},"end":{"line":14,"column":5}},"type":"if","locations":[{"start":{"line":12,"column":4},"end":{"line":14,"column":5}},{"start":{},"end":{}}],"line":12},"1":{"loc":{"start":{"line":12,"column":8},"end":{"line":12,"column":25}},"type":"binary-expr","locations":[{"start":{"line":12,"column":8},"end":{"line":12,"column":14}},{"start":{"line":12,"column":18},"end":{"line":12,"column":25}}],"line":12},"2":{"loc":{"start":{"line":18,"column":4},"end":{"line":22,"column":5}},"type":"if","locations":[{"start":{"line":18,"column":4},"end":{"line":22,"column":5}},{"start":{},"end":{}}],"line":18},"3":{"loc":{"start":{"line":25,"column":24},"end":{"line":25,"column":75}},"type":"binary-expr","locations":[{"start":{"line":25,"column":24},"end":{"line":25,"column":48}},{"start":{"line":25,"column":52},"end":{"line":25,"column":75}}],"line":25},"4":{"loc":{"start":{"line":40,"column":4},"end":{"line":48,"column":5}},"type":"if","locations":[{"start":{"line":40,"column":4},"end":{"line":48,"column":5}},{"start":{"line":46,"column":11},"end":{"line":48,"column":5}}],"line":40},"5":{"loc":{"start":{"line":52,"column":4},"end":{"line":65,"column":5}},"type":"if","locations":[{"start":{"line":52,"column":4},"end":{"line":65,"column":5}},{"start":{"line":62,"column":11},"end":{"line":65,"column":5}}],"line":52},"6":{"loc":{"start":{"line":77,"column":4},"end":{"line":79,"column":5}},"type":"if","locations":[{"start":{"line":77,"column":4},"end":{"line":79,"column":5}},{"start":{},"end":{}}],"line":77},"7":{"loc":{"start":{"line":101,"column":6},"end":{"line":123,"column":7}},"type":"if","locations":[{"start":{"line":101,"column":6},"end":{"line":123,"column":7}},{"start":{"line":115,"column":13},"end":{"line":123,"column":7}}],"line":101},"8":{"loc":{"start":{"line":109,"column":8},"end":{"line":114,"column":9}},"type":"if","locations":[{"start":{"line":109,"column":8},"end":{"line":114,"column":9}},{"start":{},"end":{}}],"line":109},"9":{"loc":{"start":{"line":128,"column":4},"end":{"line":141,"column":5}},"type":"if","locations":[{"start":{"line":128,"column":4},"end":{"line":141,"column":5}},{"start":{},"end":{}}],"line":128},"10":{"loc":{"start":{"line":128,"column":8},"end":{"line":128,"column":26}},"type":"binary-expr","locations":[{"start":{"line":128,"column":8},"end":{"line":128,"column":10}},{"start":{"line":128,"column":14},"end":{"line":128,"column":26}}],"line":128},"11":{"loc":{"start":{"line":132,"column":6},"end":{"line":140,"column":7}},"type":"if","locations":[{"start":{"line":132,"column":6},"end":{"line":140,"column":7}},{"start":{},"end":{}}],"line":132}},"s":{"0":12,"1":12,"2":12,"3":12,"4":12,"5":3,"6":3,"7":3,"8":1,"9":2,"10":2,"11":1,"12":1,"13":1,"14":1,"15":1,"16":1,"17":1,"18":1,"19":1,"20":0,"21":1,"22":1,"23":1,"24":1,"25":0,"26":0,"27":12,"28":2,"29":2,"30":2,"31":0,"32":2,"33":2,"34":2,"35":2,"36":2,"37":1,"38":1,"39":1,"40":1,"41":2,"42":2,"43":0,"44":0,"45":0,"46":2,"47":0,"48":0},"f":{"0":3,"1":2},"b":{"0":[1,2],"1":[3,2],"2":[1,1],"3":[1,1],"4":[1,0],"5":[1,0],"6":[0,2],"7":[1,1],"8":[1,0],"9":[0,2],"10":[2,2],"11":[0,0]},"_coverageSchema":"1a1c01bbd47fc00a2c39e90264f33305004495a9","hash":"f75dcb60e5b227fe013708872a2410a21ed6fa9d"}
,"\\\\ckik-pdc\\Diakok\\2021_B\\detari.viktoria\\Vizsgaremek_Lilla_Viki\\Backend\\api\\controllers\\kategoriaController.js": {"path":"\\\\ckik-pdc\\Diakok\\2021_B\\detari.viktoria\\Vizsgaremek_Lilla_Viki\\Backend\\api\\controllers\\kategoriaController.js","statementMap":{"0":{"start":{"line":1,"column":11},"end":{"line":1,"column":37}},"1":{"start":{"line":3,"column":0},"end":{"line":3,"column":174}},"2":{"start":{"line":3,"column":40},"end":{"line":3,"column":171}},"3":{"start":{"line":3,"column":96},"end":{"line":3,"column":148}},"4":{"start":{"line":3,"column":104},"end":{"line":3,"column":148}},"5":{"start":{"line":3,"column":149},"end":{"line":3,"column":167}},"6":{"start":{"line":4,"column":0},"end":{"line":4,"column":312}},"7":{"start":{"line":4,"column":56},"end":{"line":4,"column":66}},"8":{"start":{"line":4,"column":68},"end":{"line":4,"column":309}},"9":{"start":{"line":4,"column":139},"end":{"line":4,"column":191}},"10":{"start":{"line":4,"column":147},"end":{"line":4,"column":191}},"11":{"start":{"line":4,"column":192},"end":{"line":4,"column":283}},"12":{"start":{"line":4,"column":215},"end":{"line":4,"column":283}},"13":{"start":{"line":4,"column":284},"end":{"line":4,"column":305}},"14":{"start":{"line":5,"column":0},"end":{"line":5,"column":283}},"15":{"start":{"line":5,"column":58},"end":{"line":5,"column":66}},"16":{"start":{"line":5,"column":68},"end":{"line":5,"column":280}},"17":{"start":{"line":5,"column":144},"end":{"line":5,"column":196}},"18":{"start":{"line":5,"column":152},"end":{"line":5,"column":196}},"19":{"start":{"line":5,"column":197},"end":{"line":5,"column":276}},"20":{"start":{"line":6,"column":0},"end":{"line":6,"column":263}},"21":{"start":{"line":6,"column":52},"end":{"line":6,"column":62}},"22":{"start":{"line":6,"column":80},"end":{"line":6,"column":88}},"23":{"start":{"line":6,"column":90},"end":{"line":6,"column":260}},"24":{"start":{"line":6,"column":159},"end":{"line":6,"column":211}},"25":{"start":{"line":6,"column":167},"end":{"line":6,"column":211}},"26":{"start":{"line":6,"column":212},"end":{"line":6,"column":256}},"27":{"start":{"line":7,"column":0},"end":{"line":7,"column":222}},"28":{"start":{"line":7,"column":50},"end":{"line":7,"column":60}},"29":{"start":{"line":7,"column":62},"end":{"line":7,"column":219}},"30":{"start":{"line":7,"column":120},"end":{"line":7,"column":172}},"31":{"start":{"line":7,"column":128},"end":{"line":7,"column":172}},"32":{"start":{"line":7,"column":173},"end":{"line":7,"column":215}}},"fnMap":{"0":{"name":"(anonymous_0)","decl":{"start":{"line":3,"column":24},"end":{"line":3,"column":25}},"loc":{"start":{"line":3,"column":38},"end":{"line":3,"column":173}},"line":3},"1":{"name":"(anonymous_1)","decl":{"start":{"line":3,"column":76},"end":{"line":3,"column":77}},"loc":{"start":{"line":3,"column":94},"end":{"line":3,"column":169}},"line":3},"2":{"name":"(anonymous_2)","decl":{"start":{"line":4,"column":27},"end":{"line":4,"column":28}},"loc":{"start":{"line":4,"column":41},"end":{"line":4,"column":311}},"line":4},"3":{"name":"(anonymous_3)","decl":{"start":{"line":4,"column":121},"end":{"line":4,"column":122}},"loc":{"start":{"line":4,"column":137},"end":{"line":4,"column":307}},"line":4},"4":{"name":"(anonymous_4)","decl":{"start":{"line":5,"column":26},"end":{"line":5,"column":27}},"loc":{"start":{"line":5,"column":40},"end":{"line":5,"column":282}},"line":5},"5":{"name":"(anonymous_5)","decl":{"start":{"line":5,"column":126},"end":{"line":5,"column":127}},"loc":{"start":{"line":5,"column":142},"end":{"line":5,"column":278}},"line":5},"6":{"name":"(anonymous_6)","decl":{"start":{"line":6,"column":26},"end":{"line":6,"column":27}},"loc":{"start":{"line":6,"column":37},"end":{"line":6,"column":262}},"line":6},"7":{"name":"(anonymous_7)","decl":{"start":{"line":6,"column":150},"end":{"line":6,"column":151}},"loc":{"start":{"line":6,"column":157},"end":{"line":6,"column":258}},"line":6},"8":{"name":"(anonymous_8)","decl":{"start":{"line":7,"column":26},"end":{"line":7,"column":27}},"loc":{"start":{"line":7,"column":37},"end":{"line":7,"column":221}},"line":7},"9":{"name":"(anonymous_9)","decl":{"start":{"line":7,"column":111},"end":{"line":7,"column":112}},"loc":{"start":{"line":7,"column":118},"end":{"line":7,"column":217}},"line":7}},"branchMap":{"0":{"loc":{"start":{"line":3,"column":96},"end":{"line":3,"column":148}},"type":"if","locations":[{"start":{"line":3,"column":96},"end":{"line":3,"column":148}},{"start":{},"end":{}}],"line":3},"1":{"loc":{"start":{"line":4,"column":139},"end":{"line":4,"column":191}},"type":"if","locations":[{"start":{"line":4,"column":139},"end":{"line":4,"column":191}},{"start":{},"end":{}}],"line":4},"2":{"loc":{"start":{"line":4,"column":192},"end":{"line":4,"column":283}},"type":"if","locations":[{"start":{"line":4,"column":192},"end":{"line":4,"column":283}},{"start":{},"end":{}}],"line":4},"3":{"loc":{"start":{"line":5,"column":144},"end":{"line":5,"column":196}},"type":"if","locations":[{"start":{"line":5,"column":144},"end":{"line":5,"column":196}},{"start":{},"end":{}}],"line":5},"4":{"loc":{"start":{"line":6,"column":159},"end":{"line":6,"column":211}},"type":"if","locations":[{"start":{"line":6,"column":159},"end":{"line":6,"column":211}},{"start":{},"end":{}}],"line":6},"5":{"loc":{"start":{"line":7,"column":120},"end":{"line":7,"column":172}},"type":"if","locations":[{"start":{"line":7,"column":120},"end":{"line":7,"column":172}},{"start":{},"end":{}}],"line":7}},"s":{"0":12,"1":12,"2":0,"3":0,"4":0,"5":0,"6":12,"7":0,"8":0,"9":0,"10":0,"11":0,"12":0,"13":0,"14":12,"15":0,"16":0,"17":0,"18":0,"19":0,"20":12,"21":0,"22":0,"23":0,"24":0,"25":0,"26":0,"27":12,"28":0,"29":0,"30":0,"31":0,"32":0},"f":{"0":0,"1":0,"2":0,"3":0,"4":0,"5":0,"6":0,"7":0,"8":0,"9":0},"b":{"0":[0,0],"1":[0,0],"2":[0,0],"3":[0,0],"4":[0,0],"5":[0,0]},"_coverageSchema":"1a1c01bbd47fc00a2c39e90264f33305004495a9","hash":"26ee7348cc01e92845077e2fd47747d34bae748f"}
,"\\\\ckik-pdc\\Diakok\\2021_B\\detari.viktoria\\Vizsgaremek_Lilla_Viki\\Backend\\api\\controllers\\kedvencekController.js": {"path":"\\\\ckik-pdc\\Diakok\\2021_B\\detari.viktoria\\Vizsgaremek_Lilla_Viki\\Backend\\api\\controllers\\kedvencekController.js","statementMap":{"0":{"start":{"line":1,"column":11},"end":{"line":1,"column":37}},"1":{"start":{"line":4,"column":0},"end":{"line":32,"column":2}},"2":{"start":{"line":5,"column":21},"end":{"line":5,"column":31}},"3":{"start":{"line":6,"column":2},"end":{"line":31,"column":3}},"4":{"start":{"line":7,"column":24},"end":{"line":21,"column":6}},"5":{"start":{"line":23,"column":4},"end":{"line":25,"column":5}},"6":{"start":{"line":24,"column":6},"end":{"line":24,"column":76}},"7":{"start":{"line":27,"column":4},"end":{"line":27,"column":43}},"8":{"start":{"line":29,"column":4},"end":{"line":29,"column":56}},"9":{"start":{"line":30,"column":4},"end":{"line":30,"column":49}},"10":{"start":{"line":35,"column":0},"end":{"line":54,"column":2}},"11":{"start":{"line":36,"column":21},"end":{"line":36,"column":31}},"12":{"start":{"line":37,"column":25},"end":{"line":37,"column":33}},"13":{"start":{"line":39,"column":2},"end":{"line":53,"column":3}},"14":{"start":{"line":40,"column":24},"end":{"line":40,"column":61}},"15":{"start":{"line":41,"column":20},"end":{"line":41,"column":57}},"16":{"start":{"line":43,"column":4},"end":{"line":45,"column":5}},"17":{"start":{"line":44,"column":6},"end":{"line":44,"column":89}},"18":{"start":{"line":47,"column":4},"end":{"line":47,"column":51}},"19":{"start":{"line":49,"column":4},"end":{"line":49,"column":47}},"20":{"start":{"line":51,"column":4},"end":{"line":51,"column":54}},"21":{"start":{"line":52,"column":4},"end":{"line":52,"column":49}},"22":{"start":{"line":57,"column":0},"end":{"line":75,"column":2}},"23":{"start":{"line":58,"column":32},"end":{"line":58,"column":42}},"24":{"start":{"line":60,"column":2},"end":{"line":74,"column":3}},"25":{"start":{"line":61,"column":24},"end":{"line":61,"column":61}},"26":{"start":{"line":62,"column":20},"end":{"line":62,"column":56}},"27":{"start":{"line":64,"column":4},"end":{"line":66,"column":5}},"28":{"start":{"line":65,"column":6},"end":{"line":65,"column":89}},"29":{"start":{"line":68,"column":4},"end":{"line":68,"column":54}},"30":{"start":{"line":70,"column":4},"end":{"line":70,"column":45}},"31":{"start":{"line":72,"column":4},"end":{"line":72,"column":51}},"32":{"start":{"line":73,"column":4},"end":{"line":73,"column":49}}},"fnMap":{"0":{"name":"(anonymous_0)","decl":{"start":{"line":4,"column":23},"end":{"line":4,"column":24}},"loc":{"start":{"line":4,"column":43},"end":{"line":32,"column":1}},"line":4},"1":{"name":"(anonymous_1)","decl":{"start":{"line":35,"column":21},"end":{"line":35,"column":22}},"loc":{"start":{"line":35,"column":41},"end":{"line":54,"column":1}},"line":35},"2":{"name":"(anonymous_2)","decl":{"start":{"line":57,"column":24},"end":{"line":57,"column":25}},"loc":{"start":{"line":57,"column":44},"end":{"line":75,"column":1}},"line":57}},"branchMap":{"0":{"loc":{"start":{"line":23,"column":4},"end":{"line":25,"column":5}},"type":"if","locations":[{"start":{"line":23,"column":4},"end":{"line":25,"column":5}},{"start":{},"end":{}}],"line":23},"1":{"loc":{"start":{"line":43,"column":4},"end":{"line":45,"column":5}},"type":"if","locations":[{"start":{"line":43,"column":4},"end":{"line":45,"column":5}},{"start":{},"end":{}}],"line":43},"2":{"loc":{"start":{"line":43,"column":8},"end":{"line":43,"column":32}},"type":"binary-expr","locations":[{"start":{"line":43,"column":8},"end":{"line":43,"column":20}},{"start":{"line":43,"column":24},"end":{"line":43,"column":32}}],"line":43},"3":{"loc":{"start":{"line":64,"column":4},"end":{"line":66,"column":5}},"type":"if","locations":[{"start":{"line":64,"column":4},"end":{"line":66,"column":5}},{"start":{},"end":{}}],"line":64},"4":{"loc":{"start":{"line":64,"column":8},"end":{"line":64,"column":32}},"type":"binary-expr","locations":[{"start":{"line":64,"column":8},"end":{"line":64,"column":20}},{"start":{"line":64,"column":24},"end":{"line":64,"column":32}}],"line":64}},"s":{"0":12,"1":12,"2":1,"3":1,"4":1,"5":1,"6":0,"7":1,"8":0,"9":0,"10":12,"11":1,"12":1,"13":1,"14":1,"15":1,"16":1,"17":0,"18":1,"19":1,"20":0,"21":0,"22":12,"23":1,"24":1,"25":1,"26":1,"27":1,"28":0,"29":1,"30":1,"31":0,"32":0},"f":{"0":1,"1":1,"2":1},"b":{"0":[0,1],"1":[0,1],"2":[1,1],"3":[0,1],"4":[1,1]},"_coverageSchema":"1a1c01bbd47fc00a2c39e90264f33305004495a9","hash":"8ae924ad324a19a4ba8fc0dcd56bce278d1205d2"}
,"\\\\ckik-pdc\\Diakok\\2021_B\\detari.viktoria\\Vizsgaremek_Lilla_Viki\\Backend\\api\\controllers\\kuponController.js": {"path":"\\\\ckik-pdc\\Diakok\\2021_B\\detari.viktoria\\Vizsgaremek_Lilla_Viki\\Backend\\api\\controllers\\kuponController.js","statementMap":{"0":{"start":{"line":1,"column":11},"end":{"line":1,"column":37}},"1":{"start":{"line":2,"column":15},"end":{"line":2,"column":35}},"2":{"start":{"line":5,"column":0},"end":{"line":37,"column":2}},"3":{"start":{"line":6,"column":2},"end":{"line":36,"column":3}},"4":{"start":{"line":7,"column":23},"end":{"line":7,"column":33}},"5":{"start":{"line":8,"column":16},"end":{"line":8,"column":32}},"6":{"start":{"line":10,"column":20},"end":{"line":23,"column":6}},"7":{"start":{"line":26,"column":22},"end":{"line":30,"column":7}},"8":{"start":{"line":26,"column":40},"end":{"line":30,"column":5}},"9":{"start":{"line":32,"column":4},"end":{"line":32,"column":24}},"10":{"start":{"line":34,"column":4},"end":{"line":34,"column":56}},"11":{"start":{"line":35,"column":4},"end":{"line":35,"column":51}},"12":{"start":{"line":40,"column":0},"end":{"line":48,"column":2}},"13":{"start":{"line":41,"column":2},"end":{"line":47,"column":3}},"14":{"start":{"line":42,"column":20},"end":{"line":42,"column":44}},"15":{"start":{"line":43,"column":4},"end":{"line":43,"column":22}},"16":{"start":{"line":45,"column":4},"end":{"line":45,"column":54}},"17":{"start":{"line":46,"column":4},"end":{"line":46,"column":49}},"18":{"start":{"line":51,"column":0},"end":{"line":60,"column":2}},"19":{"start":{"line":52,"column":17},"end":{"line":52,"column":27}},"20":{"start":{"line":53,"column":2},"end":{"line":59,"column":3}},"21":{"start":{"line":54,"column":18},"end":{"line":54,"column":45}},"22":{"start":{"line":55,"column":4},"end":{"line":55,"column":80}},"23":{"start":{"line":55,"column":16},"end":{"line":55,"column":80}},"24":{"start":{"line":56,"column":4},"end":{"line":56,"column":20}},"25":{"start":{"line":58,"column":4},"end":{"line":58,"column":49}},"26":{"start":{"line":63,"column":0},"end":{"line":71,"column":2}},"27":{"start":{"line":64,"column":66},"end":{"line":64,"column":74}},"28":{"start":{"line":65,"column":2},"end":{"line":70,"column":3}},"29":{"start":{"line":66,"column":20},"end":{"line":66,"column":98}},"30":{"start":{"line":67,"column":4},"end":{"line":67,"column":74}},"31":{"start":{"line":69,"column":4},"end":{"line":69,"column":49}},"32":{"start":{"line":74,"column":0},"end":{"line":87,"column":2}},"33":{"start":{"line":75,"column":17},"end":{"line":75,"column":27}},"34":{"start":{"line":76,"column":2},"end":{"line":86,"column":3}},"35":{"start":{"line":77,"column":22},"end":{"line":77,"column":83}},"36":{"start":{"line":78,"column":4},"end":{"line":83,"column":5}},"37":{"start":{"line":79,"column":27},"end":{"line":79,"column":54}},"38":{"start":{"line":80,"column":6},"end":{"line":80,"column":68}},"39":{"start":{"line":82,"column":6},"end":{"line":82,"column":63}},"40":{"start":{"line":85,"column":4},"end":{"line":85,"column":49}},"41":{"start":{"line":90,"column":0},"end":{"line":102,"column":2}},"42":{"start":{"line":91,"column":17},"end":{"line":91,"column":27}},"43":{"start":{"line":92,"column":2},"end":{"line":101,"column":3}},"44":{"start":{"line":93,"column":20},"end":{"line":93,"column":72}},"45":{"start":{"line":94,"column":4},"end":{"line":98,"column":5}},"46":{"start":{"line":95,"column":6},"end":{"line":95,"column":45}},"47":{"start":{"line":97,"column":6},"end":{"line":97,"column":63}},"48":{"start":{"line":100,"column":4},"end":{"line":100,"column":49}}},"fnMap":{"0":{"name":"(anonymous_0)","decl":{"start":{"line":5,"column":36},"end":{"line":5,"column":37}},"loc":{"start":{"line":5,"column":56},"end":{"line":37,"column":1}},"line":5},"1":{"name":"(anonymous_1)","decl":{"start":{"line":26,"column":34},"end":{"line":26,"column":35}},"loc":{"start":{"line":26,"column":40},"end":{"line":30,"column":5}},"line":26},"2":{"name":"(anonymous_2)","decl":{"start":{"line":40,"column":21},"end":{"line":40,"column":22}},"loc":{"start":{"line":40,"column":41},"end":{"line":48,"column":1}},"line":40},"3":{"name":"(anonymous_3)","decl":{"start":{"line":51,"column":23},"end":{"line":51,"column":24}},"loc":{"start":{"line":51,"column":43},"end":{"line":60,"column":1}},"line":51},"4":{"name":"(anonymous_4)","decl":{"start":{"line":63,"column":22},"end":{"line":63,"column":23}},"loc":{"start":{"line":63,"column":42},"end":{"line":71,"column":1}},"line":63},"5":{"name":"(anonymous_5)","decl":{"start":{"line":74,"column":22},"end":{"line":74,"column":23}},"loc":{"start":{"line":74,"column":42},"end":{"line":87,"column":1}},"line":74},"6":{"name":"(anonymous_6)","decl":{"start":{"line":90,"column":22},"end":{"line":90,"column":23}},"loc":{"start":{"line":90,"column":42},"end":{"line":102,"column":1}},"line":90}},"branchMap":{"0":{"loc":{"start":{"line":55,"column":4},"end":{"line":55,"column":80}},"type":"if","locations":[{"start":{"line":55,"column":4},"end":{"line":55,"column":80}},{"start":{},"end":{}}],"line":55},"1":{"loc":{"start":{"line":78,"column":4},"end":{"line":83,"column":5}},"type":"if","locations":[{"start":{"line":78,"column":4},"end":{"line":83,"column":5}},{"start":{"line":81,"column":11},"end":{"line":83,"column":5}}],"line":78},"2":{"loc":{"start":{"line":94,"column":4},"end":{"line":98,"column":5}},"type":"if","locations":[{"start":{"line":94,"column":4},"end":{"line":98,"column":5}},{"start":{"line":96,"column":11},"end":{"line":98,"column":5}}],"line":94}},"s":{"0":12,"1":12,"2":12,"3":1,"4":1,"5":1,"6":1,"7":1,"8":1,"9":1,"10":0,"11":0,"12":12,"13":1,"14":1,"15":1,"16":0,"17":0,"18":12,"19":1,"20":1,"21":1,"22":1,"23":0,"24":1,"25":0,"26":12,"27":1,"28":1,"29":1,"30":1,"31":0,"32":12,"33":1,"34":1,"35":1,"36":1,"37":1,"38":1,"39":0,"40":0,"41":12,"42":1,"43":1,"44":1,"45":1,"46":1,"47":0,"48":0},"f":{"0":1,"1":1,"2":1,"3":1,"4":1,"5":1,"6":1},"b":{"0":[0,1],"1":[1,0],"2":[1,0]},"_coverageSchema":"1a1c01bbd47fc00a2c39e90264f33305004495a9","hash":"d91789c94109f7191dd40a917bf2da07d1e15937"}
,"\\\\ckik-pdc\\Diakok\\2021_B\\detari.viktoria\\Vizsgaremek_Lilla_Viki\\Backend\\api\\controllers\\notificationController.js": {"path":"\\\\ckik-pdc\\Diakok\\2021_B\\detari.viktoria\\Vizsgaremek_Lilla_Viki\\Backend\\api\\controllers\\notificationController.js","statementMap":{"0":{"start":{"line":1,"column":11},"end":{"line":1,"column":37}},"1":{"start":{"line":4,"column":0},"end":{"line":16,"column":2}},"2":{"start":{"line":5,"column":2},"end":{"line":15,"column":3}},"3":{"start":{"line":6,"column":23},"end":{"line":6,"column":33}},"4":{"start":{"line":7,"column":26},"end":{"line":10,"column":6}},"5":{"start":{"line":11,"column":4},"end":{"line":11,"column":28}},"6":{"start":{"line":13,"column":4},"end":{"line":13,"column":61}},"7":{"start":{"line":14,"column":4},"end":{"line":14,"column":51}},"8":{"start":{"line":19,"column":0},"end":{"line":31,"column":2}},"9":{"start":{"line":20,"column":2},"end":{"line":30,"column":3}},"10":{"start":{"line":21,"column":19},"end":{"line":21,"column":29}},"11":{"start":{"line":22,"column":4},"end":{"line":25,"column":6}},"12":{"start":{"line":26,"column":4},"end":{"line":26,"column":60}},"13":{"start":{"line":28,"column":4},"end":{"line":28,"column":61}},"14":{"start":{"line":29,"column":4},"end":{"line":29,"column":51}},"15":{"start":{"line":34,"column":0},"end":{"line":46,"column":2}},"16":{"start":{"line":35,"column":2},"end":{"line":45,"column":3}},"17":{"start":{"line":36,"column":23},"end":{"line":36,"column":33}},"18":{"start":{"line":37,"column":4},"end":{"line":40,"column":6}},"19":{"start":{"line":41,"column":4},"end":{"line":41,"column":67}},"20":{"start":{"line":43,"column":4},"end":{"line":43,"column":71}},"21":{"start":{"line":44,"column":4},"end":{"line":44,"column":51}}},"fnMap":{"0":{"name":"(anonymous_0)","decl":{"start":{"line":4,"column":27},"end":{"line":4,"column":28}},"loc":{"start":{"line":4,"column":47},"end":{"line":16,"column":1}},"line":4},"1":{"name":"(anonymous_1)","decl":{"start":{"line":19,"column":21},"end":{"line":19,"column":22}},"loc":{"start":{"line":19,"column":41},"end":{"line":31,"column":1}},"line":19},"2":{"name":"(anonymous_2)","decl":{"start":{"line":34,"column":24},"end":{"line":34,"column":25}},"loc":{"start":{"line":34,"column":44},"end":{"line":46,"column":1}},"line":34}},"branchMap":{},"s":{"0":12,"1":12,"2":1,"3":1,"4":1,"5":1,"6":0,"7":0,"8":12,"9":1,"10":1,"11":1,"12":1,"13":0,"14":0,"15":12,"16":1,"17":1,"18":1,"19":1,"20":0,"21":0},"f":{"0":1,"1":1,"2":1},"b":{},"_coverageSchema":"1a1c01bbd47fc00a2c39e90264f33305004495a9","hash":"b834d61e5a1521e5ee5bb035a73fa06582b4599c"}
,"\\\\ckik-pdc\\Diakok\\2021_B\\detari.viktoria\\Vizsgaremek_Lilla_Viki\\Backend\\api\\controllers\\stilusController.js": {"path":"\\\\ckik-pdc\\Diakok\\2021_B\\detari.viktoria\\Vizsgaremek_Lilla_Viki\\Backend\\api\\controllers\\stilusController.js","statementMap":{"0":{"start":{"line":1,"column":11},"end":{"line":1,"column":37}},"1":{"start":{"line":3,"column":0},"end":{"line":11,"column":2}},"2":{"start":{"line":4,"column":2},"end":{"line":10,"column":3}},"3":{"start":{"line":5,"column":21},"end":{"line":5,"column":46}},"4":{"start":{"line":6,"column":4},"end":{"line":6,"column":23}},"5":{"start":{"line":8,"column":4},"end":{"line":8,"column":57}},"6":{"start":{"line":9,"column":4},"end":{"line":9,"column":51}},"7":{"start":{"line":13,"column":0},"end":{"line":20,"column":2}},"8":{"start":{"line":14,"column":2},"end":{"line":19,"column":3}},"9":{"start":{"line":15,"column":21},"end":{"line":15,"column":53}},"10":{"start":{"line":16,"column":4},"end":{"line":16,"column":35}},"11":{"start":{"line":18,"column":4},"end":{"line":18,"column":51}},"12":{"start":{"line":22,"column":0},"end":{"line":29,"column":2}},"13":{"start":{"line":23,"column":2},"end":{"line":28,"column":3}},"14":{"start":{"line":24,"column":4},"end":{"line":24,"column":62}},"15":{"start":{"line":25,"column":4},"end":{"line":25,"column":44}},"16":{"start":{"line":27,"column":4},"end":{"line":27,"column":51}}},"fnMap":{"0":{"name":"(anonymous_0)","decl":{"start":{"line":3,"column":22},"end":{"line":3,"column":23}},"loc":{"start":{"line":3,"column":42},"end":{"line":11,"column":1}},"line":3},"1":{"name":"(anonymous_1)","decl":{"start":{"line":13,"column":23},"end":{"line":13,"column":24}},"loc":{"start":{"line":13,"column":43},"end":{"line":20,"column":1}},"line":13},"2":{"name":"(anonymous_2)","decl":{"start":{"line":22,"column":23},"end":{"line":22,"column":24}},"loc":{"start":{"line":22,"column":43},"end":{"line":29,"column":1}},"line":22}},"branchMap":{},"s":{"0":12,"1":12,"2":1,"3":1,"4":1,"5":0,"6":0,"7":12,"8":1,"9":1,"10":1,"11":0,"12":12,"13":1,"14":1,"15":1,"16":0},"f":{"0":1,"1":1,"2":1},"b":{},"_coverageSchema":"1a1c01bbd47fc00a2c39e90264f33305004495a9","hash":"efe407ea67c660f8180f9ad82b94f85772930ff4"}
,"\\\\ckik-pdc\\Diakok\\2021_B\\detari.viktoria\\Vizsgaremek_Lilla_Viki\\Backend\\api\\controllers\\uploadController.js": {"path":"\\\\ckik-pdc\\Diakok\\2021_B\\detari.viktoria\\Vizsgaremek_Lilla_Viki\\Backend\\api\\controllers\\uploadController.js","statementMap":{"0":{"start":{"line":1,"column":15},"end":{"line":1,"column":32}},"1":{"start":{"line":2,"column":13},"end":{"line":2,"column":28}},"2":{"start":{"line":5,"column":16},"end":{"line":16,"column":2}},"3":{"start":{"line":8,"column":4},"end":{"line":8,"column":69}},"4":{"start":{"line":14,"column":4},"end":{"line":14,"column":32}},"5":{"start":{"line":19,"column":19},"end":{"line":25,"column":1}},"6":{"start":{"line":20,"column":2},"end":{"line":24,"column":3}},"7":{"start":{"line":21,"column":4},"end":{"line":21,"column":19}},"8":{"start":{"line":23,"column":4},"end":{"line":23,"column":58}},"9":{"start":{"line":27,"column":15},"end":{"line":31,"column":2}},"10":{"start":{"line":33,"column":0},"end":{"line":33,"column":45}},"11":{"start":{"line":35,"column":0},"end":{"line":44,"column":2}},"12":{"start":{"line":36,"column":2},"end":{"line":38,"column":3}},"13":{"start":{"line":37,"column":4},"end":{"line":37,"column":74}},"14":{"start":{"line":40,"column":2},"end":{"line":43,"column":5}}},"fnMap":{"0":{"name":"(anonymous_0)","decl":{"start":{"line":6,"column":15},"end":{"line":6,"column":16}},"loc":{"start":{"line":6,"column":34},"end":{"line":9,"column":3}},"line":6},"1":{"name":"(anonymous_1)","decl":{"start":{"line":10,"column":12},"end":{"line":10,"column":13}},"loc":{"start":{"line":10,"column":31},"end":{"line":15,"column":3}},"line":10},"2":{"name":"(anonymous_2)","decl":{"start":{"line":19,"column":19},"end":{"line":19,"column":20}},"loc":{"start":{"line":19,"column":38},"end":{"line":25,"column":1}},"line":19},"3":{"name":"(anonymous_3)","decl":{"start":{"line":35,"column":23},"end":{"line":35,"column":24}},"loc":{"start":{"line":35,"column":37},"end":{"line":44,"column":1}},"line":35}},"branchMap":{"0":{"loc":{"start":{"line":20,"column":2},"end":{"line":24,"column":3}},"type":"if","locations":[{"start":{"line":20,"column":2},"end":{"line":24,"column":3}},{"start":{"line":22,"column":9},"end":{"line":24,"column":3}}],"line":20},"1":{"loc":{"start":{"line":36,"column":2},"end":{"line":38,"column":3}},"type":"if","locations":[{"start":{"line":36,"column":2},"end":{"line":38,"column":3}},{"start":{},"end":{}}],"line":36}},"s":{"0":12,"1":12,"2":12,"3":1,"4":1,"5":12,"6":1,"7":1,"8":0,"9":12,"10":12,"11":12,"12":2,"13":1,"14":1},"f":{"0":1,"1":1,"2":1,"3":2},"b":{"0":[1,0],"1":[1,1]},"_coverageSchema":"1a1c01bbd47fc00a2c39e90264f33305004495a9","hash":"03e02ef9737716dc5857f1d51e4878e67d0316cf"}
,"\\\\ckik-pdc\\Diakok\\2021_B\\detari.viktoria\\Vizsgaremek_Lilla_Viki\\Backend\\api\\controllers\\userController.js": {"path":"\\\\ckik-pdc\\Diakok\\2021_B\\detari.viktoria\\Vizsgaremek_Lilla_Viki\\Backend\\api\\controllers\\userController.js","statementMap":{"0":{"start":{"line":1,"column":15},"end":{"line":1,"column":32}},"1":{"start":{"line":2,"column":15},"end":{"line":2,"column":32}},"2":{"start":{"line":3,"column":12},"end":{"line":3,"column":35}},"3":{"start":{"line":4,"column":15},"end":{"line":4,"column":35}},"4":{"start":{"line":6,"column":11},"end":{"line":6,"column":37}},"5":{"start":{"line":8,"column":22},"end":{"line":8,"column":58}},"6":{"start":{"line":10,"column":19},"end":{"line":10,"column":92}},"7":{"start":{"line":15,"column":0},"end":{"line":49,"column":2}},"8":{"start":{"line":16,"column":33},"end":{"line":16,"column":41}},"9":{"start":{"line":17,"column":2},"end":{"line":48,"column":3}},"10":{"start":{"line":18,"column":17},"end":{"line":18,"column":76}},"11":{"start":{"line":20,"column":4},"end":{"line":22,"column":5}},"12":{"start":{"line":21,"column":6},"end":{"line":21,"column":84}},"13":{"start":{"line":24,"column":18},"end":{"line":24,"column":63}},"14":{"start":{"line":25,"column":4},"end":{"line":27,"column":5}},"15":{"start":{"line":26,"column":6},"end":{"line":26,"column":84}},"16":{"start":{"line":30,"column":18},"end":{"line":34,"column":5}},"17":{"start":{"line":37,"column":4},"end":{"line":42,"column":7}},"18":{"start":{"line":44,"column":4},"end":{"line":44,"column":91}},"19":{"start":{"line":46,"column":4},"end":{"line":46,"column":49}},"20":{"start":{"line":47,"column":4},"end":{"line":47,"column":51}},"21":{"start":{"line":52,"column":0},"end":{"line":62,"column":2}},"22":{"start":{"line":53,"column":2},"end":{"line":61,"column":3}},"23":{"start":{"line":54,"column":18},"end":{"line":56,"column":6}},"24":{"start":{"line":57,"column":4},"end":{"line":57,"column":20}},"25":{"start":{"line":59,"column":4},"end":{"line":59,"column":61}},"26":{"start":{"line":60,"column":4},"end":{"line":60,"column":51}},"27":{"start":{"line":65,"column":0},"end":{"line":78,"column":2}},"28":{"start":{"line":66,"column":17},"end":{"line":66,"column":27}},"29":{"start":{"line":67,"column":2},"end":{"line":77,"column":3}},"30":{"start":{"line":68,"column":17},"end":{"line":70,"column":6}},"31":{"start":{"line":71,"column":4},"end":{"line":71,"column":85}},"32":{"start":{"line":71,"column":15},"end":{"line":71,"column":85}},"33":{"start":{"line":72,"column":4},"end":{"line":72,"column":78}},"34":{"start":{"line":73,"column":4},"end":{"line":73,"column":19}},"35":{"start":{"line":75,"column":4},"end":{"line":75,"column":60}},"36":{"start":{"line":76,"column":4},"end":{"line":76,"column":51}},"37":{"start":{"line":81,"column":0},"end":{"line":119,"column":2}},"38":{"start":{"line":82,"column":17},"end":{"line":82,"column":27}},"39":{"start":{"line":83,"column":36},"end":{"line":83,"column":44}},"40":{"start":{"line":84,"column":2},"end":{"line":118,"column":3}},"41":{"start":{"line":85,"column":17},"end":{"line":85,"column":50}},"42":{"start":{"line":86,"column":4},"end":{"line":86,"column":85}},"43":{"start":{"line":86,"column":15},"end":{"line":86,"column":85}},"44":{"start":{"line":88,"column":4},"end":{"line":96,"column":5}},"45":{"start":{"line":89,"column":6},"end":{"line":94,"column":7}},"46":{"start":{"line":90,"column":29},"end":{"line":90,"column":78}},"47":{"start":{"line":91,"column":8},"end":{"line":93,"column":9}},"48":{"start":{"line":92,"column":10},"end":{"line":92,"column":87}},"49":{"start":{"line":95,"column":6},"end":{"line":95,"column":30}},"50":{"start":{"line":98,"column":4},"end":{"line":106,"column":5}},"51":{"start":{"line":99,"column":6},"end":{"line":104,"column":7}},"52":{"start":{"line":100,"column":30},"end":{"line":100,"column":80}},"53":{"start":{"line":101,"column":8},"end":{"line":103,"column":9}},"54":{"start":{"line":102,"column":10},"end":{"line":102,"column":84}},"55":{"start":{"line":105,"column":6},"end":{"line":105,"column":32}},"56":{"start":{"line":108,"column":4},"end":{"line":110,"column":5}},"57":{"start":{"line":109,"column":6},"end":{"line":109,"column":38}},"58":{"start":{"line":112,"column":4},"end":{"line":112,"column":22}},"59":{"start":{"line":114,"column":4},"end":{"line":114,"column":146}},"60":{"start":{"line":116,"column":4},"end":{"line":116,"column":70}},"61":{"start":{"line":117,"column":4},"end":{"line":117,"column":51}},"62":{"start":{"line":122,"column":0},"end":{"line":190,"column":2}},"63":{"start":{"line":123,"column":17},"end":{"line":123,"column":27}},"64":{"start":{"line":124,"column":58},"end":{"line":124,"column":66}},"65":{"start":{"line":126,"column":2},"end":{"line":126,"column":114}},"66":{"start":{"line":129,"column":2},"end":{"line":131,"column":3}},"67":{"start":{"line":130,"column":4},"end":{"line":130,"column":103}},"68":{"start":{"line":133,"column":2},"end":{"line":189,"column":3}},"69":{"start":{"line":134,"column":17},"end":{"line":134,"column":50}},"70":{"start":{"line":135,"column":4},"end":{"line":135,"column":85}},"71":{"start":{"line":135,"column":15},"end":{"line":135,"column":85}},"72":{"start":{"line":137,"column":4},"end":{"line":143,"column":5}},"73":{"start":{"line":138,"column":27},"end":{"line":138,"column":76}},"74":{"start":{"line":139,"column":6},"end":{"line":141,"column":7}},"75":{"start":{"line":140,"column":8},"end":{"line":140,"column":85}},"76":{"start":{"line":142,"column":6},"end":{"line":142,"column":23}},"77":{"start":{"line":146,"column":4},"end":{"line":148,"column":5}},"78":{"start":{"line":147,"column":6},"end":{"line":147,"column":94}},"79":{"start":{"line":150,"column":4},"end":{"line":159,"column":5}},"80":{"start":{"line":151,"column":6},"end":{"line":153,"column":7}},"81":{"start":{"line":152,"column":8},"end":{"line":152,"column":106}},"82":{"start":{"line":154,"column":20},"end":{"line":154,"column":68}},"83":{"start":{"line":155,"column":6},"end":{"line":157,"column":7}},"84":{"start":{"line":156,"column":8},"end":{"line":156,"column":82}},"85":{"start":{"line":158,"column":6},"end":{"line":158,"column":31}},"86":{"start":{"line":161,"column":4},"end":{"line":168,"column":5}},"87":{"start":{"line":162,"column":6},"end":{"line":162,"column":93}},"88":{"start":{"line":164,"column":6},"end":{"line":167,"column":9}},"89":{"start":{"line":171,"column":4},"end":{"line":171,"column":22}},"90":{"start":{"line":174,"column":24},"end":{"line":174,"column":57}},"91":{"start":{"line":175,"column":4},"end":{"line":175,"column":84}},"92":{"start":{"line":177,"column":4},"end":{"line":185,"column":7}},"93":{"start":{"line":187,"column":4},"end":{"line":187,"column":62}},"94":{"start":{"line":188,"column":4},"end":{"line":188,"column":51}},"95":{"start":{"line":193,"column":0},"end":{"line":226,"column":2}},"96":{"start":{"line":194,"column":20},"end":{"line":194,"column":28}},"97":{"start":{"line":195,"column":2},"end":{"line":225,"column":3}},"98":{"start":{"line":196,"column":17},"end":{"line":196,"column":67}},"99":{"start":{"line":197,"column":4},"end":{"line":201,"column":5}},"100":{"start":{"line":199,"column":6},"end":{"line":199,"column":22}},"101":{"start":{"line":200,"column":6},"end":{"line":200,"column":93}},"102":{"start":{"line":203,"column":18},"end":{"line":203,"column":56}},"103":{"start":{"line":204,"column":4},"end":{"line":204,"column":29}},"104":{"start":{"line":205,"column":4},"end":{"line":205,"column":52}},"105":{"start":{"line":206,"column":4},"end":{"line":206,"column":22}},"106":{"start":{"line":208,"column":21},"end":{"line":208,"column":101}},"107":{"start":{"line":210,"column":20},"end":{"line":210,"column":58}},"108":{"start":{"line":211,"column":17},"end":{"line":217,"column":5}},"109":{"start":{"line":219,"column":4},"end":{"line":219,"column":47}},"110":{"start":{"line":221,"column":4},"end":{"line":221,"column":110}},"111":{"start":{"line":223,"column":4},"end":{"line":223,"column":68}},"112":{"start":{"line":224,"column":4},"end":{"line":224,"column":51}},"113":{"start":{"line":229,"column":0},"end":{"line":253,"column":2}},"114":{"start":{"line":230,"column":30},"end":{"line":230,"column":38}},"115":{"start":{"line":231,"column":2},"end":{"line":252,"column":3}},"116":{"start":{"line":232,"column":17},"end":{"line":237,"column":6}},"117":{"start":{"line":239,"column":4},"end":{"line":241,"column":5}},"118":{"start":{"line":240,"column":6},"end":{"line":240,"column":102}},"119":{"start":{"line":243,"column":4},"end":{"line":243,"column":29}},"120":{"start":{"line":244,"column":4},"end":{"line":244,"column":28}},"121":{"start":{"line":245,"column":4},"end":{"line":245,"column":36}},"122":{"start":{"line":246,"column":4},"end":{"line":246,"column":22}},"123":{"start":{"line":248,"column":4},"end":{"line":248,"column":111}},"124":{"start":{"line":250,"column":4},"end":{"line":250,"column":61}},"125":{"start":{"line":251,"column":4},"end":{"line":251,"column":51}},"126":{"start":{"line":258,"column":0},"end":{"line":347,"column":2}},"127":{"start":{"line":259,"column":47},"end":{"line":259,"column":55}},"128":{"start":{"line":262,"column":12},"end":{"line":262,"column":44}},"129":{"start":{"line":264,"column":2},"end":{"line":346,"column":3}},"130":{"start":{"line":265,"column":25},"end":{"line":265,"column":90}},"131":{"start":{"line":266,"column":4},"end":{"line":269,"column":5}},"132":{"start":{"line":267,"column":6},"end":{"line":267,"column":25}},"133":{"start":{"line":268,"column":6},"end":{"line":268,"column":83}},"134":{"start":{"line":271,"column":26},"end":{"line":271,"column":92}},"135":{"start":{"line":272,"column":4},"end":{"line":275,"column":5}},"136":{"start":{"line":273,"column":6},"end":{"line":273,"column":25}},"137":{"start":{"line":274,"column":6},"end":{"line":274,"column":91}},"138":{"start":{"line":277,"column":17},"end":{"line":282,"column":26}},"139":{"start":{"line":285,"column":4},"end":{"line":321,"column":5}},"140":{"start":{"line":286,"column":22},"end":{"line":293,"column":8}},"141":{"start":{"line":295,"column":6},"end":{"line":320,"column":7}},"142":{"start":{"line":296,"column":21},"end":{"line":296,"column":87}},"143":{"start":{"line":297,"column":23},"end":{"line":297,"column":33}},"144":{"start":{"line":298,"column":8},"end":{"line":298,"column":46}},"145":{"start":{"line":300,"column":8},"end":{"line":306,"column":31}},"146":{"start":{"line":308,"column":26},"end":{"line":308,"column":60}},"147":{"start":{"line":309,"column":26},"end":{"line":309,"column":161}},"148":{"start":{"line":311,"column":8},"end":{"line":314,"column":31}},"149":{"start":{"line":316,"column":8},"end":{"line":319,"column":31}},"150":{"start":{"line":324,"column":4},"end":{"line":324,"column":21}},"151":{"start":{"line":327,"column":4},"end":{"line":338,"column":5}},"152":{"start":{"line":328,"column":23},"end":{"line":328,"column":63}},"153":{"start":{"line":329,"column":6},"end":{"line":337,"column":7}},"154":{"start":{"line":330,"column":24},"end":{"line":330,"column":66}},"155":{"start":{"line":331,"column":21},"end":{"line":335,"column":9}},"156":{"start":{"line":336,"column":8},"end":{"line":336,"column":97}},"157":{"start":{"line":336,"column":62},"end":{"line":336,"column":95}},"158":{"start":{"line":340,"column":4},"end":{"line":340,"column":87}},"159":{"start":{"line":343,"column":4},"end":{"line":343,"column":23}},"160":{"start":{"line":344,"column":4},"end":{"line":344,"column":63}},"161":{"start":{"line":345,"column":4},"end":{"line":345,"column":51}},"162":{"start":{"line":350,"column":0},"end":{"line":353,"column":2}},"163":{"start":{"line":351,"column":2},"end":{"line":351,"column":27}},"164":{"start":{"line":352,"column":2},"end":{"line":352,"column":51}},"165":{"start":{"line":356,"column":0},"end":{"line":377,"column":2}},"166":{"start":{"line":358,"column":14},"end":{"line":358,"column":18}},"167":{"start":{"line":360,"column":2},"end":{"line":364,"column":3}},"168":{"start":{"line":361,"column":4},"end":{"line":361,"column":51}},"169":{"start":{"line":362,"column":9},"end":{"line":364,"column":3}},"170":{"start":{"line":363,"column":4},"end":{"line":363,"column":30}},"171":{"start":{"line":366,"column":2},"end":{"line":368,"column":3}},"172":{"start":{"line":367,"column":4},"end":{"line":367,"column":74}},"173":{"start":{"line":370,"column":2},"end":{"line":376,"column":3}},"174":{"start":{"line":371,"column":20},"end":{"line":371,"column":49}},"175":{"start":{"line":372,"column":4},"end":{"line":372,"column":91}},"176":{"start":{"line":374,"column":4},"end":{"line":374,"column":52}},"177":{"start":{"line":374,"column":27},"end":{"line":374,"column":52}},"178":{"start":{"line":375,"column":4},"end":{"line":375,"column":59}}},"fnMap":{"0":{"name":"(anonymous_0)","decl":{"start":{"line":15,"column":20},"end":{"line":15,"column":21}},"loc":{"start":{"line":15,"column":40},"end":{"line":49,"column":1}},"line":15},"1":{"name":"(anonymous_1)","decl":{"start":{"line":52,"column":22},"end":{"line":52,"column":23}},"loc":{"start":{"line":52,"column":42},"end":{"line":62,"column":1}},"line":52},"2":{"name":"(anonymous_2)","decl":{"start":{"line":65,"column":22},"end":{"line":65,"column":23}},"loc":{"start":{"line":65,"column":42},"end":{"line":78,"column":1}},"line":65},"3":{"name":"(anonymous_3)","decl":{"start":{"line":81,"column":26},"end":{"line":81,"column":27}},"loc":{"start":{"line":81,"column":46},"end":{"line":119,"column":1}},"line":81},"4":{"name":"(anonymous_4)","decl":{"start":{"line":122,"column":21},"end":{"line":122,"column":22}},"loc":{"start":{"line":122,"column":41},"end":{"line":190,"column":1}},"line":122},"5":{"name":"(anonymous_5)","decl":{"start":{"line":193,"column":25},"end":{"line":193,"column":26}},"loc":{"start":{"line":193,"column":45},"end":{"line":226,"column":1}},"line":193},"6":{"name":"(anonymous_6)","decl":{"start":{"line":229,"column":24},"end":{"line":229,"column":25}},"loc":{"start":{"line":229,"column":44},"end":{"line":253,"column":1}},"line":229},"7":{"name":"(anonymous_7)","decl":{"start":{"line":258,"column":21},"end":{"line":258,"column":22}},"loc":{"start":{"line":258,"column":41},"end":{"line":347,"column":1}},"line":258},"8":{"name":"(anonymous_8)","decl":{"start":{"line":336,"column":55},"end":{"line":336,"column":56}},"loc":{"start":{"line":336,"column":62},"end":{"line":336,"column":95}},"line":336},"9":{"name":"(anonymous_9)","decl":{"start":{"line":350,"column":21},"end":{"line":350,"column":22}},"loc":{"start":{"line":350,"column":35},"end":{"line":353,"column":1}},"line":350},"10":{"name":"(anonymous_10)","decl":{"start":{"line":356,"column":23},"end":{"line":356,"column":24}},"loc":{"start":{"line":356,"column":37},"end":{"line":377,"column":1}},"line":356}},"branchMap":{"0":{"loc":{"start":{"line":10,"column":19},"end":{"line":10,"column":92}},"type":"binary-expr","locations":[{"start":{"line":10,"column":19},"end":{"line":10,"column":41}},{"start":{"line":10,"column":45},"end":{"line":10,"column":92}}],"line":10},"1":{"loc":{"start":{"line":20,"column":4},"end":{"line":22,"column":5}},"type":"if","locations":[{"start":{"line":20,"column":4},"end":{"line":22,"column":5}},{"start":{},"end":{}}],"line":20},"2":{"loc":{"start":{"line":25,"column":4},"end":{"line":27,"column":5}},"type":"if","locations":[{"start":{"line":25,"column":4},"end":{"line":27,"column":5}},{"start":{},"end":{}}],"line":25},"3":{"loc":{"start":{"line":71,"column":4},"end":{"line":71,"column":85}},"type":"if","locations":[{"start":{"line":71,"column":4},"end":{"line":71,"column":85}},{"start":{},"end":{}}],"line":71},"4":{"loc":{"start":{"line":86,"column":4},"end":{"line":86,"column":85}},"type":"if","locations":[{"start":{"line":86,"column":4},"end":{"line":86,"column":85}},{"start":{},"end":{}}],"line":86},"5":{"loc":{"start":{"line":88,"column":4},"end":{"line":96,"column":5}},"type":"if","locations":[{"start":{"line":88,"column":4},"end":{"line":96,"column":5}},{"start":{},"end":{}}],"line":88},"6":{"loc":{"start":{"line":88,"column":8},"end":{"line":88,"column":34}},"type":"binary-expr","locations":[{"start":{"line":88,"column":8},"end":{"line":88,"column":12}},{"start":{"line":88,"column":16},"end":{"line":88,"column":34}}],"line":88},"7":{"loc":{"start":{"line":89,"column":6},"end":{"line":94,"column":7}},"type":"if","locations":[{"start":{"line":89,"column":6},"end":{"line":94,"column":7}},{"start":{},"end":{}}],"line":89},"8":{"loc":{"start":{"line":91,"column":8},"end":{"line":93,"column":9}},"type":"if","locations":[{"start":{"line":91,"column":8},"end":{"line":93,"column":9}},{"start":{},"end":{}}],"line":91},"9":{"loc":{"start":{"line":98,"column":4},"end":{"line":106,"column":5}},"type":"if","locations":[{"start":{"line":98,"column":4},"end":{"line":106,"column":5}},{"start":{},"end":{}}],"line":98},"10":{"loc":{"start":{"line":98,"column":8},"end":{"line":98,"column":36}},"type":"binary-expr","locations":[{"start":{"line":98,"column":8},"end":{"line":98,"column":13}},{"start":{"line":98,"column":17},"end":{"line":98,"column":36}}],"line":98},"11":{"loc":{"start":{"line":99,"column":6},"end":{"line":104,"column":7}},"type":"if","locations":[{"start":{"line":99,"column":6},"end":{"line":104,"column":7}},{"start":{},"end":{}}],"line":99},"12":{"loc":{"start":{"line":101,"column":8},"end":{"line":103,"column":9}},"type":"if","locations":[{"start":{"line":101,"column":8},"end":{"line":103,"column":9}},{"start":{},"end":{}}],"line":101},"13":{"loc":{"start":{"line":108,"column":4},"end":{"line":110,"column":5}},"type":"if","locations":[{"start":{"line":108,"column":4},"end":{"line":110,"column":5}},{"start":{},"end":{}}],"line":108},"14":{"loc":{"start":{"line":108,"column":8},"end":{"line":108,"column":42}},"type":"binary-expr","locations":[{"start":{"line":108,"column":8},"end":{"line":108,"column":16}},{"start":{"line":108,"column":20},"end":{"line":108,"column":42}}],"line":108},"15":{"loc":{"start":{"line":129,"column":2},"end":{"line":131,"column":3}},"type":"if","locations":[{"start":{"line":129,"column":2},"end":{"line":131,"column":3}},{"start":{},"end":{}}],"line":129},"16":{"loc":{"start":{"line":129,"column":6},"end":{"line":129,"column":44}},"type":"binary-expr","locations":[{"start":{"line":129,"column":6},"end":{"line":129,"column":23}},{"start":{"line":129,"column":27},"end":{"line":129,"column":44}}],"line":129},"17":{"loc":{"start":{"line":135,"column":4},"end":{"line":135,"column":85}},"type":"if","locations":[{"start":{"line":135,"column":4},"end":{"line":135,"column":85}},{"start":{},"end":{}}],"line":135},"18":{"loc":{"start":{"line":137,"column":4},"end":{"line":143,"column":5}},"type":"if","locations":[{"start":{"line":137,"column":4},"end":{"line":143,"column":5}},{"start":{},"end":{}}],"line":137},"19":{"loc":{"start":{"line":137,"column":8},"end":{"line":137,"column":34}},"type":"binary-expr","locations":[{"start":{"line":137,"column":8},"end":{"line":137,"column":12}},{"start":{"line":137,"column":16},"end":{"line":137,"column":34}}],"line":137},"20":{"loc":{"start":{"line":139,"column":6},"end":{"line":141,"column":7}},"type":"if","locations":[{"start":{"line":139,"column":6},"end":{"line":141,"column":7}},{"start":{},"end":{}}],"line":139},"21":{"loc":{"start":{"line":146,"column":4},"end":{"line":148,"column":5}},"type":"if","locations":[{"start":{"line":146,"column":4},"end":{"line":148,"column":5}},{"start":{},"end":{}}],"line":146},"22":{"loc":{"start":{"line":146,"column":8},"end":{"line":146,"column":37}},"type":"binary-expr","locations":[{"start":{"line":146,"column":8},"end":{"line":146,"column":13}},{"start":{"line":146,"column":17},"end":{"line":146,"column":37}}],"line":146},"23":{"loc":{"start":{"line":150,"column":4},"end":{"line":159,"column":5}},"type":"if","locations":[{"start":{"line":150,"column":4},"end":{"line":159,"column":5}},{"start":{},"end":{}}],"line":150},"24":{"loc":{"start":{"line":151,"column":6},"end":{"line":153,"column":7}},"type":"if","locations":[{"start":{"line":151,"column":6},"end":{"line":153,"column":7}},{"start":{},"end":{}}],"line":151},"25":{"loc":{"start":{"line":155,"column":6},"end":{"line":157,"column":7}},"type":"if","locations":[{"start":{"line":155,"column":6},"end":{"line":157,"column":7}},{"start":{},"end":{}}],"line":155},"26":{"loc":{"start":{"line":161,"column":4},"end":{"line":168,"column":5}},"type":"if","locations":[{"start":{"line":161,"column":4},"end":{"line":168,"column":5}},{"start":{},"end":{}}],"line":161},"27":{"loc":{"start":{"line":197,"column":4},"end":{"line":201,"column":5}},"type":"if","locations":[{"start":{"line":197,"column":4},"end":{"line":201,"column":5}},{"start":{},"end":{}}],"line":197},"28":{"loc":{"start":{"line":208,"column":24},"end":{"line":208,"column":75}},"type":"binary-expr","locations":[{"start":{"line":208,"column":24},"end":{"line":208,"column":48}},{"start":{"line":208,"column":52},"end":{"line":208,"column":75}}],"line":208},"29":{"loc":{"start":{"line":239,"column":4},"end":{"line":241,"column":5}},"type":"if","locations":[{"start":{"line":239,"column":4},"end":{"line":241,"column":5}},{"start":{},"end":{}}],"line":239},"30":{"loc":{"start":{"line":266,"column":4},"end":{"line":269,"column":5}},"type":"if","locations":[{"start":{"line":266,"column":4},"end":{"line":269,"column":5}},{"start":{},"end":{}}],"line":266},"31":{"loc":{"start":{"line":272,"column":4},"end":{"line":275,"column":5}},"type":"if","locations":[{"start":{"line":272,"column":4},"end":{"line":275,"column":5}},{"start":{},"end":{}}],"line":272},"32":{"loc":{"start":{"line":281,"column":17},"end":{"line":281,"column":34}},"type":"binary-expr","locations":[{"start":{"line":281,"column":17},"end":{"line":281,"column":26}},{"start":{"line":281,"column":30},"end":{"line":281,"column":34}}],"line":281},"33":{"loc":{"start":{"line":285,"column":4},"end":{"line":321,"column":5}},"type":"if","locations":[{"start":{"line":285,"column":4},"end":{"line":321,"column":5}},{"start":{},"end":{}}],"line":285},"34":{"loc":{"start":{"line":295,"column":6},"end":{"line":320,"column":7}},"type":"if","locations":[{"start":{"line":295,"column":6},"end":{"line":320,"column":7}},{"start":{},"end":{}}],"line":295},"35":{"loc":{"start":{"line":327,"column":4},"end":{"line":338,"column":5}},"type":"if","locations":[{"start":{"line":327,"column":4},"end":{"line":3
[...]
iktoria\\Vizsgaremek_Lilla_Viki\\Backend\\api\\services\\alkalomService.js","statementMap":{"0":{"start":{"line":1,"column":11},"end":{"line":1,"column":37}},"1":{"start":{"line":5,"column":4},"end":{"line":5,"column":38}},"2":{"start":{"line":9,"column":20},"end":{"line":9,"column":49}},"3":{"start":{"line":10,"column":4},"end":{"line":12,"column":5}},"4":{"start":{"line":11,"column":6},"end":{"line":11,"column":47}},"5":{"start":{"line":13,"column":4},"end":{"line":13,"column":19}},"6":{"start":{"line":17,"column":4},"end":{"line":17,"column":41}},"7":{"start":{"line":21,"column":20},"end":{"line":21,"column":49}},"8":{"start":{"line":22,"column":4},"end":{"line":24,"column":5}},"9":{"start":{"line":23,"column":6},"end":{"line":23,"column":47}},"10":{"start":{"line":25,"column":4},"end":{"line":25,"column":31}},"11":{"start":{"line":26,"column":4},"end":{"line":26,"column":19}},"12":{"start":{"line":30,"column":20},"end":{"line":30,"column":49}},"13":{"start":{"line":31,"column":4},"end":{"line":33,"column":5}},"14":{"start":{"line":32,"column":6},"end":{"line":32,"column":47}},"15":{"start":{"line":34,"column":4},"end":{"line":34,"column":28}},"16":{"start":{"line":35,"column":4},"end":{"line":35,"column":16}},"17":{"start":{"line":39,"column":0},"end":{"line":39,"column":38}}},"fnMap":{"0":{"name":"(anonymous_0)","decl":{"start":{"line":4,"column":2},"end":{"line":4,"column":3}},"loc":{"start":{"line":4,"column":17},"end":{"line":6,"column":3}},"line":4},"1":{"name":"(anonymous_1)","decl":{"start":{"line":8,"column":2},"end":{"line":8,"column":3}},"loc":{"start":{"line":8,"column":20},"end":{"line":14,"column":3}},"line":8},"2":{"name":"(anonymous_2)","decl":{"start":{"line":16,"column":2},"end":{"line":16,"column":3}},"loc":{"start":{"line":16,"column":21},"end":{"line":18,"column":3}},"line":16},"3":{"name":"(anonymous_3)","decl":{"start":{"line":20,"column":2},"end":{"line":20,"column":3}},"loc":{"start":{"line":20,"column":25},"end":{"line":27,"column":3}},"line":20},"4":{"name":"(anonymous_4)","decl":{"start":{"line":29,"column":2},"end":{"line":29,"column":3}},"loc":{"start":{"line":29,"column":19},"end":{"line":36,"column":3}},"line":29}},"branchMap":{"0":{"loc":{"start":{"line":10,"column":4},"end":{"line":12,"column":5}},"type":"if","locations":[{"start":{"line":10,"column":4},"end":{"line":12,"column":5}},{"start":{},"end":{}}],"line":10},"1":{"loc":{"start":{"line":22,"column":4},"end":{"line":24,"column":5}},"type":"if","locations":[{"start":{"line":22,"column":4},"end":{"line":24,"column":5}},{"start":{},"end":{}}],"line":22},"2":{"loc":{"start":{"line":31,"column":4},"end":{"line":33,"column":5}},"type":"if","locations":[{"start":{"line":31,"column":4},"end":{"line":33,"column":5}},{"start":{},"end":{}}],"line":31}},"s":{"0":1,"1":1,"2":2,"3":2,"4":1,"5":1,"6":1,"7":2,"8":2,"9":1,"10":1,"11":1,"12":2,"13":2,"14":1,"15":1,"16":1,"17":1},"f":{"0":1,"1":2,"2":1,"3":2,"4":2},"b":{"0":[1,1],"1":[1,1],"2":[1,1]},"_coverageSchema":"1a1c01bbd47fc00a2c39e90264f33305004495a9","hash":"d3b93ffbfb885638fe8b69cce62da5f6cdbec2d8"}
,"\\\\ckik-pdc\\Diakok\\2021_B\\detari.viktoria\\Vizsgaremek_Lilla_Viki\\Backend\\api\\services\\celcsoportService.js": {"path":"\\\\ckik-pdc\\Diakok\\2021_B\\detari.viktoria\\Vizsgaremek_Lilla_Viki\\Backend\\api\\services\\celcsoportService.js","statementMap":{"0":{"start":{"line":1,"column":11},"end":{"line":1,"column":37}},"1":{"start":{"line":5,"column":4},"end":{"line":5,"column":41}},"2":{"start":{"line":9,"column":23},"end":{"line":9,"column":55}},"3":{"start":{"line":10,"column":4},"end":{"line":12,"column":5}},"4":{"start":{"line":11,"column":6},"end":{"line":11,"column":50}},"5":{"start":{"line":13,"column":4},"end":{"line":13,"column":22}},"6":{"start":{"line":17,"column":4},"end":{"line":17,"column":44}},"7":{"start":{"line":21,"column":23},"end":{"line":21,"column":55}},"8":{"start":{"line":22,"column":4},"end":{"line":24,"column":5}},"9":{"start":{"line":23,"column":6},"end":{"line":23,"column":50}},"10":{"start":{"line":25,"column":4},"end":{"line":25,"column":34}},"11":{"start":{"line":26,"column":4},"end":{"line":26,"column":22}},"12":{"start":{"line":30,"column":23},"end":{"line":30,"column":55}},"13":{"start":{"line":31,"column":4},"end":{"line":33,"column":5}},"14":{"start":{"line":32,"column":6},"end":{"line":32,"column":50}},"15":{"start":{"line":34,"column":4},"end":{"line":34,"column":31}},"16":{"start":{"line":35,"column":4},"end":{"line":35,"column":16}},"17":{"start":{"line":39,"column":0},"end":{"line":39,"column":41}}},"fnMap":{"0":{"name":"(anonymous_0)","decl":{"start":{"line":4,"column":2},"end":{"line":4,"column":3}},"loc":{"start":{"line":4,"column":17},"end":{"line":6,"column":3}},"line":4},"1":{"name":"(anonymous_1)","decl":{"start":{"line":8,"column":2},"end":{"line":8,"column":3}},"loc":{"start":{"line":8,"column":20},"end":{"line":14,"column":3}},"line":8},"2":{"name":"(anonymous_2)","decl":{"start":{"line":16,"column":2},"end":{"line":16,"column":3}},"loc":{"start":{"line":16,"column":21},"end":{"line":18,"column":3}},"line":16},"3":{"name":"(anonymous_3)","decl":{"start":{"line":20,"column":2},"end":{"line":20,"column":3}},"loc":{"start":{"line":20,"column":25},"end":{"line":27,"column":3}},"line":20},"4":{"name":"(anonymous_4)","decl":{"start":{"line":29,"column":2},"end":{"line":29,"column":3}},"loc":{"start":{"line":29,"column":19},"end":{"line":36,"column":3}},"line":29}},"branchMap":{"0":{"loc":{"start":{"line":10,"column":4},"end":{"line":12,"column":5}},"type":"if","locations":[{"start":{"line":10,"column":4},"end":{"line":12,"column":5}},{"start":{},"end":{}}],"line":10},"1":{"loc":{"start":{"line":22,"column":4},"end":{"line":24,"column":5}},"type":"if","locations":[{"start":{"line":22,"column":4},"end":{"line":24,"column":5}},{"start":{},"end":{}}],"line":22},"2":{"loc":{"start":{"line":31,"column":4},"end":{"line":33,"column":5}},"type":"if","locations":[{"start":{"line":31,"column":4},"end":{"line":33,"column":5}},{"start":{},"end":{}}],"line":31}},"s":{"0":1,"1":1,"2":2,"3":2,"4":1,"5":1,"6":1,"7":2,"8":2,"9":1,"10":1,"11":1,"12":2,"13":2,"14":1,"15":1,"16":1,"17":1},"f":{"0":1,"1":2,"2":1,"3":2,"4":2},"b":{"0":[1,1],"1":[1,1],"2":[1,1]},"_coverageSchema":"1a1c01bbd47fc00a2c39e90264f33305004495a9","hash":"0d141991929c5fbb489533c83967532947eab58b"}
,"\\\\ckik-pdc\\Diakok\\2021_B\\detari.viktoria\\Vizsgaremek_Lilla_Viki\\Backend\\api\\services\\meghivoService.js": {"path":"\\\\ckik-pdc\\Diakok\\2021_B\\detari.viktoria\\Vizsgaremek_Lilla_Viki\\Backend\\api\\services\\meghivoService.js","statementMap":{"0":{"start":{"line":1,"column":11},"end":{"line":1,"column":37}},"1":{"start":{"line":5,"column":4},"end":{"line":5,"column":38}},"2":{"start":{"line":9,"column":20},"end":{"line":9,"column":49}},"3":{"start":{"line":10,"column":4},"end":{"line":12,"column":5}},"4":{"start":{"line":11,"column":6},"end":{"line":11,"column":47}},"5":{"start":{"line":13,"column":4},"end":{"line":13,"column":19}},"6":{"start":{"line":17,"column":4},"end":{"line":17,"column":41}},"7":{"start":{"line":21,"column":20},"end":{"line":21,"column":49}},"8":{"start":{"line":22,"column":4},"end":{"line":24,"column":5}},"9":{"start":{"line":23,"column":6},"end":{"line":23,"column":47}},"10":{"start":{"line":25,"column":4},"end":{"line":25,"column":31}},"11":{"start":{"line":26,"column":4},"end":{"line":26,"column":19}},"12":{"start":{"line":30,"column":20},"end":{"line":30,"column":49}},"13":{"start":{"line":31,"column":4},"end":{"line":33,"column":5}},"14":{"start":{"line":32,"column":6},"end":{"line":32,"column":47}},"15":{"start":{"line":34,"column":4},"end":{"line":34,"column":28}},"16":{"start":{"line":35,"column":4},"end":{"line":35,"column":16}},"17":{"start":{"line":39,"column":0},"end":{"line":39,"column":38}}},"fnMap":{"0":{"name":"(anonymous_0)","decl":{"start":{"line":4,"column":2},"end":{"line":4,"column":3}},"loc":{"start":{"line":4,"column":17},"end":{"line":6,"column":3}},"line":4},"1":{"name":"(anonymous_1)","decl":{"start":{"line":8,"column":2},"end":{"line":8,"column":3}},"loc":{"start":{"line":8,"column":20},"end":{"line":14,"column":3}},"line":8},"2":{"name":"(anonymous_2)","decl":{"start":{"line":16,"column":2},"end":{"line":16,"column":3}},"loc":{"start":{"line":16,"column":21},"end":{"line":18,"column":3}},"line":16},"3":{"name":"(anonymous_3)","decl":{"start":{"line":20,"column":2},"end":{"line":20,"column":3}},"loc":{"start":{"line":20,"column":25},"end":{"line":27,"column":3}},"line":20},"4":{"name":"(anonymous_4)","decl":{"start":{"line":29,"column":2},"end":{"line":29,"column":3}},"loc":{"start":{"line":29,"column":19},"end":{"line":36,"column":3}},"line":29}},"branchMap":{"0":{"loc":{"start":{"line":10,"column":4},"end":{"line":12,"column":5}},"type":"if","locations":[{"start":{"line":10,"column":4},"end":{"line":12,"column":5}},{"start":{},"end":{}}],"line":10},"1":{"loc":{"start":{"line":22,"column":4},"end":{"line":24,"column":5}},"type":"if","locations":[{"start":{"line":22,"column":4},"end":{"line":24,"column":5}},{"start":{},"end":{}}],"line":22},"2":{"loc":{"start":{"line":31,"column":4},"end":{"line":33,"column":5}},"type":"if","locations":[{"start":{"line":31,"column":4},"end":{"line":33,"column":5}},{"start":{},"end":{}}],"line":31}},"s":{"0":1,"1":1,"2":2,"3":2,"4":1,"5":1,"6":1,"7":2,"8":2,"9":1,"10":1,"11":1,"12":2,"13":2,"14":1,"15":1,"16":1,"17":1},"f":{"0":1,"1":2,"2":1,"3":2,"4":2},"b":{"0":[1,1],"1":[1,1],"2":[1,1]},"_coverageSchema":"1a1c01bbd47fc00a2c39e90264f33305004495a9","hash":"69161c77dd5cecbb285bcbc1e79876e33c092740"}
,"\\\\ckik-pdc\\Diakok\\2021_B\\detari.viktoria\\Vizsgaremek_Lilla_Viki\\Backend\\api\\services\\stilusService.js": {"path":"\\\\ckik-pdc\\Diakok\\2021_B\\detari.viktoria\\Vizsgaremek_Lilla_Viki\\Backend\\api\\services\\stilusService.js","statementMap":{"0":{"start":{"line":1,"column":11},"end":{"line":1,"column":37}},"1":{"start":{"line":5,"column":4},"end":{"line":5,"column":37}},"2":{"start":{"line":9,"column":19},"end":{"line":9,"column":47}},"3":{"start":{"line":10,"column":4},"end":{"line":12,"column":5}},"4":{"start":{"line":11,"column":6},"end":{"line":11,"column":46}},"5":{"start":{"line":13,"column":4},"end":{"line":13,"column":18}},"6":{"start":{"line":17,"column":4},"end":{"line":17,"column":40}},"7":{"start":{"line":21,"column":19},"end":{"line":21,"column":47}},"8":{"start":{"line":22,"column":4},"end":{"line":24,"column":5}},"9":{"start":{"line":23,"column":6},"end":{"line":23,"column":46}},"10":{"start":{"line":25,"column":4},"end":{"line":25,"column":30}},"11":{"start":{"line":26,"column":4},"end":{"line":26,"column":18}},"12":{"start":{"line":30,"column":19},"end":{"line":30,"column":47}},"13":{"start":{"line":31,"column":4},"end":{"line":33,"column":5}},"14":{"start":{"line":32,"column":6},"end":{"line":32,"column":46}},"15":{"start":{"line":34,"column":4},"end":{"line":34,"column":27}},"16":{"start":{"line":35,"column":4},"end":{"line":35,"column":16}},"17":{"start":{"line":39,"column":0},"end":{"line":39,"column":37}}},"fnMap":{"0":{"name":"(anonymous_0)","decl":{"start":{"line":4,"column":2},"end":{"line":4,"column":3}},"loc":{"start":{"line":4,"column":17},"end":{"line":6,"column":3}},"line":4},"1":{"name":"(anonymous_1)","decl":{"start":{"line":8,"column":2},"end":{"line":8,"column":3}},"loc":{"start":{"line":8,"column":20},"end":{"line":14,"column":3}},"line":8},"2":{"name":"(anonymous_2)","decl":{"start":{"line":16,"column":2},"end":{"line":16,"column":3}},"loc":{"start":{"line":16,"column":21},"end":{"line":18,"column":3}},"line":16},"3":{"name":"(anonymous_3)","decl":{"start":{"line":20,"column":2},"end":{"line":20,"column":3}},"loc":{"start":{"line":20,"column":25},"end":{"line":27,"column":3}},"line":20},"4":{"name":"(anonymous_4)","decl":{"start":{"line":29,"column":2},"end":{"line":29,"column":3}},"loc":{"start":{"line":29,"column":19},"end":{"line":36,"column":3}},"line":29}},"branchMap":{"0":{"loc":{"start":{"line":10,"column":4},"end":{"line":12,"column":5}},"type":"if","locations":[{"start":{"line":10,"column":4},"end":{"line":12,"column":5}},{"start":{},"end":{}}],"line":10},"1":{"loc":{"start":{"line":22,"column":4},"end":{"line":24,"column":5}},"type":"if","locations":[{"start":{"line":22,"column":4},"end":{"line":24,"column":5}},{"start":{},"end":{}}],"line":22},"2":{"loc":{"start":{"line":31,"column":4},"end":{"line":33,"column":5}},"type":"if","locations":[{"start":{"line":31,"column":4},"end":{"line":33,"column":5}},{"start":{},"end":{}}],"line":31}},"s":{"0":1,"1":1,"2":2,"3":2,"4":1,"5":1,"6":1,"7":2,"8":2,"9":1,"10":1,"11":1,"12":2,"13":2,"14":1,"15":1,"16":1,"17":1},"f":{"0":1,"1":2,"2":1,"3":2,"4":2},"b":{"0":[1,1],"1":[1,1],"2":[1,1]},"_coverageSchema":"1a1c01bbd47fc00a2c39e90264f33305004495a9","hash":"7bb4ed0e07479ca7229df3e01fb60d36843f5aad"}
,"\\\\ckik-pdc\\Diakok\\2021_B\\detari.viktoria\\Vizsgaremek_Lilla_Viki\\Backend\\api\\services\\userService.js": {"path":"\\\\ckik-pdc\\Diakok\\2021_B\\detari.viktoria\\Vizsgaremek_Lilla_Viki\\Backend\\api\\services\\userService.js","statementMap":{"0":{"start":{"line":1,"column":11},"end":{"line":1,"column":37}},"1":{"start":{"line":2,"column":15},"end":{"line":2,"column":32}},"2":{"start":{"line":6,"column":4},"end":{"line":8,"column":7}},"3":{"start":{"line":12,"column":17},"end":{"line":14,"column":6}},"4":{"start":{"line":15,"column":4},"end":{"line":17,"column":5}},"5":{"start":{"line":16,"column":6},"end":{"line":16,"column":51}},"6":{"start":{"line":18,"column":4},"end":{"line":18,"column":16}},"7":{"start":{"line":22,"column":4},"end":{"line":22,"column":45}},"8":{"start":{"line":26,"column":17},"end":{"line":26,"column":50}},"9":{"start":{"line":27,"column":4},"end":{"line":29,"column":5}},"10":{"start":{"line":28,"column":6},"end":{"line":28,"column":51}},"11":{"start":{"line":30,"column":4},"end":{"line":30,"column":28}},"12":{"start":{"line":31,"column":4},"end":{"line":31,"column":16}},"13":{"start":{"line":35,"column":17},"end":{"line":35,"column":50}},"14":{"start":{"line":36,"column":4},"end":{"line":38,"column":5}},"15":{"start":{"line":37,"column":6},"end":{"line":37,"column":51}},"16":{"start":{"line":39,"column":4},"end":{"line":39,"column":25}},"17":{"start":{"line":40,"column":4},"end":{"line":40,"column":16}},"18":{"start":{"line":44,"column":0},"end":{"line":44,"column":35}}},"fnMap":{"0":{"name":"(anonymous_0)","decl":{"start":{"line":5,"column":2},"end":{"line":5,"column":3}},"loc":{"start":{"line":5,"column":17},"end":{"line":9,"column":3}},"line":5},"1":{"name":"(anonymous_1)","decl":{"start":{"line":11,"column":2},"end":{"line":11,"column":3}},"loc":{"start":{"line":11,"column":20},"end":{"line":19,"column":3}},"line":11},"2":{"name":"(anonymous_2)","decl":{"start":{"line":21,"column":2},"end":{"line":21,"column":3}},"loc":{"start":{"line":21,"column":21},"end":{"line":23,"column":3}},"line":21},"3":{"name":"(anonymous_3)","decl":{"start":{"line":25,"column":2},"end":{"line":25,"column":3}},"loc":{"start":{"line":25,"column":25},"end":{"line":32,"column":3}},"line":25},"4":{"name":"(anonymous_4)","decl":{"start":{"line":34,"column":2},"end":{"line":34,"column":3}},"loc":{"start":{"line":34,"column":19},"end":{"line":41,"column":3}},"line":34}},"branchMap":{"0":{"loc":{"start":{"line":15,"column":4},"end":{"line":17,"column":5}},"type":"if","locations":[{"start":{"line":15,"column":4},"end":{"line":17,"column":5}},{"start":{},"end":{}}],"line":15},"1":{"loc":{"start":{"line":27,"column":4},"end":{"line":29,"column":5}},"type":"if","locations":[{"start":{"line":27,"column":4},"end":{"line":29,"column":5}},{"start":{},"end":{}}],"line":27},"2":{"loc":{"start":{"line":36,"column":4},"end":{"line":38,"column":5}},"type":"if","locations":[{"start":{"line":36,"column":4},"end":{"line":38,"column":5}},{"start":{},"end":{}}],"line":36}},"s":{"0":1,"1":1,"2":1,"3":2,"4":2,"5":1,"6":1,"7":1,"8":2,"9":2,"10":1,"11":1,"12":1,"13":2,"14":2,"15":1,"16":1,"17":1,"18":1},"f":{"0":1,"1":2,"2":1,"3":2,"4":2},"b":{"0":[1,1],"1":[1,1],"2":[1,1]},"_coverageSchema":"1a1c01bbd47fc00a2c39e90264f33305004495a9","hash":"8162e7d42fa3ce7396c50a9b240ee187a9953f0f"}
,"\\\\ckik-pdc\\Diakok\\2021_B\\detari.viktoria\\Vizsgaremek_Lilla_Viki\\Backend\\api\\utilities\\emailService.js": {"path":"\\\\ckik-pdc\\Diakok\\2021_B\\detari.viktoria\\Vizsgaremek_Lilla_Viki\\Backend\\api\\utilities\\emailService.js","statementMap":{"0":{"start":{"line":1,"column":19},"end":{"line":1,"column":40}},"1":{"start":{"line":3,"column":13},"end":{"line":3,"column":28}},"2":{"start":{"line":9,"column":0},"end":{"line":9,"column":71}},"3":{"start":{"line":11,"column":0},"end":{"line":11,"column":27}},"4":{"start":{"line":15,"column":0},"end":{"line":21,"column":3}},"5":{"start":{"line":25,"column":20},"end":{"line":37,"column":2}},"6":{"start":{"line":41,"column":18},"end":{"line":87,"column":1}},"7":{"start":{"line":43,"column":2},"end":{"line":85,"column":3}},"8":{"start":{"line":45,"column":4},"end":{"line":49,"column":5}},"9":{"start":{"line":47,"column":6},"end":{"line":47,"column":79}},"10":{"start":{"line":53,"column":17},"end":{"line":65,"column":6}},"11":{"start":{"line":67,"column":4},"end":{"line":67,"column":54}},"12":{"start":{"line":69,"column":4},"end":{"line":69,"column":16}},"13":{"start":{"line":73,"column":4},"end":{"line":73,"column":54}},"14":{"start":{"line":77,"column":4},"end":{"line":81,"column":5}},"15":{"start":{"line":79,"column":6},"end":{"line":79,"column":36}},"16":{"start":{"line":83,"column":4},"end":{"line":83,"column":17}},"17":{"start":{"line":91,"column":0},"end":{"line":91,"column":31}}},"fnMap":{"0":{"name":"(anonymous_0)","decl":{"start":{"line":41,"column":18},"end":{"line":41,"column":19}},"loc":{"start":{"line":41,"column":65},"end":{"line":87,"column":1}},"line":41}},"branchMap":{"0":{"loc":{"start":{"line":17,"column":8},"end":{"line":17,"column":57}},"type":"cond-expr","locations":[{"start":{"line":17,"column":33},"end":{"line":17,"column":44}},{"start":{"line":17,"column":47},"end":{"line":17,"column":57}}],"line":17},"1":{"loc":{"start":{"line":19,"column":8},"end":{"line":19,"column":57}},"type":"cond-expr","locations":[{"start":{"line":19,"column":33},"end":{"line":19,"column":44}},{"start":{"line":19,"column":47},"end":{"line":19,"column":57}}],"line":19},"2":{"loc":{"start":{"line":41,"column":44},"end":{"line":41,"column":60}},"type":"default-arg","locations":[{"start":{"line":41,"column":58},"end":{"line":41,"column":60}}],"line":41},"3":{"loc":{"start":{"line":45,"column":4},"end":{"line":49,"column":5}},"type":"if","locations":[{"start":{"line":45,"column":4},"end":{"line":49,"column":5}},{"start":{},"end":{}}],"line":45},"4":{"loc":{"start":{"line":45,"column":8},"end":{"line":45,"column":58}},"type":"binary-expr","locations":[{"start":{"line":45,"column":8},"end":{"line":45,"column":31}},{"start":{"line":45,"column":35},"end":{"line":45,"column":58}}],"line":45},"5":{"loc":{"start":{"line":77,"column":4},"end":{"line":81,"column":5}},"type":"if","locations":[{"start":{"line":77,"column":4},"end":{"line":81,"column":5}},{"start":{},"end":{}}],"line":77}},"s":{"0":11,"1":11,"2":11,"3":11,"4":11,"5":11,"6":11,"7":2,"8":2,"9":0,"10":2,"11":2,"12":2,"13":0,"14":0,"15":0,"16":0,"17":11},"f":{"0":2},"b":{"0":[11,0],"1":[11,0],"2":[2],"3":[0,2],"4":[2,2],"5":[0,0]},"_coverageSchema":"1a1c01bbd47fc00a2c39e90264f33305004495a9","hash":"4945eacb886f2222d1bab3b53fe7faa10da0b253"}
,"\\\\ckik-pdc\\Diakok\\2021_B\\detari.viktoria\\Vizsgaremek_Lilla_Viki\\Backend\\config\\db.js": {"path":"\\\\ckik-pdc\\Diakok\\2021_B\\detari.viktoria\\Vizsgaremek_Lilla_Viki\\Backend\\config\\db.js","statementMap":{"0":{"start":{"line":1,"column":11},"end":{"line":1,"column":31}},"1":{"start":{"line":2,"column":0},"end":{"line":2,"column":20}}},"fnMap":{},"branchMap":{},"s":{"0":1,"1":1},"f":{},"b":{},"_coverageSchema":"1a1c01bbd47fc00a2c39e90264f33305004495a9","hash":"ffb26c71576a898a68328793b3f30f6a36783d2d"}
}
