TN:
SF:\\ckik-pdc\Diakok\2021_B\detari.viktoria\Vizsgaremek_Lilla_Viki\Api\app.js
FN:79,(anonymous_0)
FN:126,(anonymous_1)
FN:130,(anonymous_2)
FNF:3
FNH:1
FNDA:20,(anonymous_0)
FNDA:0,(anonymous_1)
FNDA:0,(anonymous_2)
DA:1,8
DA:2,8
DA:3,8
DA:4,8
DA:5,8
DA:6,8
DA:7,8
DA:9,8
DA:11,8
DA:74,8
DA:75,8
DA:78,8
DA:80,20
DA:81,20
DA:83,0
DA:88,8
DA:89,8
DA:90,8
DA:93,8
DA:94,8
DA:97,8
DA:98,8
DA:99,8
DA:100,8
DA:101,8
DA:102,8
DA:103,8
DA:104,8
DA:105,8
DA:106,8
DA:107,8
DA:108,8
DA:109,8
DA:112,8
DA:113,8
DA:114,8
DA:115,8
DA:116,8
DA:117,8
DA:118,8
DA:119,8
DA:120,8
DA:121,8
DA:122,8
DA:123,8
DA:124,8
DA:126,8
DA:127,0
DA:130,8
DA:131,0
DA:132,0
DA:134,0
DA:137,8
DA:138,8
DA:140,8
LF:55
LH:50
BRDA:80,0,0,20
BRDA:80,0,1,0
BRDA:80,1,0,20
BRDA:80,1,1,0
BRDA:80,1,2,0
BRDA:131,2,0,0
BRDA:131,2,1,0
BRDA:131,3,0,0
BRDA:131,3,1,0
BRDA:131,3,2,0
BRDA:131,3,3,0
BRF:11
BRH:2
end_of_record
TN:
SF:\\ckik-pdc\Diakok\2021_B\detari.viktoria\Vizsgaremek_Lilla_Viki\Api\api\controllers\ajandekController.js
FN:4,(anonymous_0)
FN:14,(anonymous_1)
FN:28,(anonymous_2)
FN:38,(anonymous_3)
FN:52,(anonymous_4)
FN:67,(anonymous_5)
FN:90,(anonymous_6)
FN:113,(anonymous_7)
FNF:8
FNH:2
FNDA:1,(anonymous_0)
FNDA:1,(anonymous_1)
FNDA:0,(anonymous_2)
FNDA:0,(anonymous_3)
FNDA:0,(anonymous_4)
FNDA:0,(anonymous_5)
FNDA:0,(anonymous_6)
FNDA:0,(anonymous_7)
DA:1,8
DA:2,8
DA:4,8
DA:5,1
DA:6,1
DA:7,1
DA:9,0
DA:10,0
DA:14,8
DA:15,1
DA:16,1
DA:17,1
DA:18,1
DA:20,0
DA:21,0
DA:23,0
DA:24,0
DA:28,8
DA:29,0
DA:30,0
DA:31,0
DA:33,0
DA:34,0
DA:38,8
DA:39,0
DA:40,0
DA:41,0
DA:42,0
DA:44,0
DA:45,0
DA:47,0
DA:48,0
DA:52,8
DA:53,0
DA:54,0
DA:55,0
DA:56,0
DA:58,0
DA:59,0
DA:61,0
DA:62,0
DA:67,8
DA:68,0
DA:69,0
DA:70,0
DA:71,0
DA:82,0
DA:84,0
DA:85,0
DA:90,8
DA:91,0
DA:92,0
DA:93,0
DA:94,0
DA:105,0
DA:107,0
DA:108,0
DA:113,8
DA:114,0
DA:115,0
DA:116,0
DA:117,0
DA:128,0
DA:130,0
DA:131,0
LF:65
LH:17
BRDA:20,0,0,0
BRDA:20,0,1,0
BRDA:44,1,0,0
BRDA:44,1,1,0
BRDA:58,2,0,0
BRDA:58,2,1,0
BRF:6
BRH:0
end_of_record
TN:
SF:\\ckik-pdc\Diakok\2021_B\detari.viktoria\Vizsgaremek_Lilla_Viki\Api\api\controllers\alkalomController.js
FN:3,(anonymous_0)
FN:13,(anonymous_1)
FN:22,(anonymous_2)
FNF:3
FNH:3
FNDA:1,(anonymous_0)
FNDA:1,(anonymous_1)
FNDA:1,(anonymous_2)
DA:1,8
DA:3,8
DA:4,1
DA:5,1
DA:6,1
DA:8,0
DA:9,0
DA:13,8
DA:14,1
DA:15,1
DA:16,1
DA:18,0
DA:22,8
DA:23,1
DA:24,1
DA:25,1
DA:27,0
LF:17
LH:13
BRF:0
BRH:0
end_of_record
TN:
SF:\\ckik-pdc\Diakok\2021_B\detari.viktoria\Vizsgaremek_Lilla_Viki\Api\api\controllers\celcsoportController.js
FN:3,(anonymous_0)
FN:13,(anonymous_1)
FN:22,(anonymous_2)
FNF:3
FNH:3
FNDA:1,(anonymous_0)
FNDA:1,(anonymous_1)
FNDA:1,(anonymous_2)
DA:1,8
DA:3,8
DA:4,1
DA:5,1
DA:6,1
DA:8,0
DA:9,0
DA:13,8
DA:14,1
DA:15,1
DA:16,1
DA:18,0
DA:22,8
DA:23,1
DA:24,1
DA:25,1
DA:27,0
LF:17
LH:13
BRF:0
BRH:0
end_of_record
TN:
SF:\\ckik-pdc\Diakok\2021_B\detari.viktoria\Vizsgaremek_Lilla_Viki\Api\api\controllers\chatController.js
FN:4,(anonymous_0)
FN:26,(anonymous_1)
FN:53,(anonymous_2)
FN:70,(anonymous_3)
FN:91,(anonymous_4)
FN:102,(anonymous_5)
FNF:6
FNH:0
FNDA:0,(anonymous_0)
FNDA:0,(anonymous_1)
FNDA:0,(anonymous_2)
FNDA:0,(anonymous_3)
FNDA:0,(anonymous_4)
FNDA:0,(anonymous_5)
DA:1,8
DA:4,8
DA:5,0
DA:6,0
DA:8,0
DA:9,0
DA:12,0
DA:18,0
DA:20,0
DA:21,0
DA:26,8
DA:27,0
DA:28,0
DA:30,0
DA:31,0
DA:34,0
DA:45,0
DA:47,0
DA:48,0
DA:53,8
DA:54,0
DA:55,0
DA:56,0
DA:62,0
DA:64,0
DA:65,0
DA:70,8
DA:71,0
DA:72,0
DA:73,0
DA:83,0
DA:85,0
DA:86,0
DA:91,8
DA:92,0
DA:93,0
DA:94,0
DA:102,0
DA:103,0
DA:105,0
DA:106,0
LF:41
LH:6
BRDA:8,0,0,0
BRDA:8,0,1,0
BRDA:8,1,0,0
BRDA:8,1,1,0
BRDA:8,1,2,0
BRDA:8,1,3,0
BRDA:30,2,0,0
BRDA:30,2,1,0
BRDA:30,3,0,0
BRDA:30,3,1,0
BRF:10
BRH:0
end_of_record
TN:
SF:\\ckik-pdc\Diakok\2021_B\detari.viktoria\Vizsgaremek_Lilla_Viki\Api\api\controllers\couponController.js
FN:5,(anonymous_0)
FN:26,(anonymous_1)
FNF:2
FNH:0
FNDA:0,(anonymous_0)
FNDA:0,(anonymous_1)
DA:1,8
DA:2,8
DA:5,8
DA:6,0
DA:7,0
DA:8,0
DA:10,0
DA:26,0
DA:32,0
DA:34,0
DA:35,0
LF:11
LH:3
BRF:0
BRH:0
end_of_record
TN:
SF:\\ckik-pdc\Diakok\2021_B\detari.viktoria\Vizsgaremek_Lilla_Viki\Api\api\controllers\elozmenyekController.js
FN:5,(anonymous_0)
FN:53,(anonymous_1)
FNF:2
FNH:2
FNDA:1,(anonymous_0)
FNDA:1,(anonymous_1)
DA:1,8
DA:5,8
DA:7,1
DA:9,1
DA:11,1
DA:31,1
DA:33,0
DA:39,1
DA:43,0
DA:45,0
DA:53,8
DA:54,1
DA:55,1
DA:57,1
DA:58,1
DA:59,1
DA:61,1
DA:62,0
DA:64,1
DA:66,1
DA:68,0
DA:69,0
LF:22
LH:16
BRDA:31,0,0,0
BRDA:31,0,1,1
BRDA:61,1,0,0
BRDA:61,1,1,1
BRDA:61,2,0,1
BRDA:61,2,1,1
BRF:6
BRH:4
end_of_record
TN:
SF:\\ckik-pdc\Diakok\2021_B\detari.viktoria\Vizsgaremek_Lilla_Viki\Api\api\controllers\inviteController.js
FN:8,(anonymous_0)
FN:73,(anonymous_1)
FNF:2
FNH:1
FNDA:1,(anonymous_0)
FNDA:0,(anonymous_1)
DA:1,8
DA:2,8
DA:3,8
DA:4,8
DA:8,8
DA:9,1
DA:10,1
DA:12,1
DA:13,0
DA:16,1
DA:18,1
DA:20,0
DA:25,1
DA:26,1
DA:28,1
DA:29,1
DA:38,1
DA:39,1
DA:40,1
DA:41,1
DA:47,0
DA:50,1
DA:52,1
DA:54,1
DA:61,1
DA:64,0
DA:68,0
DA:73,8
DA:74,0
DA:75,0
DA:77,0
DA:78,0
DA:81,0
DA:84,0
DA:92,0
DA:93,0
DA:101,0
DA:102,0
DA:109,0
DA:110,0
DA:116,0
DA:127,0
DA:128,0
DA:129,0
DA:132,0
DA:133,0
DA:143,0
DA:146,0
DA:147,0
LF:49
LH:23
BRDA:12,0,0,0
BRDA:12,0,1,1
BRDA:12,1,0,1
BRDA:12,1,1,1
BRDA:18,2,0,0
BRDA:18,2,1,1
BRDA:25,3,0,1
BRDA:25,3,1,1
BRDA:40,4,0,1
BRDA:40,4,1,0
BRDA:52,5,0,1
BRDA:52,5,1,0
BRDA:77,6,0,0
BRDA:77,6,1,0
BRDA:101,7,0,0
BRDA:101,7,1,0
BRDA:109,8,0,0
BRDA:109,8,1,0
BRDA:128,9,0,0
BRDA:128,9,1,0
BRDA:128,10,0,0
BRDA:128,10,1,0
BRDA:132,11,0,0
BRDA:132,11,1,0
BRF:24
BRH:8
end_of_record
TN:
SF:\\ckik-pdc\Diakok\2021_B\detari.viktoria\Vizsgaremek_Lilla_Viki\Api\api\controllers\kategoriaController.js
FN:3,(anonymous_0)
FN:3,(anonymous_1)
FN:4,(anonymous_2)
FN:4,(anonymous_3)
FN:5,(anonymous_4)
FN:5,(anonymous_5)
FN:6,(anonymous_6)
FN:6,(anonymous_7)
FN:7,(anonymous_8)
FN:7,(anonymous_9)
FNF:10
FNH:0
FNDA:0,(anonymous_0)
FNDA:0,(anonymous_1)
FNDA:0,(anonymous_2)
FNDA:0,(anonymous_3)
FNDA:0,(anonymous_4)
FNDA:0,(anonymous_5)
FNDA:0,(anonymous_6)
FNDA:0,(anonymous_7)
FNDA:0,(anonymous_8)
FNDA:0,(anonymous_9)
DA:1,8
DA:3,8
DA:4,8
DA:5,8
DA:6,8
DA:7,8
LF:6
LH:6
BRDA:3,0,0,0
BRDA:3,0,1,0
BRDA:4,1,0,0
BRDA:4,1,1,0
BRDA:4,2,0,0
BRDA:4,2,1,0
BRDA:5,3,0,0
BRDA:5,3,1,0
BRDA:6,4,0,0
BRDA:6,4,1,0
BRDA:7,5,0,0
BRDA:7,5,1,0
BRF:12
BRH:0
end_of_record
TN:
SF:\\ckik-pdc\Diakok\2021_B\detari.viktoria\Vizsgaremek_Lilla_Viki\Api\api\controllers\kedvencekController.js
FN:4,(anonymous_0)
FN:35,(anonymous_1)
FN:57,(anonymous_2)
FNF:3
FNH:2
FNDA:1,(anonymous_0)
FNDA:1,(anonymous_1)
FNDA:0,(anonymous_2)
DA:1,8
DA:4,8
DA:5,1
DA:6,1
DA:7,1
DA:23,1
DA:24,0
DA:27,1
DA:29,0
DA:30,0
DA:35,8
DA:36,1
DA:37,1
DA:39,1
DA:40,1
DA:41,1
DA:43,1
DA:44,0
DA:47,1
DA:49,1
DA:51,0
DA:52,0
DA:57,8
DA:58,0
DA:60,0
DA:61,0
DA:62,0
DA:64,0
DA:65,0
DA:68,0
DA:70,0
DA:72,0
DA:73,0
LF:33
LH:17
BRDA:23,0,0,0
BRDA:23,0,1,1
BRDA:43,1,0,0
BRDA:43,1,1,1
BRDA:43,2,0,1
BRDA:43,2,1,1
BRDA:64,3,0,0
BRDA:64,3,1,0
BRDA:64,4,0,0
BRDA:64,4,1,0
BRF:10
BRH:4
end_of_record
TN:
SF:\\ckik-pdc\Diakok\2021_B\detari.viktoria\Vizsgaremek_Lilla_Viki\Api\api\controllers\notificationController.js
FN:4,(anonymous_0)
FN:19,(anonymous_1)
FN:34,(anonymous_2)
FNF:3
FNH:0
FNDA:0,(anonymous_0)
FNDA:0,(anonymous_1)
FNDA:0,(anonymous_2)
DA:1,8
DA:4,8
DA:5,0
DA:6,0
DA:7,0
DA:11,0
DA:13,0
DA:14,0
DA:19,8
DA:20,0
DA:21,0
DA:22,0
DA:26,0
DA:28,0
DA:29,0
DA:34,8
DA:35,0
DA:36,0
DA:37,0
DA:41,0
DA:43,0
DA:44,0
LF:22
LH:4
BRF:0
BRH:0
end_of_record
TN:
SF:\\ckik-pdc\Diakok\2021_B\detari.viktoria\Vizsgaremek_Lilla_Viki\Api\api\controllers\stilusController.js
FN:3,(anonymous_0)
FN:13,(anonymous_1)
FN:22,(anonymous_2)
FNF:3
FNH:3
FNDA:1,(anonymous_0)
FNDA:1,(anonymous_1)
FNDA:1,(anonymous_2)
DA:1,8
DA:3,8
DA:4,1
DA:5,1
DA:6,1
DA:8,0
DA:9,0
DA:13,8
DA:14,1
DA:15,1
DA:16,1
DA:18,0
DA:22,8
DA:23,1
DA:24,1
DA:25,1
DA:27,0
LF:17
LH:13
BRF:0
BRH:0
end_of_record
TN:
SF:\\ckik-pdc\Diakok\2021_B\detari.viktoria\Vizsgaremek_Lilla_Viki\Api\api\controllers\uploadController.js
FN:6,(anonymous_0)
FN:10,(anonymous_1)
FN:19,(anonymous_2)
FN:35,(anonymous_3)
FNF:4
FNH:0
FNDA:0,(anonymous_0)
FNDA:0,(anonymous_1)
FNDA:0,(anonymous_2)
FNDA:0,(anonymous_3)
DA:1,8
DA:2,8
DA:5,8
DA:8,0
DA:14,0
DA:19,8
DA:20,0
DA:21,0
DA:23,0
DA:27,8
DA:33,8
DA:35,8
DA:36,0
DA:37,0
DA:40,0
LF:15
LH:7
BRDA:20,0,0,0
BRDA:20,0,1,0
BRDA:36,1,0,0
BRDA:36,1,1,0
BRF:4
BRH:0
end_of_record
TN:
SF:\\ckik-pdc\Diakok\2021_B\detari.viktoria\Vizsgaremek_Lilla_Viki\Api\api\controllers\userController.js
FN:15,(anonymous_0)
FN:52,(anonymous_1)
FN:65,(anonymous_2)
FN:81,(anonymous_3)
FN:122,(anonymous_4)
FN:193,(anonymous_5)
FN:229,(anonymous_6)
FN:258,(anonymous_7)
FN:336,(anonymous_8)
FN:350,(anonymous_9)
FN:356,(anonymous_10)
FNF:11
FNH:2
FNDA:0,(anonymous_0)
FNDA:1,(anonymous_1)
FNDA:0,(anonymous_2)
FNDA:0,(anonymous_3)
FNDA:0,(anonymous_4)
FNDA:0,(anonymous_5)
FNDA:0,(anonymous_6)
FNDA:1,(anonymous_7)
FNDA:0,(anonymous_8)
FNDA:0,(anonymous_9)
FNDA:0,(anonymous_10)
DA:1,8
DA:2,8
DA:3,8
DA:4,8
DA:6,8
DA:8,8
DA:10,8
DA:15,8
DA:16,0
DA:17,0
DA:18,0
DA:20,0
DA:21,0
DA:24,0
DA:25,0
DA:26,0
DA:30,0
DA:37,0
DA:44,0
DA:46,0
DA:47,0
DA:52,8
DA:53,1
DA:54,1
DA:57,1
DA:59,0
DA:60,0
DA:65,8
DA:66,0
DA:67,0
DA:68,0
DA:71,0
DA:72,0
DA:73,0
DA:75,0
DA:76,0
DA:81,8
DA:82,0
DA:83,0
DA:84,0
DA:85,0
DA:86,0
DA:88,0
DA:89,0
DA:90,0
DA:91,0
DA:92,0
DA:95,0
DA:98,0
DA:99,0
DA:100,0
DA:101,0
DA:102,0
DA:105,0
DA:108,0
DA:109,0
DA:112,0
DA:114,0
DA:116,0
DA:117,0
DA:122,8
DA:123,0
DA:124,0
DA:126,0
DA:129,0
DA:130,0
DA:133,0
DA:134,0
DA:135,0
DA:137,0
DA:138,0
DA:139,0
DA:140,0
DA:142,0
DA:146,0
DA:147,0
DA:150,0
DA:151,0
DA:152,0
DA:154,0
DA:155,0
DA:156,0
DA:158,0
DA:161,0
DA:162,0
DA:164,0
DA:171,0
DA:174,0
DA:175,0
DA:177,0
DA:187,0
DA:188,0
DA:193,8
DA:194,0
DA:195,0
DA:196,0
DA:197,0
DA:199,0
DA:200,0
DA:203,0
DA:204,0
DA:205,0
DA:206,0
DA:208,0
DA:210,0
DA:211,0
DA:219,0
DA:221,0
DA:223,0
DA:224,0
DA:229,8
DA:230,0
DA:231,0
DA:232,0
DA:239,0
DA:240,0
DA:243,0
DA:244,0
DA:245,0
DA:246,0
DA:248,0
DA:250,0
DA:251,0
DA:258,8
DA:259,1
DA:262,1
DA:264,1
DA:265,1
DA:266,1
DA:267,0
DA:268,0
DA:271,1
DA:272,1
DA:273,0
DA:274,0
DA:277,1
DA:285,1
DA:286,0
DA:295,0
DA:296,0
DA:297,0
DA:298,0
DA:300,0
DA:308,0
DA:309,0
DA:311,0
DA:316,0
DA:324,1
DA:327,1
DA:328,0
DA:329,0
DA:330,0
DA:331,0
DA:336,0
DA:340,1
DA:343,0
DA:344,0
DA:345,0
DA:350,8
DA:351,0
DA:352,0
DA:356,8
DA:358,0
DA:360,0
DA:361,0
DA:362,0
DA:363,0
DA:366,0
DA:367,0
DA:370,0
DA:371,0
DA:372,0
DA:374,0
DA:375,0
LF:174
LH:32
BRDA:10,0,0,8
BRDA:10,0,1,1
BRDA:20,1,0,0
BRDA:20,1,1,0
BRDA:25,2,0,0
BRDA:25,2,1,0
BRDA:71,3,0,0
BRDA:71,3,1,0
BRDA:86,4,0,0
BRDA:86,4,1,0
BRDA:88,5,0,0
BRDA:88,5,1,0
BRDA:88,6,0,0
BRDA:88,6,1,0
BRDA:89,7,0,0
BRDA:89,7,1,0
BRDA:91,8,0,0
BRDA:91,8,1,0
BRDA:98,9,0,0
BRDA:98,9,1,0
BRDA:98,10,0,0
BRDA:98,10,1,0
BRDA:99,11,0,0
BRDA:99,11,1,0
BRDA:101,12,0,0
BRDA:101,12,1,0
BRDA:108,13,0,0
BRDA:108,13,1,0
BRDA:108,14,0,0
BRDA:108,14,1,0
BRDA:129,15,0,0
BRDA:129,15,1,0
BRDA:129,16,0,0
BRDA:129,16,1,0
BRDA:135,17,0,0
BRDA:135,17,1,0
BRDA:137,18,0,0
BRDA:137,18,1,0
BRDA:137,19,0,0
BRDA:137,19,1,0
BRDA:139,20,0,0
BRDA:139,20,1,0
BRDA:146,21,0,0
BRDA:146,21,1,0
BRDA:146,22,0,0
BRDA:146,22,1,0
BRDA:150,23,0,0
BRDA:150,23,1,0
BRDA:151,24,0,0
BRDA:151,24,1,0
BRDA:155,25,0,0
BRDA:155,25,1,0
BRDA:161,26,0,0
BRDA:161,26,1,0
BRDA:197,27,0,0
BRDA:197,27,1,0
BRDA:208,28,0,0
BRDA:208,28,1,0
BRDA:239,29,0,0
BRDA:239,29,1,0
BRDA:266,30,0,0
BRDA:266,30,1,1
BRDA:272,31,0,0
BRDA:272,31,1,1
BRDA:281,32,0,1
BRDA:281,32,1,1
BRDA:285,33,0,0
BRDA:285,33,1,1
BRDA:295,34,0,0
BRDA:295,34,1,0
BRDA:327,35,0,0
BRDA:327,35,1,1
BRDA:329,36,0,0
BRDA:329,36,1,0
BRDA:360,37,0,0
BRDA:360,37,1,0
BRDA:360,38,0,0
BRDA:360,38,1,0
BRDA:362,39,0,0
BRDA:362,39,1,0
BRDA:366,40,0,0
BRDA:366,40,1,0
BRDA:374,41,0,0
BRDA:374,41,1,0
BRF:84
BRH:8
end_of_record
TN:
SF:\\ckik-pdc\Diakok\2021_B\detari.viktoria\Vizsgaremek_Lilla_Viki\Api\api\errors\AppError.js
FN:3,(anonymous_0)
FNF:1
FNH:0
FNDA:0,(anonymous_0)
DA:6,0
DA:8,0
DA:10,0
DA:12,0
DA:14,0
DA:16,0
DA:20,22
LF:7
LH:1
BRDA:3,0,0,0
BRDA:4,1,0,0
BRDA:4,2,0,0
BRDA:4,3,0,0
BRDA:4,4,0,0
BRDA:4,5,0,0
BRDA:12,6,0,0
BRDA:12,6,1,0
BRDA:14,7,0,0
BRDA:14,7,1,0
BRDA:16,8,0,0
BRDA:16,8,1,0
BRF:12
BRH:0
end_of_record
TN:
SF:\\ckik-pdc\Diakok\2021_B\detari.viktoria\Vizsgaremek_Lilla_Viki\Api\api\errors\BadRequestError.js
FN:5,(anonymous_0)
FNF:1
FNH:0
FNDA:0,(anonymous_0)
DA:1,22
DA:7,0
DA:11,22
LF:3
LH:2
BRDA:5,0,0,0
BRDA:5,1,0,0
BRF:2
BRH:0
end_of_record
TN:
SF:\\ckik-pdc\Diakok\2021_B\detari.viktoria\Vizsgaremek_Lilla_Viki\Api\api\errors\DbError.js
FN:5,(anonymous_0)
FNF:1
FNH:0
FNDA:0,(anonymous_0)
DA:1,22
DA:7,0
DA:11,22
LF:3
LH:2
BRDA:5,0,0,0
BRDA:5,1,0,0
BRF:2
BRH:0
end_of_record
TN:
SF:\\ckik-pdc\Diakok\2021_B\detari.viktoria\Vizsgaremek_Lilla_Viki\Api\api\errors\NotFoundError.js
FN:5,(anonymous_0)
FNF:1
FNH:0
FNDA:0,(anonymous_0)
DA:1,22
DA:7,0
DA:11,22
LF:3
LH:2
BRDA:5,0,0,0
BRDA:5,1,0,0
BRF:2
BRH:0
end_of_record
TN:
SF:\\ckik-pdc\Diakok\2021_B\detari.viktoria\Vizsgaremek_Lilla_Viki\Api\api\errors\UnauthorizedError.js
FN:5,(anonymous_0)
FNF:1
FNH:0
FNDA:0,(anonymous_0)
DA:1,22
DA:7,0
DA:11,22
LF:3
LH:2
BRDA:5,0,0,0
BRDA:5,1,0,0
BRF:2
BRH:0
end_of_record
TN:
SF:\\ckik-pdc\Diakok\2021_B\detari.viktoria\Vizsgaremek_Lilla_Viki\Api\api\errors\ValidationError.js
FN:5,(anonymous_0)
FNF:1
FNH:0
FNDA:0,(anonymous_0)
DA:1,22
DA:7,0
DA:11,22
LF:3
LH:2
BRDA:5,0,0,0
BRDA:5,1,0,0
BRF:2
BRH:0
end_of_record
TN:
SF:\\ckik-pdc\Diakok\2021_B\detari.viktoria\Vizsgaremek_Lilla_Viki\Api\api\errors\index.js
FNF:0
FNH:0
DA:1,22
LF:1
LH:1
BRF:0
BRH:0
end_of_record
TN:
SF:\\ckik-pdc\Diakok\2021_B\detari.viktoria\Vizsgaremek_Lilla_Viki\Api\api\middlewares\auth.js
FN:3,(anonymous_0)
FN:30,(anonymous_1)
FNF:2
FNH:1
FNDA:2,(anonymous_0)
FNDA:0,(anonymous_1)
DA:1,8
DA:3,8
DA:5,2
DA:7,2
DA:8,0
DA:9,2
DA:10,0
DA:13,2
DA:14,2
DA:17,0
DA:18,0
DA:19,0
DA:20,0
DA:23,0
DA:24,0
DA:26,0
DA:30,8
DA:31,0
DA:32,0
DA:34,0
DA:37,8
LF:21
LH:9
BRDA:7,0,0,0
BRDA:7,0,1,2
BRDA:7,1,0,2
BRDA:7,1,1,0
BRDA:9,2,0,0
BRDA:9,2,1,2
BRDA:13,3,0,2
BRDA:13,3,1,0
BRDA:18,4,0,0
BRDA:18,4,1,0
BRDA:23,5,0,0
BRDA:23,5,1,0
BRDA:31,6,0,0
BRDA:31,6,1,0
BRDA:31,7,0,0
BRDA:31,7,1,0
BRF:16
BRH:4
end_of_record
TN:
SF:\\ckik-pdc\Diakok\2021_B\detari.viktoria\Vizsgaremek_Lilla_Viki\Api\api\middlewares\errorHandler.js
FN:3,(anonymous_0)
FNF:1
FNH:0
FNDA:0,(anonymous_0)
DA:3,8
DA:4,0
DA:5,0
LF:3
LH:1
BRF:0
BRH:0
end_of_record
TN:
SF:\\ckik-pdc\Diakok\2021_B\detari.viktoria\Vizsgaremek_Lilla_Viki\Api\api\models\Ajandek.js
FN:3,(anonymous_0)
FNF:1
FNH:1
FNDA:22,(anonymous_0)
DA:1,22
DA:3,22
DA:6,22
DA:43,22
LF:4
LH:4
BRF:0
BRH:0
end_of_record
TN:
SF:\\ckik-pdc\Diakok\2021_B\detari.viktoria\Vizsgaremek_Lilla_Viki\Api\api\models\Alkalom.js
FN:3,(anonymous_0)
FNF:1
FNH:1
FNDA:22,(anonymous_0)
DA:1,22
DA:3,22
DA:6,22
DA:26,22
LF:4
LH:4
BRF:0
BRH:0
end_of_record
TN:
SF:\\ckik-pdc\Diakok\2021_B\detari.viktoria\Vizsgaremek_Lilla_Viki\Api\api\models\Celcsoport.js
FN:3,(anonymous_0)
FNF:1
FNH:1
FNDA:22,(anonymous_0)
DA:1,22
DA:3,22
DA:6,22
DA:26,22
LF:4
LH:4
BRF:0
BRH:0
end_of_record
TN:
SF:\\ckik-pdc\Diakok\2021_B\detari.viktoria\Vizsgaremek_Lilla_Viki\Api\api\models\ChatMessage.js
FN:3,(anonymous_0)
FNF:1
FNH:1
FNDA:22,(anonymous_0)
DA:1,22
DA:3,22
DA:6,22
DA:53,22
LF:4
LH:4
BRF:0
BRH:0
end_of_record
TN:
SF:\\ckik-pdc\Diakok\2021_B\detari.viktoria\Vizsgaremek_Lilla_Viki\Api\api\models\Elozmeny.js
FN:3,(anonymous_0)
FNF:1
FNH:1
FNDA:22,(anonymous_0)
DA:1,22
DA:3,22
DA:6,22
DA:20,22
LF:4
LH:4
BRF:0
BRH:0
end_of_record
TN:
SF:\\ckik-pdc\Diakok\2021_B\detari.viktoria\Vizsgaremek_Lilla_Viki\Api\api\models\Felhasznalo.js
FN:4,(anonymous_0)
FN:61,(anonymous_1)
FN:66,(anonymous_2)
FNF:3
FNH:2
FNDA:22,(anonymous_0)
FNDA:13,(anonymous_1)
FNDA:0,(anonymous_2)
DA:1,22
DA:2,22
DA:4,22
DA:7,22
DA:62,13
DA:63,13
DA:67,0
DA:68,0
DA:75,22
LF:9
LH:7
BRDA:62,0,0,13
BRDA:62,0,1,0
BRDA:67,1,0,0
BRDA:67,1,1,0
BRF:4
BRH:1
end_of_record
TN:
SF:\\ckik-pdc\Diakok\2021_B\detari.viktoria\Vizsgaremek_Lilla_Viki\Api\api\models\Kedvenc.js
FN:4,(anonymous_0)
FNF:1
FNH:1
FNDA:22,(anonymous_0)
DA:2,22
DA:4,22
DA:7,22
DA:21,22
LF:4
LH:4
BRF:0
BRH:0
end_of_record
TN:
SF:\\ckik-pdc\Diakok\2021_B\detari.viktoria\Vizsgaremek_Lilla_Viki\Api\api\models\Kupon.js
FN:3,(anonymous_0)
FNF:1
FNH:1
FNDA:22,(anonymous_0)
DA:1,22
DA:3,22
DA:6,22
DA:41,22
LF:4
LH:4
BRF:0
BRH:0
end_of_record
TN:
SF:\\ckik-pdc\Diakok\2021_B\detari.viktoria\Vizsgaremek_Lilla_Viki\Api\api\models\Meghivo.js
FN:3,(anonymous_0)
FNF:1
FNH:1
FNDA:22,(anonymous_0)
DA:1,22
DA:3,22
DA:6,22
DA:58,22
LF:4
LH:4
BRF:0
BRH:0
end_of_record
TN:
SF:\\ckik-pdc\Diakok\2021_B\detari.viktoria\Vizsgaremek_Lilla_Viki\Api\api\models\Notification.js
FN:3,(anonymous_0)
FNF:1
FNH:1
FNDA:22,(anonymous_0)
DA:1,22
DA:3,22
DA:6,22
DA:35,22
LF:4
LH:4
BRF:0
BRH:0
end_of_record
TN:
SF:\\ckik-pdc\Diakok\2021_B\detari.viktoria\Vizsgaremek_Lilla_Viki\Api\api\models\Stilus.js
FN:3,(anonymous_0)
FNF:1
FNH:1
FNDA:22,(anonymous_0)
DA:1,22
DA:3,22
DA:6,22
DA:26,22
LF:4
LH:4
BRF:0
BRH:0
end_of_record
TN:
SF:\\ckik-pdc\Diakok\2021_B\detari.viktoria\Vizsgaremek_Lilla_Viki\Api\api\models\index.js
FN:1,(anonymous_0)
FNF:1
FNH:1
FNDA:22,(anonymous_0)
DA:1,22
DA:2,22
DA:3,22
DA:4,22
DA:5,22
DA:6,22
DA:7,22
DA:8,22
DA:9,22
DA:10,22
DA:11,22
DA:12,22
DA:17,22
DA:29,22
DA:42,22
DA:48,22
DA:56,22
DA:62,22
DA:70,22
DA:74,22
DA:78,22
DA:82,22
DA:88,22
DA:89,22
DA:90,22
DA:91,22
DA:94,22
DA:95,22
DA:102,22
DA:116,22
DA:136,22
DA:164,22
DA:187,22
LF:33
LH:33
BRF:0
BRH:0
end_of_record
TN:
SF:\\ckik-pdc\Diakok\2021_B\detari.viktoria\Vizsgaremek_Lilla_Viki\Api\api\routes\ajandekRoutes.js
FNF:0
FNH:0
DA:1,8
DA:2,8
DA:3,8
DA:4,8
DA:22,8
DA:46,8
DA:64,8
DA:88,8
DA:106,8
DA:124,8
DA:142,8
DA:160,8
DA:162,8
LF:13
LH:13
BRF:0
BRH:0
end_of_record
TN:
SF:\\ckik-pdc\Diakok\2021_B\detari.viktoria\Vizsgaremek_Lilla_Viki\Api\api\routes\alkalomRoutes.js
FNF:0
FNH:0
DA:1,8
DA:2,8
DA:3,8
DA:15,8
DA:35,8
DA:53,8
DA:55,8
LF:7
LH:7
BRF:0
BRH:0
end_of_record
TN:
SF:\\ckik-pdc\Diakok\2021_B\detari.viktoria\Vizsgaremek_Lilla_Viki\Api\api\routes\celcsoportRoutes.js
FNF:0
FNH:0
DA:1,8
DA:2,8
DA:3,8
DA:15,8
DA:35,8
DA:53,8
DA:55,8
LF:7
LH:7
BRF:0
BRH:0
end_of_record
TN:
SF:\\ckik-pdc\Diakok\2021_B\detari.viktoria\Vizsgaremek_Lilla_Viki\Api\api\routes\chat.js
FNF:0
FNH:0
DA:1,8
DA:2,8
DA:4,8
DA:29,8
DA:52,8
DA:70,8
DA:88,8
DA:111,8
DA:113,8
LF:9
LH:9
BRF:0
BRH:0
end_of_record
TN:
SF:\\ckik-pdc\Diakok\2021_B\detari.viktoria\Vizsgaremek_Lilla_Viki\Api\api\routes\couponRoutes.js
FNF:0
FNH:0
DA:1,8
DA:2,8
DA:3,8
DA:4,8
DA:22,8
DA:24,8
LF:6
LH:6
BRF:0
BRH:0
end_of_record
TN:
SF:\\ckik-pdc\Diakok\2021_B\detari.viktoria\Vizsgaremek_Lilla_Viki\Api\api\routes\elozmenyekRoutes.js
FNF:0
FNH:0
DA:1,8
DA:2,8
DA:3,8
DA:21,8
DA:48,8
DA:50,8
LF:6
LH:6
BRF:0
BRH:0
end_of_record
TN:
SF:\\ckik-pdc\Diakok\2021_B\detari.viktoria\Vizsgaremek_Lilla_Viki\Api\api\routes\inviteRoutes.js
FNF:0
FNH:0
DA:1,8
DA:2,8
DA:3,8
DA:26,8
DA:44,8
DA:46,8
LF:6
LH:6
BRF:0
BRH:0
end_of_record
TN:
SF:\\ckik-pdc\Diakok\2021_B\detari.viktoria\Vizsgaremek_Lilla_Viki\Api\api\routes\kategoriaRoutes.js
FNF:0
FNH:0
DA:1,8
DA:2,8
DA:3,8
DA:15,8
DA:33,8
DA:53,8
DA:79,8
DA:97,8
DA:99,8
LF:9
LH:9
BRF:0
BRH:0
end_of_record
TN:
SF:\\ckik-pdc\Diakok\2021_B\detari.viktoria\Vizsgaremek_Lilla_Viki\Api\api\routes\kedvencekRoutes.js
FNF:0
FNH:0
DA:1,8
DA:2,8
DA:3,8
DA:21,8
DA:48,8
DA:71,8
DA:73,8
LF:7
LH:7
BRF:0
BRH:0
end_of_record
TN:
SF:\\ckik-pdc\Diakok\2021_B\detari.viktoria\Vizsgaremek_Lilla_Viki\Api\api\routes\notificationRoutes.js
FNF:0
FNH:0
DA:1,8
DA:2,8
DA:3,8
DA:4,8
DA:22,8
DA:40,8
DA:58,8
DA:60,8
LF:8
LH:8
BRF:0
BRH:0
end_of_record
TN:
SF:\\ckik-pdc\Diakok\2021_B\detari.viktoria\Vizsgaremek_Lilla_Viki\Api\api\routes\stilusRoutes.js
FNF:0
FNH:0
DA:1,8
DA:2,8
DA:3,8
DA:15,8
DA:35,8
DA:53,8
DA:55,8
LF:7
LH:7
BRF:0
BRH:0
end_of_record
TN:
SF:\\ckik-pdc\Diakok\2021_B\detari.viktoria\Vizsgaremek_Lilla_Viki\Api\api\routes\uploadRoutes.js
FNF:0
FNH:0
DA:1,8
DA:2,8
DA:3,8
DA:24,8
DA:26,8
LF:5
LH:5
BRF:0
BRH:0
end_of_record
TN:
SF:\\ckik-pdc\Diakok\2021_B\detari.viktoria\Vizsgaremek_Lilla_Viki\Api\api\routes\userRoutes.js
FN:13,(anonymous_0)
FNF:1
FNH:1
FNDA:1,(anonymous_0)
DA:3,8
DA:4,8
DA:5,8
DA:7,8
DA:8,8
DA:10,8
DA:14,1
DA:15,1
DA:16,0
DA:18,1
DA:38,8
DA:61,8
DA:79,8
DA:105,8
DA:137,8
DA:164,8
DA:176,8
DA:196,8
DA:218,8
DA:232,8
DA:234,8
LF:21
LH:20
BRDA:15,0,0,0
BRDA:15,0,1,1
BRF:2
BRH:1
end_of_record
TN:
SF:\\ckik-pdc\Diakok\2021_B\detari.viktoria\Vizsgaremek_Lilla_Viki\Api\api\services\ajandekService.js
FN:4,(anonymous_0)
FN:8,(anonymous_1)
FN:16,(anonymous_2)
FN:40,(anonymous_3)
FN:69,(anonymous_4)
FNF:5
FNH:3
FNDA:2,(anonymous_0)
FNDA:2,(anonymous_1)
FNDA:1,(anonymous_2)
FNDA:0,(anonymous_3)
FNDA:0,(anonymous_4)
DA:1,9
DA:5,2
DA:9,2
DA:10,2
DA:11,1
DA:13,1
DA:17,1
DA:18,1
DA:19,1
DA:20,1
DA:22,1
DA:23,0
DA:25,1
DA:26,0
DA:28,1
DA:29,0
DA:32,1
DA:33,1
DA:35,0
DA:36,0
DA:41,0
DA:42,0
DA:43,0
DA:46,0
DA:47,0
DA:48,0
DA:49,0
DA:51,0
DA:52,0
DA:54,0
DA:55,0
DA:57,0
DA:58,0
DA:61,0
DA:62,0
DA:64,0
DA:65,0
DA:70,0
DA:71,0
DA:72,0
DA:74,0
DA:75,0
DA:79,9
LF:43
LH:16
BRDA:10,0,0,1
BRDA:10,0,1,1
BRDA:22,1,0,0
BRDA:22,1,1,1
BRDA:22,2,0,1
BRDA:22,2,1,0
BRDA:25,3,0,0
BRDA:25,3,1,1
BRDA:25,4,0,1
BRDA:25,4,1,0
BRDA:28,5,0,0
BRDA:28,5,1,1
BRDA:28,6,0,1
BRDA:28,6,1,0
BRDA:42,7,0,0
BRDA:42,7,1,0
BRDA:51,8,0,0
BRDA:51,8,1,0
BRDA:54,9,0,0
BRDA:54,9,1,0
BRDA:57,10,0,0
BRDA:57,10,1,0
BRDA:71,11,0,0
BRDA:71,11,1,0
BRF:24
BRH:8
end_of_record
TN:
SF:\\ckik-pdc\Diakok\2021_B\detari.viktoria\Vizsgaremek_Lilla_Viki\Api\api\services\alkalomService.js
FN:4,(anonymous_0)
FN:8,(anonymous_1)
FN:16,(anonymous_2)
FN:20,(anonymous_3)
FN:29,(anonymous_4)
FNF:5
FNH:1
FNDA:0,(anonymous_0)
FNDA:0,(anonymous_1)
FNDA:1,(anonymous_2)
FNDA:0,(anonymous_3)
FNDA:0,(anonymous_4)
DA:1,1
DA:5,0
DA:9,0
DA:10,0
DA:11,0
DA:13,0
DA:17,1
DA:21,0
DA:22,0
DA:23,0
DA:25,0
DA:26,0
DA:30,0
DA:31,0
DA:32,0
DA:34,0
DA:35,0
DA:39,1
LF:18
LH:3
BRDA:10,0,0,0
BRDA:10,0,1,0
BRDA:22,1,0,0
BRDA:22,1,1,0
BRDA:31,2,0,0
BRDA:31,2,1,0
BRF:6
BRH:0
end_of_record
TN:
SF:\\ckik-pdc\Diakok\2021_B\detari.viktoria\Vizsgaremek_Lilla_Viki\Api\api\services\celcsoportService.js
FN:4,(anonymous_0)
FN:8,(anonymous_1)
FN:16,(anonymous_2)
FN:20,(anonymous_3)
FN:29,(anonymous_4)
FNF:5
FNH:1
FNDA:0,(anonymous_0)
FNDA:0,(anonymous_1)
FNDA:1,(anonymous_2)
FNDA:0,(anonymous_3)
FNDA:0,(anonymous_4)
DA:1,1
DA:5,0
DA:9,0
DA:10,0
DA:11,0
DA:13,0
DA:17,1
DA:21,0
DA:22,0
DA:23,0
DA:25,0
DA:26,0
DA:30,0
DA:31,0
DA:32,0
DA:34,0
DA:35,0
DA:39,1
LF:18
LH:3
BRDA:10,0,0,0
BRDA:10,0,1,0
BRDA:22,1,0,0
BRDA:22,1,1,0
BRDA:31,2,0,0
BRDA:31,2,1,0
BRF:6
BRH:0
end_of_record
TN:
SF:\\ckik-pdc\Diakok\2021_B\detari.viktoria\Vizsgaremek_Lilla_Viki\Api\api\services\meghivoService.js
FN:4,(anonymous_0)
FN:8,(anonymous_1)
FN:16,(anonymous_2)
FN:20,(anonymous_3)
FN:29,(anonymous_4)
FNF:5
FNH:1
FNDA:0,(anonymous_0)
FNDA:0,(anonymous_1)
FNDA:1,(anonymous_2)
FNDA:0,(anonymous_3)
FNDA:0,(anonymous_4)
DA:1,1
DA:5,0
DA:9,0
DA:10,0
DA:11,0
DA:13,0
DA:17,1
DA:21,0
DA:22,0
DA:23,0
DA:25,0
DA:26,0
DA:30,0
DA:31,0
DA:32,0
DA:34,0
DA:35,0
DA:39,1
LF:18
LH:3
BRDA:10,0,0,0
BRDA:10,0,1,0
BRDA:22,1,0,0
BRDA:22,1,1,0
BRDA:31,2,0,0
BRDA:31,2,1,0
BRF:6
BRH:0
end_of_record
TN:
SF:\\ckik-pdc\Diakok\2021_B\detari.viktoria\Vizsgaremek_Lilla_Viki\Api\api\services\stilusService.js
FN:4,(anonymous_0)
FN:8,(anonymous_1)
FN:16,(anonymous_2)
FN:20,(anonymous_3)
FN:29,(anonymous_4)
FNF:5
FNH:2
FNDA:1,(anonymous_0)
FNDA:0,(anonymous_1)
FNDA:1,(anonymous_2)
FNDA:0,(anonymous_3)
FNDA:0,(anonymous_4)
DA:1,1
DA:5,1
DA:9,0
DA:10,0
DA:11,0
DA:13,0
DA:17,1
DA:21,0
DA:22,0
DA:23,0
DA:25,0
DA:26,0
DA:30,0
DA:31,0
DA:32,0
DA:34,0
DA:35,0
DA:39,1
LF:18
LH:4
BRDA:10,0,0,0
BRDA:10,0,1,0
BRDA:22,1,0,0
BRDA:22,1,1,0
BRDA:31,2,0,0
BRDA:31,2,1,0
BRF:6
BRH:0
end_of_record
TN:
SF:\\ckik-pdc\Diakok\2021_B\detari.viktoria\Vizsgaremek_Lilla_Viki\Api\api\services\userService.js
FN:5,(anonymous_0)
FN:11,(anonymous_1)
FN:21,(anonymous_2)
FN:25,(anonymous_3)
FN:34,(anonymous_4)
FNF:5
FNH:3
FNDA:1,(anonymous_0)
FNDA:1,(anonymous_1)
FNDA:1,(anonymous_2)
FNDA:0,(anonymous_3)
FNDA:0,(anonymous_4)
DA:1,1
DA:2,1
DA:6,1
DA:12,1
DA:15,1
DA:16,1
DA:18,0
DA:22,1
DA:26,0
DA:27,0
DA:28,0
DA:30,0
DA:31,0
DA:35,0
DA:36,0
DA:37,0
DA:39,0
DA:40,0
DA:44,1
LF:19
LH:8
BRDA:15,0,0,1
BRDA:15,0,1,0
BRDA:27,1,0,0
BRDA:27,1,1,0
BRDA:36,2,0,0
BRDA:36,2,1,0
BRF:6
BRH:1
end_of_record
TN:
SF:\\ckik-pdc\Diakok\2021_B\detari.viktoria\Vizsgaremek_Lilla_Viki\Api\api\utilities\emailService.js
FN:41,(anonymous_0)
FNF:1
FNH:0
FNDA:0,(anonymous_0)
DA:1,7
DA:3,7
DA:9,7
DA:11,7
DA:15,7
DA:25,7
DA:41,7
DA:43,0
DA:45,0
DA:47,0
DA:53,0
DA:67,0
DA:69,0
DA:73,0
DA:77,0
DA:79,0
DA:83,0
DA:91,7
LF:18
LH:8
BRDA:17,0,0,7
BRDA:17,0,1,0
BRDA:19,1,0,7
BRDA:19,1,1,0
BRDA:41,2,0,0
BRDA:45,3,0,0
BRDA:45,3,1,0
BRDA:45,4,0,0
BRDA:45,4,1,0
BRDA:77,5,0,0
BRDA:77,5,1,0
BRF:11
BRH:2
end_of_record
