TN:
SF:\\ckik-pdc\Diakok\2021_B\detari.viktoria\Vizsgaremek_Lilla_Viki\Backend\app.js
FN:79,(anonymous_0)
FN:128,(anonymous_1)
FN:132,(anonymous_2)
FNF:3
FNH:1
FNDA:66,(anonymous_0)
FNDA:0,(anonymous_1)
FNDA:0,(anonymous_2)
DA:1,12
DA:2,12
DA:3,12
DA:4,12
DA:5,12
DA:6,12
DA:7,12
DA:9,12
DA:11,12
DA:74,12
DA:75,12
DA:78,12
DA:80,66
DA:81,66
DA:83,0
DA:88,12
DA:89,12
DA:90,12
DA:93,12
DA:94,12
DA:98,12
DA:99,12
DA:100,12
DA:101,12
DA:102,12
DA:103,12
DA:104,12
DA:105,12
DA:106,12
DA:107,12
DA:108,12
DA:109,12
DA:110,12
DA:113,12
DA:114,12
DA:115,12
DA:116,12
DA:117,12
DA:118,12
DA:119,12
DA:120,12
DA:121,12
DA:122,12
DA:123,12
DA:124,12
DA:125,12
DA:126,12
DA:128,12
DA:129,0
DA:132,12
DA:133,0
DA:136,12
DA:137,12
DA:139,12
LF:54
LH:51
BRDA:80,0,0,66
BRDA:80,0,1,0
BRDA:80,1,0,66
BRDA:80,1,1,0
BRDA:80,1,2,0
BRF:5
BRH:2
end_of_record
TN:
SF:\\ckik-pdc\Diakok\2021_B\detari.viktoria\Vizsgaremek_Lilla_Viki\Backend\api\controllers\ajandekController.js
FN:4,(anonymous_0)
FN:14,(anonymous_1)
FN:28,(anonymous_2)
FN:38,(anonymous_3)
FN:52,(anonymous_4)
FN:67,(anonymous_5)
FN:90,(anonymous_6)
FN:113,(anonymous_7)
FNF:8
FNH:8
FNDA:1,(anonymous_0)
FNDA:2,(anonymous_1)
FNDA:1,(anonymous_2)
FNDA:2,(anonymous_3)
FNDA:2,(anonymous_4)
FNDA:1,(anonymous_5)
FNDA:1,(anonymous_6)
FNDA:1,(anonymous_7)
DA:1,12
DA:2,12
DA:4,12
DA:5,1
DA:6,1
DA:7,1
DA:9,0
DA:10,0
DA:14,12
DA:15,2
DA:16,2
DA:17,2
DA:18,1
DA:20,1
DA:21,1
DA:23,0
DA:24,0
DA:28,12
DA:29,1
DA:30,1
DA:31,1
DA:33,0
DA:34,0
DA:38,12
DA:39,2
DA:40,2
DA:41,2
DA:42,1
DA:44,1
DA:45,1
DA:47,0
DA:48,0
DA:52,12
DA:53,2
DA:54,2
DA:55,2
DA:56,1
DA:58,1
DA:59,1
DA:61,0
DA:62,0
DA:67,12
DA:68,1
DA:69,1
DA:70,1
DA:71,1
DA:82,1
DA:84,0
DA:85,0
DA:90,12
DA:91,1
DA:92,1
DA:93,1
DA:94,1
DA:105,1
DA:107,0
DA:108,0
DA:113,12
DA:114,1
DA:115,1
DA:116,1
DA:117,1
DA:128,1
DA:130,0
DA:131,0
LF:65
LH:49
BRDA:20,0,0,1
BRDA:20,0,1,0
BRDA:44,1,0,1
BRDA:44,1,1,0
BRDA:58,2,0,1
BRDA:58,2,1,0
BRF:6
BRH:3
end_of_record
TN:
SF:\\ckik-pdc\Diakok\2021_B\detari.viktoria\Vizsgaremek_Lilla_Viki\Backend\api\controllers\alkalomController.js
FN:3,(anonymous_0)
FN:13,(anonymous_1)
FN:22,(anonymous_2)
FNF:3
FNH:3
FNDA:1,(anonymous_0)
FNDA:1,(anonymous_1)
FNDA:1,(anonymous_2)
DA:1,12
DA:3,12
DA:4,1
DA:5,1
DA:6,1
DA:8,0
DA:9,0
DA:13,12
DA:14,1
DA:15,1
DA:16,1
DA:18,0
DA:22,12
DA:23,1
DA:24,1
DA:25,1
DA:27,0
LF:17
LH:13
BRF:0
BRH:0
end_of_record
TN:
SF:\\ckik-pdc\Diakok\2021_B\detari.viktoria\Vizsgaremek_Lilla_Viki\Backend\api\controllers\celcsoportController.js
FN:3,(anonymous_0)
FN:13,(anonymous_1)
FN:22,(anonymous_2)
FNF:3
FNH:3
FNDA:1,(anonymous_0)
FNDA:1,(anonymous_1)
FNDA:1,(anonymous_2)
DA:1,12
DA:3,12
DA:4,1
DA:5,1
DA:6,1
DA:8,0
DA:9,0
DA:13,12
DA:14,1
DA:15,1
DA:16,1
DA:18,0
DA:22,12
DA:23,1
DA:24,1
DA:25,1
DA:27,0
LF:17
LH:13
BRF:0
BRH:0
end_of_record
TN:
SF:\\ckik-pdc\Diakok\2021_B\detari.viktoria\Vizsgaremek_Lilla_Viki\Backend\api\controllers\chatController.js
FN:4,(anonymous_0)
FN:26,(anonymous_1)
FN:53,(anonymous_2)
FN:70,(anonymous_3)
FN:91,(anonymous_4)
FN:102,(anonymous_5)
FNF:6
FNH:6
FNDA:2,(anonymous_0)
FNDA:1,(anonymous_1)
FNDA:1,(anonymous_2)
FNDA:1,(anonymous_3)
FNDA:1,(anonymous_4)
FNDA:1,(anonymous_5)
DA:1,12
DA:4,12
DA:5,2
DA:6,2
DA:8,2
DA:9,1
DA:12,1
DA:18,1
DA:20,0
DA:21,0
DA:26,12
DA:27,1
DA:28,1
DA:30,1
DA:31,0
DA:34,1
DA:45,1
DA:47,0
DA:48,0
DA:53,12
DA:54,1
DA:55,1
DA:56,1
DA:62,1
DA:64,0
DA:65,0
DA:70,12
DA:71,1
DA:72,1
DA:73,1
DA:83,1
DA:85,0
DA:86,0
DA:91,12
DA:92,1
DA:93,1
DA:94,1
DA:102,1
DA:103,1
DA:105,0
DA:106,0
LF:41
LH:30
BRDA:8,0,0,1
BRDA:8,0,1,1
BRDA:8,1,0,2
BRDA:8,1,1,1
BRDA:8,1,2,1
BRDA:8,1,3,1
BRDA:30,2,0,0
BRDA:30,2,1,1
BRDA:30,3,0,1
BRDA:30,3,1,1
BRF:10
BRH:9
end_of_record
TN:
SF:\\ckik-pdc\Diakok\2021_B\detari.viktoria\Vizsgaremek_Lilla_Viki\Backend\api\controllers\elozmenyekController.js
FN:5,(anonymous_0)
FN:53,(anonymous_1)
FNF:2
FNH:2
FNDA:2,(anonymous_0)
FNDA:1,(anonymous_1)
DA:1,12
DA:5,12
DA:7,2
DA:9,2
DA:11,2
DA:31,2
DA:33,1
DA:39,1
DA:43,0
DA:45,0
DA:53,12
DA:54,1
DA:55,1
DA:57,1
DA:58,1
DA:59,1
DA:61,1
DA:62,0
DA:64,1
DA:66,1
DA:68,0
DA:69,0
LF:22
LH:17
BRDA:31,0,0,1
BRDA:31,0,1,1
BRDA:61,1,0,0
BRDA:61,1,1,1
BRDA:61,2,0,1
BRDA:61,2,1,1
BRF:6
BRH:5
end_of_record
TN:
SF:\\ckik-pdc\Diakok\2021_B\detari.viktoria\Vizsgaremek_Lilla_Viki\Backend\api\controllers\inviteController.js
FN:8,(anonymous_0)
FN:73,(anonymous_1)
FNF:2
FNH:2
FNDA:3,(anonymous_0)
FNDA:2,(anonymous_1)
DA:1,12
DA:2,12
DA:3,12
DA:4,12
DA:8,12
DA:9,3
DA:10,3
DA:12,3
DA:13,1
DA:16,2
DA:18,2
DA:20,1
DA:25,1
DA:26,1
DA:28,1
DA:29,1
DA:38,1
DA:39,1
DA:40,1
DA:41,1
DA:47,0
DA:50,1
DA:52,1
DA:54,1
DA:61,1
DA:64,0
DA:68,0
DA:73,12
DA:74,2
DA:75,2
DA:77,2
DA:78,0
DA:81,2
DA:84,2
DA:92,2
DA:93,2
DA:101,2
DA:102,1
DA:109,1
DA:110,1
DA:116,1
DA:127,2
DA:128,2
DA:129,0
DA:132,0
DA:133,0
DA:143,2
DA:146,0
DA:147,0
LF:49
LH:40
BRDA:12,0,0,1
BRDA:12,0,1,2
BRDA:12,1,0,3
BRDA:12,1,1,2
BRDA:18,2,0,1
BRDA:18,2,1,1
BRDA:25,3,0,1
BRDA:25,3,1,1
BRDA:40,4,0,1
BRDA:40,4,1,0
BRDA:52,5,0,1
BRDA:52,5,1,0
BRDA:77,6,0,0
BRDA:77,6,1,2
BRDA:101,7,0,1
BRDA:101,7,1,1
BRDA:109,8,0,1
BRDA:109,8,1,0
BRDA:128,9,0,0
BRDA:128,9,1,2
BRDA:128,10,0,2
BRDA:128,10,1,2
BRDA:132,11,0,0
BRDA:132,11,1,0
BRF:24
BRH:17
end_of_record
TN:
SF:\\ckik-pdc\Diakok\2021_B\detari.viktoria\Vizsgaremek_Lilla_Viki\Backend\api\controllers\kategoriaController.js
FN:3,(anonymous_0)
FN:3,(anonymous_1)
FN:4,(anonymous_2)
FN:4,(anonymous_3)
FN:5,(anonymous_4)
FN:5,(anonymous_5)
FN:6,(anonymous_6)
FN:6,(anonymous_7)
FN:7,(anonymous_8)
FN:7,(anonymous_9)
FNF:10
FNH:0
FNDA:0,(anonymous_0)
FNDA:0,(anonymous_1)
FNDA:0,(anonymous_2)
FNDA:0,(anonymous_3)
FNDA:0,(anonymous_4)
FNDA:0,(anonymous_5)
FNDA:0,(anonymous_6)
FNDA:0,(anonymous_7)
FNDA:0,(anonymous_8)
FNDA:0,(anonymous_9)
DA:1,12
DA:3,12
DA:4,12
DA:5,12
DA:6,12
DA:7,12
LF:6
LH:6
BRDA:3,0,0,0
BRDA:3,0,1,0
BRDA:4,1,0,0
BRDA:4,1,1,0
BRDA:4,2,0,0
BRDA:4,2,1,0
BRDA:5,3,0,0
BRDA:5,3,1,0
BRDA:6,4,0,0
BRDA:6,4,1,0
BRDA:7,5,0,0
BRDA:7,5,1,0
BRF:12
BRH:0
end_of_record
TN:
SF:\\ckik-pdc\Diakok\2021_B\detari.viktoria\Vizsgaremek_Lilla_Viki\Backend\api\controllers\kedvencekController.js
FN:4,(anonymous_0)
FN:35,(anonymous_1)
FN:57,(anonymous_2)
FNF:3
FNH:3
FNDA:1,(anonymous_0)
FNDA:1,(anonymous_1)
FNDA:1,(anonymous_2)
DA:1,12
DA:4,12
DA:5,1
DA:6,1
DA:7,1
DA:23,1
DA:24,0
DA:27,1
DA:29,0
DA:30,0
DA:35,12
DA:36,1
DA:37,1
DA:39,1
DA:40,1
DA:41,1
DA:43,1
DA:44,0
DA:47,1
DA:49,1
DA:51,0
DA:52,0
DA:57,12
DA:58,1
DA:60,1
DA:61,1
DA:62,1
DA:64,1
DA:65,0
DA:68,1
DA:70,1
DA:72,0
DA:73,0
LF:33
LH:24
BRDA:23,0,0,0
BRDA:23,0,1,1
BRDA:43,1,0,0
BRDA:43,1,1,1
BRDA:43,2,0,1
BRDA:43,2,1,1
BRDA:64,3,0,0
BRDA:64,3,1,1
BRDA:64,4,0,1
BRDA:64,4,1,1
BRF:10
BRH:7
end_of_record
TN:
SF:\\ckik-pdc\Diakok\2021_B\detari.viktoria\Vizsgaremek_Lilla_Viki\Backend\api\controllers\kuponController.js
FN:5,(anonymous_0)
FN:26,(anonymous_1)
FN:40,(anonymous_2)
FN:51,(anonymous_3)
FN:63,(anonymous_4)
FN:74,(anonymous_5)
FN:90,(anonymous_6)
FNF:7
FNH:7
FNDA:1,(anonymous_0)
FNDA:1,(anonymous_1)
FNDA:1,(anonymous_2)
FNDA:1,(anonymous_3)
FNDA:1,(anonymous_4)
FNDA:1,(anonymous_5)
FNDA:1,(anonymous_6)
DA:1,12
DA:2,12
DA:5,12
DA:6,1
DA:7,1
DA:8,1
DA:10,1
DA:26,1
DA:32,1
DA:34,0
DA:35,0
DA:40,12
DA:41,1
DA:42,1
DA:43,1
DA:45,0
DA:46,0
DA:51,12
DA:52,1
DA:53,1
DA:54,1
DA:55,1
DA:56,1
DA:58,0
DA:63,12
DA:64,1
DA:65,1
DA:66,1
DA:67,1
DA:69,0
DA:74,12
DA:75,1
DA:76,1
DA:77,1
DA:78,1
DA:79,1
DA:80,1
DA:82,0
DA:85,0
DA:90,12
DA:91,1
DA:92,1
DA:93,1
DA:94,1
DA:95,1
DA:97,0
DA:100,0
LF:47
LH:37
BRDA:55,0,0,0
BRDA:55,0,1,1
BRDA:78,1,0,1
BRDA:78,1,1,0
BRDA:94,2,0,1
BRDA:94,2,1,0
BRF:6
BRH:3
end_of_record
TN:
SF:\\ckik-pdc\Diakok\2021_B\detari.viktoria\Vizsgaremek_Lilla_Viki\Backend\api\controllers\notificationController.js
FN:4,(anonymous_0)
FN:19,(anonymous_1)
FN:34,(anonymous_2)
FNF:3
FNH:3
FNDA:1,(anonymous_0)
FNDA:1,(anonymous_1)
FNDA:1,(anonymous_2)
DA:1,12
DA:4,12
DA:5,1
DA:6,1
DA:7,1
DA:11,1
DA:13,0
DA:14,0
DA:19,12
DA:20,1
DA:21,1
DA:22,1
DA:26,1
DA:28,0
DA:29,0
DA:34,12
DA:35,1
DA:36,1
DA:37,1
DA:41,1
DA:43,0
DA:44,0
LF:22
LH:16
BRF:0
BRH:0
end_of_record
TN:
SF:\\ckik-pdc\Diakok\2021_B\detari.viktoria\Vizsgaremek_Lilla_Viki\Backend\api\controllers\stilusController.js
FN:3,(anonymous_0)
FN:13,(anonymous_1)
FN:22,(anonymous_2)
FNF:3
FNH:3
FNDA:1,(anonymous_0)
FNDA:1,(anonymous_1)
FNDA:1,(anonymous_2)
DA:1,12
DA:3,12
DA:4,1
DA:5,1
DA:6,1
DA:8,0
DA:9,0
DA:13,12
DA:14,1
DA:15,1
DA:16,1
DA:18,0
DA:22,12
DA:23,1
DA:24,1
DA:25,1
DA:27,0
LF:17
LH:13
BRF:0
BRH:0
end_of_record
TN:
SF:\\ckik-pdc\Diakok\2021_B\detari.viktoria\Vizsgaremek_Lilla_Viki\Backend\api\controllers\uploadController.js
FN:6,(anonymous_0)
FN:10,(anonymous_1)
FN:19,(anonymous_2)
FN:35,(anonymous_3)
FNF:4
FNH:4
FNDA:1,(anonymous_0)
FNDA:1,(anonymous_1)
FNDA:1,(anonymous_2)
FNDA:2,(anonymous_3)
DA:1,12
DA:2,12
DA:5,12
DA:8,1
DA:14,1
DA:19,12
DA:20,1
DA:21,1
DA:23,0
DA:27,12
DA:33,12
DA:35,12
DA:36,2
DA:37,1
DA:40,1
LF:15
LH:14
BRDA:20,0,0,1
BRDA:20,0,1,0
BRDA:36,1,0,1
BRDA:36,1,1,1
BRF:4
BRH:3
end_of_record
TN:
SF:\\ckik-pdc\Diakok\2021_B\detari.viktoria\Vizsgaremek_Lilla_Viki\Backend\api\controllers\userController.js
FN:15,(anonymous_0)
FN:52,(anonymous_1)
FN:65,(anonymous_2)
FN:81,(anonymous_3)
FN:122,(anonymous_4)
FN:193,(anonymous_5)
FN:229,(anonymous_6)
FN:258,(anonymous_7)
FN:336,(anonymous_8)
FN:350,(anonymous_9)
FN:356,(anonymous_10)
FNF:11
FNH:10
FNDA:3,(anonymous_0)
FNDA:1,(anonymous_1)
FNDA:1,(anonymous_2)
FNDA:1,(anonymous_3)
FNDA:3,(anonymous_4)
FNDA:3,(anonymous_5)
FNDA:2,(anonymous_6)
FNDA:1,(anonymous_7)
FNDA:0,(anonymous_8)
FNDA:1,(anonymous_9)
FNDA:1,(anonymous_10)
DA:1,12
DA:2,12
DA:3,12
DA:4,12
DA:6,12
DA:8,12
DA:10,12
DA:15,12
DA:16,3
DA:17,3
DA:18,3
DA:20,3
DA:21,0
DA:24,3
DA:25,3
DA:26,1
DA:30,2
DA:37,2
DA:44,2
DA:46,0
DA:47,0
DA:52,12
DA:53,1
DA:54,1
DA:57,1
DA:59,0
DA:60,0
DA:65,12
DA:66,1
DA:67,1
DA:68,1
DA:71,1
DA:72,1
DA:73,1
DA:75,0
DA:76,0
DA:81,12
DA:82,1
DA:83,1
DA:84,1
DA:85,1
DA:86,1
DA:88,1
DA:89,1
DA:90,1
DA:91,1
DA:92,0
DA:95,1
DA:98,1
DA:99,1
DA:100,1
DA:101,1
DA:102,0
DA:105,1
DA:108,1
DA:109,0
DA:112,1
DA:114,1
DA:116,0
DA:117,0
DA:122,12
DA:123,3
DA:124,3
DA:126,3
DA:129,3
DA:130,1
DA:133,2
DA:134,2
DA:135,2
DA:137,2
DA:138,1
DA:139,1
DA:140,0
DA:142,1
DA:146,2
DA:147,1
DA:150,1
DA:151,0
DA:152,0
DA:154,0
DA:155,0
DA:156,0
DA:158,0
DA:161,1
DA:162,0
DA:164,0
DA:171,1
DA:174,1
DA:175,1
DA:177,1
DA:187,0
DA:188,0
DA:193,12
DA:194,3
DA:195,3
DA:196,3
DA:197,3
DA:199,1
DA:200,1
DA:203,2
DA:204,2
DA:205,2
DA:206,2
DA:208,2
DA:210,2
DA:211,2
DA:219,2
DA:221,2
DA:223,0
DA:224,0
DA:229,12
DA:230,2
DA:231,2
DA:232,2
DA:239,2
DA:240,1
DA:243,1
DA:244,1
DA:245,1
DA:246,1
DA:248,1
DA:250,0
DA:251,0
DA:258,12
DA:259,1
DA:262,1
DA:264,1
DA:265,1
DA:266,1
DA:267,0
DA:268,0
DA:271,1
DA:272,1
DA:273,0
DA:274,0
DA:277,1
DA:285,1
DA:286,0
DA:295,0
DA:296,0
DA:297,0
DA:298,0
DA:300,0
DA:308,0
DA:309,0
DA:311,0
DA:316,0
DA:324,1
DA:327,1
DA:328,0
DA:329,0
DA:330,0
DA:331,0
DA:336,0
DA:340,1
DA:343,0
DA:344,0
DA:345,0
DA:350,12
DA:351,1
DA:352,1
DA:356,12
DA:358,1
DA:360,1
DA:361,1
DA:362,0
DA:363,0
DA:366,1
DA:367,0
DA:370,1
DA:371,1
DA:372,1
DA:374,0
DA:375,0
LF:174
LH:120
BRDA:10,0,0,12
BRDA:10,0,1,1
BRDA:20,1,0,0
BRDA:20,1,1,3
BRDA:25,2,0,1
BRDA:25,2,1,2
BRDA:71,3,0,0
BRDA:71,3,1,1
BRDA:86,4,0,0
BRDA:86,4,1,1
BRDA:88,5,0,1
BRDA:88,5,1,0
BRDA:88,6,0,1
BRDA:88,6,1,1
BRDA:89,7,0,1
BRDA:89,7,1,0
BRDA:91,8,0,0
BRDA:91,8,1,1
BRDA:98,9,0,1
BRDA:98,9,1,0
BRDA:98,10,0,1
BRDA:98,10,1,1
BRDA:99,11,0,1
BRDA:99,11,1,0
BRDA:101,12,0,0
BRDA:101,12,1,1
BRDA:108,13,0,0
BRDA:108,13,1,1
BRDA:108,14,0,1
BRDA:108,14,1,0
BRDA:129,15,0,1
BRDA:129,15,1,2
BRDA:129,16,0,3
BRDA:129,16,1,1
BRDA:135,17,0,0
BRDA:135,17,1,2
BRDA:137,18,0,1
BRDA:137,18,1,1
BRDA:137,19,0,2
BRDA:137,19,1,1
BRDA:139,20,0,0
BRDA:139,20,1,1
BRDA:146,21,0,1
BRDA:146,21,1,1
BRDA:146,22,0,2
BRDA:146,22,1,1
BRDA:150,23,0,0
BRDA:150,23,1,1
BRDA:151,24,0,0
BRDA:151,24,1,0
BRDA:155,25,0,0
BRDA:155,25,1,0
BRDA:161,26,0,0
BRDA:161,26,1,1
BRDA:197,27,0,1
BRDA:197,27,1,2
BRDA:208,28,0,2
BRDA:208,28,1,0
BRDA:239,29,0,1
BRDA:239,29,1,1
BRDA:266,30,0,0
BRDA:266,30,1,1
BRDA:272,31,0,0
BRDA:272,31,1,1
BRDA:281,32,0,1
BRDA:281,32,1,1
BRDA:285,33,0,0
BRDA:285,33,1,1
BRDA:295,34,0,0
BRDA:295,34,1,0
BRDA:327,35,0,0
BRDA:327,35,1,1
BRDA:329,36,0,0
BRDA:329,36,1,0
BRDA:360,37,0,1
BRDA:360,37,1,0
BRDA:360,38,0,1
BRDA:360,38,1,1
BRDA:362,39,0,0
BRDA:362,39,1,0
BRDA:366,40,0,0
BRDA:366,40,1,1
BRDA:374,41,0,0
BRDA:374,41,1,0
BRF:84
BRH:50
end_of_record
TN:
SF:\\ckik-pdc\Diakok\2021_B\detari.viktoria\Vizsgaremek_Lilla_Viki\Backend\api\db\index.js
FNF:0
FNH:0
DA:1,1
DA:2,1
DA:4,1
DA:8,1
DA:19,1
DA:21,1
LF:6
LH:6
BRDA:9,0,0,1
BRDA:9,0,1,0
BRDA:10,1,0,1
BRDA:10,1,1,0
BRDA:11,2,0,1
BRDA:11,2,1,1
BRDA:13,3,0,1
BRDA:13,3,1,0
BRDA:14,4,0,1
BRDA:14,4,1,0
BRF:10
BRH:6
end_of_record
TN:
SF:\\ckik-pdc\Diakok\2021_B\detari.viktoria\Vizsgaremek_Lilla_Viki\Backend\api\errors\AppError.js
FN:3,(anonymous_0)
FNF:1
FNH:0
FNDA:0,(anonymous_0)
DA:6,0
DA:8,0
DA:10,0
DA:12,0
DA:14,0
DA:16,0
DA:20,25
LF:7
LH:1
BRDA:3,0,0,0
BRDA:4,1,0,0
BRDA:4,2,0,0
BRDA:4,3,0,0
BRDA:4,4,0,0
BRDA:4,5,0,0
BRDA:12,6,0,0
BRDA:12,6,1,0
BRDA:14,7,0,0
BRDA:14,7,1,0
BRDA:16,8,0,0
BRDA:16,8,1,0
BRF:12
BRH:0
end_of_record
TN:
SF:\\ckik-pdc\Diakok\2021_B\detari.viktoria\Vizsgaremek_Lilla_Viki\Backend\api\errors\BadRequestError.js
FN:5,(anonymous_0)
FNF:1
FNH:0
FNDA:0,(anonymous_0)
DA:1,25
DA:7,0
DA:11,25
LF:3
LH:2
BRDA:5,0,0,0
BRDA:5,1,0,0
BRF:2
BRH:0
end_of_record
TN:
SF:\\ckik-pdc\Diakok\2021_B\detari.viktoria\Vizsgaremek_Lilla_Viki\Backend\api\errors\DbError.js
FN:5,(anonymous_0)
FNF:1
FNH:0
FNDA:0,(anonymous_0)
DA:1,25
DA:7,0
DA:11,25
LF:3
LH:2
BRDA:5,0,0,0
BRDA:5,1,0,0
BRF:2
BRH:0
end_of_record
TN:
SF:\\ckik-pdc\Diakok\2021_B\detari.viktoria\Vizsgaremek_Lilla_Viki\Backend\api\errors\NotFoundError.js
FN:5,(anonymous_0)
FNF:1
FNH:0
FNDA:0,(anonymous_0)
DA:1,25
DA:7,0
DA:11,25
LF:3
LH:2
BRDA:5,0,0,0
BRDA:5,1,0,0
BRF:2
BRH:0
end_of_record
TN:
SF:\\ckik-pdc\Diakok\2021_B\detari.viktoria\Vizsgaremek_Lilla_Viki\Backend\api\errors\UnauthorizedError.js
FN:5,(anonymous_0)
FNF:1
FNH:0
FNDA:0,(anonymous_0)
DA:1,25
DA:7,0
DA:11,25
LF:3
LH:2
BRDA:5,0,0,0
BRDA:5,1,0,0
BRF:2
BRH:0
end_of_record
TN:
SF:\\ckik-pdc\Diakok\2021_B\detari.viktoria\Vizsgaremek_Lilla_Viki\Backend\api\errors\ValidationError.js
FN:5,(anonymous_0)
FNF:1
FNH:0
FNDA:0,(anonymous_0)
DA:1,25
DA:7,0
DA:11,25
LF:3
LH:2
BRDA:5,0,0,0
BRDA:5,1,0,0
BRF:2
BRH:0
end_of_record
TN:
SF:\\ckik-pdc\Diakok\2021_B\detari.viktoria\Vizsgaremek_Lilla_Viki\Backend\api\errors\index.js
FNF:0
FNH:0
DA:1,25
LF:1
LH:1
BRF:0
BRH:0
end_of_record
TN:
SF:\\ckik-pdc\Diakok\2021_B\detari.viktoria\Vizsgaremek_Lilla_Viki\Backend\api\middlewares\auth.js
FN:3,(anonymous_0)
FN:30,(anonymous_1)
FNF:2
FNH:2
FNDA:15,(anonymous_0)
FNDA:6,(anonymous_1)
DA:1,12
DA:3,12
DA:5,15
DA:7,15
DA:8,14
DA:9,1
DA:10,0
DA:13,15
DA:14,1
DA:17,14
DA:18,14
DA:19,14
DA:20,14
DA:23,0
DA:24,0
DA:26,0
DA:30,12
DA:31,6
DA:32,0
DA:34,6
DA:37,12
LF:21
LH:16
BRDA:7,0,0,14
BRDA:7,0,1,1
BRDA:7,1,0,15
BRDA:7,1,1,14
BRDA:9,2,0,0
BRDA:9,2,1,1
BRDA:13,3,0,1
BRDA:13,3,1,14
BRDA:18,4,0,14
BRDA:18,4,1,0
BRDA:23,5,0,0
BRDA:23,5,1,0
BRDA:31,6,0,0
BRDA:31,6,1,6
BRDA:31,7,0,6
BRDA:31,7,1,6
BRF:16
BRH:11
end_of_record
TN:
SF:\\ckik-pdc\Diakok\2021_B\detari.viktoria\Vizsgaremek_Lilla_Viki\Backend\api\middlewares\errorHandler.js
FN:3,(anonymous_0)
FNF:1
FNH:0
FNDA:0,(anonymous_0)
DA:3,12
DA:4,0
DA:5,0
LF:3
LH:1
BRF:0
BRH:0
end_of_record
TN:
SF:\\ckik-pdc\Diakok\2021_B\detari.viktoria\Vizsgaremek_Lilla_Viki\Backend\api\models\Ajandek.js
FN:3,(anonymous_0)
FNF:1
FNH:1
FNDA:26,(anonymous_0)
DA:1,26
DA:3,26
DA:6,26
DA:57,26
LF:4
LH:4
BRF:0
BRH:0
end_of_record
TN:
SF:\\ckik-pdc\Diakok\2021_B\detari.viktoria\Vizsgaremek_Lilla_Viki\Backend\api\models\Alkalom.js
FN:3,(anonymous_0)
FNF:1
FNH:1
FNDA:26,(anonymous_0)
DA:1,26
DA:3,26
DA:6,26
DA:26,26
LF:4
LH:4
BRF:0
BRH:0
end_of_record
TN:
SF:\\ckik-pdc\Diakok\2021_B\detari.viktoria\Vizsgaremek_Lilla_Viki\Backend\api\models\Celcsoport.js
FN:3,(anonymous_0)
FNF:1
FNH:1
FNDA:26,(anonymous_0)
DA:1,26
DA:3,26
DA:6,26
DA:26,26
LF:4
LH:4
BRF:0
BRH:0
end_of_record
TN:
SF:\\ckik-pdc\Diakok\2021_B\detari.viktoria\Vizsgaremek_Lilla_Viki\Backend\api\models\ChatMessage.js
FN:3,(anonymous_0)
FNF:1
FNH:1
FNDA:26,(anonymous_0)
DA:1,26
DA:3,26
DA:6,26
DA:53,26
LF:4
LH:4
BRF:0
BRH:0
end_of_record
TN:
SF:\\ckik-pdc\Diakok\2021_B\detari.viktoria\Vizsgaremek_Lilla_Viki\Backend\api\models\Elozmeny.js
FN:3,(anonymous_0)
FNF:1
FNH:1
FNDA:26,(anonymous_0)
DA:1,26
DA:3,26
DA:6,26
DA:20,26
LF:4
LH:4
BRF:0
BRH:0
end_of_record
TN:
SF:\\ckik-pdc\Diakok\2021_B\detari.viktoria\Vizsgaremek_Lilla_Viki\Backend\api\models\Felhasznalo.js
FN:4,(anonymous_0)
FN:71,(anonymous_1)
FN:76,(anonymous_2)
FNF:3
FNH:3
FNDA:26,(anonymous_0)
FNDA:62,(anonymous_1)
FNDA:6,(anonymous_2)
DA:1,26
DA:2,26
DA:4,26
DA:7,26
DA:72,62
DA:73,62
DA:77,6
DA:78,1
DA:85,26
LF:9
LH:9
BRDA:72,0,0,62
BRDA:72,0,1,0
BRDA:77,1,0,1
BRDA:77,1,1,5
BRF:4
BRH:3
end_of_record
TN:
SF:\\ckik-pdc\Diakok\2021_B\detari.viktoria\Vizsgaremek_Lilla_Viki\Backend\api\models\Kedvenc.js
FN:4,(anonymous_0)
FNF:1
FNH:1
FNDA:26,(anonymous_0)
DA:2,26
DA:4,26
DA:7,26
DA:21,26
LF:4
LH:4
BRF:0
BRH:0
end_of_record
TN:
SF:\\ckik-pdc\Diakok\2021_B\detari.viktoria\Vizsgaremek_Lilla_Viki\Backend\api\models\Kupon.js
FN:3,(anonymous_0)
FNF:1
FNH:1
FNDA:26,(anonymous_0)
DA:1,26
DA:3,26
DA:6,26
DA:41,26
LF:4
LH:4
BRF:0
BRH:0
end_of_record
TN:
SF:\\ckik-pdc\Diakok\2021_B\detari.viktoria\Vizsgaremek_Lilla_Viki\Backend\api\models\Meghivo.js
FN:3,(anonymous_0)
FNF:1
FNH:1
FNDA:26,(anonymous_0)
DA:1,26
DA:3,26
DA:6,26
DA:58,26
LF:4
LH:4
BRF:0
BRH:0
end_of_record
TN:
SF:\\ckik-pdc\Diakok\2021_B\detari.viktoria\Vizsgaremek_Lilla_Viki\Backend\api\models\Notification.js
FN:3,(anonymous_0)
FNF:1
FNH:1
FNDA:26,(anonymous_0)
DA:1,26
DA:3,26
DA:6,26
DA:35,26
LF:4
LH:4
BRF:0
BRH:0
end_of_record
TN:
SF:\\ckik-pdc\Diakok\2021_B\detari.viktoria\Vizsgaremek_Lilla_Viki\Backend\api\models\Stilus.js
FN:3,(anonymous_0)
FNF:1
FNH:1
FNDA:26,(anonymous_0)
DA:1,26
DA:3,26
DA:6,26
DA:26,26
LF:4
LH:4
BRF:0
BRH:0
end_of_record
TN:
SF:\\ckik-pdc\Diakok\2021_B\detari.viktoria\Vizsgaremek_Lilla_Viki\Backend\api\models\index.js
FN:1,(anonymous_0)
FNF:1
FNH:1
FNDA:26,(anonymous_0)
DA:1,26
DA:2,26
DA:3,26
DA:4,26
DA:5,26
DA:6,26
DA:7,26
DA:8,26
DA:9,26
DA:10,26
DA:11,26
DA:12,26
DA:17,26
DA:29,26
DA:42,26
DA:48,26
DA:56,26
DA:62,26
DA:70,26
DA:74,26
DA:78,26
DA:82,26
DA:88,26
DA:89,26
DA:90,26
DA:91,26
DA:94,26
DA:95,26
DA:102,26
DA:116,26
DA:136,26
DA:164,26
DA:187,26
LF:33
LH:33
BRF:0
BRH:0
end_of_record
TN:
SF:\\ckik-pdc\Diakok\2021_B\detari.viktoria\Vizsgaremek_Lilla_Viki\Backend\api\routes\ajandekRoutes.js
FNF:0
FNH:0
DA:1,12
DA:2,12
DA:3,12
DA:4,12
DA:22,12
DA:46,12
DA:64,12
DA:88,12
DA:106,12
DA:124,12
DA:142,12
DA:160,12
DA:162,12
LF:13
LH:13
BRF:0
BRH:0
end_of_record
TN:
SF:\\ckik-pdc\Diakok\2021_B\detari.viktoria\Vizsgaremek_Lilla_Viki\Backend\api\routes\alkalomRoutes.js
FNF:0
FNH:0
DA:1,12
DA:2,12
DA:3,12
DA:15,12
DA:35,12
DA:53,12
DA:55,12
LF:7
LH:7
BRF:0
BRH:0
end_of_record
TN:
SF:\\ckik-pdc\Diakok\2021_B\detari.viktoria\Vizsgaremek_Lilla_Viki\Backend\api\routes\celcsoportRoutes.js
FNF:0
FNH:0
DA:1,12
DA:2,12
DA:3,12
DA:15,12
DA:35,12
DA:53,12
DA:55,12
LF:7
LH:7
BRF:0
BRH:0
end_of_record
TN:
SF:\\ckik-pdc\Diakok\2021_B\detari.viktoria\Vizsgaremek_Lilla_Viki\Backend\api\routes\chat.js
FNF:0
FNH:0
DA:1,12
DA:2,12
DA:4,12
DA:29,12
DA:52,12
DA:70,12
DA:88,12
DA:111,12
DA:113,12
LF:9
LH:9
BRF:0
BRH:0
end_of_record
TN:
SF:\\ckik-pdc\Diakok\2021_B\detari.viktoria\Vizsgaremek_Lilla_Viki\Backend\api\routes\elozmenyekRoutes.js
FNF:0
FNH:0
DA:1,12
DA:2,12
DA:3,12
DA:21,12
DA:48,12
DA:50,12
LF:6
LH:6
BRF:0
BRH:0
end_of_record
TN:
SF:\\ckik-pdc\Diakok\2021_B\detari.viktoria\Vizsgaremek_Lilla_Viki\Backend\api\routes\inviteRoutes.js
FNF:0
FNH:0
DA:1,12
DA:2,12
DA:3,12
DA:26,12
DA:44,12
DA:46,12
LF:6
LH:6
BRF:0
BRH:0
end_of_record
TN:
SF:\\ckik-pdc\Diakok\2021_B\detari.viktoria\Vizsgaremek_Lilla_Viki\Backend\api\routes\kategoriaRoutes.js
FNF:0
FNH:0
DA:1,12
DA:2,12
DA:3,12
DA:15,12
DA:33,12
DA:53,12
DA:79,12
DA:97,12
DA:99,12
LF:9
LH:9
BRF:0
BRH:0
end_of_record
TN:
SF:\\ckik-pdc\Diakok\2021_B\detari.viktoria\Vizsgaremek_Lilla_Viki\Backend\api\routes\kedvencekRoutes.js
FNF:0
FNH:0
DA:1,12
DA:2,12
DA:3,12
DA:21,12
DA:48,12
DA:71,12
DA:73,12
LF:7
LH:7
BRF:0
BRH:0
end_of_record
TN:
SF:\\ckik-pdc\Diakok\2021_B\detari.viktoria\Vizsgaremek_Lilla_Viki\Backend\api\routes\kuponRoutes.js
FNF:0
FNH:0
DA:1,12
DA:2,12
DA:3,12
DA:4,12
DA:22,12
DA:34,12
DA:52,12
DA:81,12
DA:99,12
DA:117,12
DA:119,12
LF:11
LH:11
BRF:0
BRH:0
end_of_record
TN:
SF:\\ckik-pdc\Diakok\2021_B\detari.viktoria\Vizsgaremek_Lilla_Viki\Backend\api\routes\notificationRoutes.js
FNF:0
FNH:0
DA:1,12
DA:2,12
DA:3,12
DA:4,12
DA:22,12
DA:40,12
DA:58,12
DA:60,12
LF:8
LH:8
BRF:0
BRH:0
end_of_record
TN:
SF:\\ckik-pdc\Diakok\2021_B\detari.viktoria\Vizsgaremek_Lilla_Viki\Backend\api\routes\stilusRoutes.js
FNF:0
FNH:0
DA:1,12
DA:2,12
DA:3,12
DA:15,12
DA:35,12
DA:53,12
DA:55,12
LF:7
LH:7
BRF:0
BRH:0
end_of_record
TN:
SF:\\ckik-pdc\Diakok\2021_B\detari.viktoria\Vizsgaremek_Lilla_Viki\Backend\api\routes\uploadRoutes.js
FNF:0
FNH:0
DA:1,12
DA:2,12
DA:3,12
DA:24,12
DA:26,12
LF:5
LH:5
BRF:0
BRH:0
end_of_record
TN:
SF:\\ckik-pdc\Diakok\2021_B\detari.viktoria\Vizsgaremek_Lilla_Viki\Backend\api\routes\userRoutes.js
FN:13,(anonymous_0)
FNF:1
FNH:1
FNDA:1,(anonymous_0)
DA:3,12
DA:4,12
DA:5,12
DA:7,12
DA:8,12
DA:10,12
DA:14,1
DA:15,1
DA:16,0
DA:18,1
DA:38,12
DA:61,12
DA:79,12
DA:105,12
DA:137,12
DA:164,12
DA:176,12
DA:196,12
DA:218,12
DA:232,12
DA:234,12
LF:21
LH:20
BRDA:15,0,0,0
BRDA:15,0,1,1
BRF:2
BRH:1
end_of_record
TN:
SF:\\ckik-pdc\Diakok\2021_B\detari.viktoria\Vizsgaremek_Lilla_Viki\Backend\api\services\ajandekService.js
FN:4,(anonymous_0)
FN:8,(anonymous_1)
FN:16,(anonymous_2)
FN:40,(anonymous_3)
FN:69,(anonymous_4)
FNF:5
FNH:5
FNDA:2,(anonymous_0)
FNDA:4,(anonymous_1)
FNDA:3,(anonymous_2)
FNDA:4,(anonymous_3)
FNDA:4,(anonymous_4)
DA:1,13
DA:5,2
DA:9,4
DA:10,4
DA:11,2
DA:13,2
DA:17,3
DA:18,3
DA:19,3
DA:20,3
DA:22,3
DA:23,1
DA:25,3
DA:26,1
DA:28,3
DA:29,1
DA:32,3
DA:33,3
DA:35,0
DA:36,0
DA:41,4
DA:42,4
DA:43,2
DA:46,2
DA:47,2
DA:48,2
DA:49,2
DA:51,2
DA:52,0
DA:54,2
DA:55,0
DA:57,2
DA:58,0
DA:61,2
DA:62,2
DA:64,0
DA:65,0
DA:70,4
DA:71,4
DA:72,2
DA:74,2
DA:75,2
DA:79,13
LF:43
LH:36
BRDA:10,0,0,2
BRDA:10,0,1,2
BRDA:22,1,0,1
BRDA:22,1,1,2
BRDA:22,2,0,3
BRDA:22,2,1,1
BRDA:25,3,0,1
BRDA:25,3,1,2
BRDA:25,4,0,3
BRDA:25,4,1,1
BRDA:28,5,0,1
BRDA:28,5,1,2
BRDA:28,6,0,3
BRDA:28,6,1,1
BRDA:42,7,0,2
BRDA:42,7,1,2
BRDA:51,8,0,0
BRDA:51,8,1,2
BRDA:54,9,0,0
BRDA:54,9,1,2
BRDA:57,10,0,0
BRDA:57,10,1,2
BRDA:71,11,0,2
BRDA:71,11,1,2
BRF:24
BRH:21
end_of_record
TN:
SF:\\ckik-pdc\Diakok\2021_B\detari.viktoria\Vizsgaremek_Lilla_Viki\Backend\api\services\alkalomService.js
FN:4,(anonymous_0)
FN:8,(anonymous_1)
FN:16,(anonymous_2)
FN:20,(anonymous_3)
FN:29,(anonymous_4)
FNF:5
FNH:5
FNDA:1,(anonymous_0)
FNDA:2,(anonymous_1)
FNDA:1,(anonymous_2)
FNDA:2,(anonymous_3)
FNDA:2,(anonymous_4)
DA:1,1
DA:5,1
DA:9,2
DA:10,2
DA:11,1
DA:13,1
DA:17,1
DA:21,2
DA:22,2
DA:23,1
DA:25,1
DA:26,1
DA:30,2
DA:31,2
DA:32,1
DA:34,1
DA:35,1
DA:39,1
LF:18
LH:18
BRDA:10,0,0,1
BRDA:10,0,1,1
BRDA:22,1,0,1
BRDA:22,1,1,1
BRDA:31,2,0,1
BRDA:31,2,1,1
BRF:6
BRH:6
end_of_record
TN:
SF:\\ckik-pdc\Diakok\2021_B\detari.viktoria\Vizsgaremek_Lilla_Viki\Backend\api\services\celcsoportService.js
FN:4,(anonymous_0)
FN:8,(anonymous_1)
FN:16,(anonymous_2)
FN:20,(anonymous_3)
FN:29,(anonymous_4)
FNF:5
FNH:5
FNDA:1,(anonymous_0)
FNDA:2,(anonymous_1)
FNDA:1,(anonymous_2)
FNDA:2,(anonymous_3)
FNDA:2,(anonymous_4)
DA:1,1
DA:5,1
DA:9,2
DA:10,2
DA:11,1
DA:13,1
DA:17,1
DA:21,2
DA:22,2
DA:23,1
DA:25,1
DA:26,1
DA:30,2
DA:31,2
DA:32,1
DA:34,1
DA:35,1
DA:39,1
LF:18
LH:18
BRDA:10,0,0,1
BRDA:10,0,1,1
BRDA:22,1,0,1
BRDA:22,1,1,1
BRDA:31,2,0,1
BRDA:31,2,1,1
BRF:6
BRH:6
end_of_record
TN:
SF:\\ckik-pdc\Diakok\2021_B\detari.viktoria\Vizsgaremek_Lilla_Viki\Backend\api\services\meghivoService.js
FN:4,(anonymous_0)
FN:8,(anonymous_1)
FN:16,(anonymous_2)
FN:20,(anonymous_3)
FN:29,(anonymous_4)
FNF:5
FNH:5
FNDA:1,(anonymous_0)
FNDA:2,(anonymous_1)
FNDA:1,(anonymous_2)
FNDA:2,(anonymous_3)
FNDA:2,(anonymous_4)
DA:1,1
DA:5,1
DA:9,2
DA:10,2
DA:11,1
DA:13,1
DA:17,1
DA:21,2
DA:22,2
DA:23,1
DA:25,1
DA:26,1
DA:30,2
DA:31,2
DA:32,1
DA:34,1
DA:35,1
DA:39,1
LF:18
LH:18
BRDA:10,0,0,1
BRDA:10,0,1,1
BRDA:22,1,0,1
BRDA:22,1,1,1
BRDA:31,2,0,1
BRDA:31,2,1,1
BRF:6
BRH:6
end_of_record
TN:
SF:\\ckik-pdc\Diakok\2021_B\detari.viktoria\Vizsgaremek_Lilla_Viki\Backend\api\services\stilusService.js
FN:4,(anonymous_0)
FN:8,(anonymous_1)
FN:16,(anonymous_2)
FN:20,(anonymous_3)
FN:29,(anonymous_4)
FNF:5
FNH:5
FNDA:1,(anonymous_0)
FNDA:2,(anonymous_1)
FNDA:1,(anonymous_2)
FNDA:2,(anonymous_3)
FNDA:2,(anonymous_4)
DA:1,1
DA:5,1
DA:9,2
DA:10,2
DA:11,1
DA:13,1
DA:17,1
DA:21,2
DA:22,2
DA:23,1
DA:25,1
DA:26,1
DA:30,2
DA:31,2
DA:32,1
DA:34,1
DA:35,1
DA:39,1
LF:18
LH:18
BRDA:10,0,0,1
BRDA:10,0,1,1
BRDA:22,1,0,1
BRDA:22,1,1,1
BRDA:31,2,0,1
BRDA:31,2,1,1
BRF:6
BRH:6
end_of_record
TN:
SF:\\ckik-pdc\Diakok\2021_B\detari.viktoria\Vizsgaremek_Lilla_Viki\Backend\api\services\userService.js
FN:5,(anonymous_0)
FN:11,(anonymous_1)
FN:21,(anonymous_2)
FN:25,(anonymous_3)
FN:34,(anonymous_4)
FNF:5
FNH:5
FNDA:1,(anonymous_0)
FNDA:2,(anonymous_1)
FNDA:1,(anonymous_2)
FNDA:2,(anonymous_3)
FNDA:2,(anonymous_4)
DA:1,1
DA:2,1
DA:6,1
DA:12,2
DA:15,2
DA:16,1
DA:18,1
DA:22,1
DA:26,2
DA:27,2
DA:28,1
DA:30,1
DA:31,1
DA:35,2
DA:36,2
DA:37,1
DA:39,1
DA:40,1
DA:44,1
LF:19
LH:19
BRDA:15,0,0,1
BRDA:15,0,1,1
BRDA:27,1,0,1
BRDA:27,1,1,1
BRDA:36,2,0,1
BRDA:36,2,1,1
BRF:6
BRH:6
end_of_record
TN:
SF:\\ckik-pdc\Diakok\2021_B\detari.viktoria\Vizsgaremek_Lilla_Viki\Backend\api\utilities\emailService.js
FN:41,(anonymous_0)
FNF:1
FNH:1
FNDA:2,(anonymous_0)
DA:1,11
DA:3,11
DA:9,11
DA:11,11
DA:15,11
DA:25,11
DA:41,11
DA:43,2
DA:45,2
DA:47,0
DA:53,2
DA:67,2
DA:69,2
DA:73,0
DA:77,0
DA:79,0
DA:83,0
DA:91,11
LF:18
LH:13
BRDA:17,0,0,11
BRDA:17,0,1,0
BRDA:19,1,0,11
BRDA:19,1,1,0
BRDA:41,2,0,2
BRDA:45,3,0,0
BRDA:45,3,1,2
BRDA:45,4,0,2
BRDA:45,4,1,2
BRDA:77,5,0,0
BRDA:77,5,1,0
BRF:11
BRH:6
end_of_record
TN:
SF:\\ckik-pdc\Diakok\2021_B\detari.viktoria\Vizsgaremek_Lilla_Viki\Backend\config\db.js
FNF:0
FNH:0
DA:1,1
DA:2,1
LF:2
LH:2
BRF:0
BRH:0
end_of_record
